2022-11-06 00:00:02 W/console: Closing input service...
2022-11-06 00:00:02 V/Bot.2645691758: Event: BotOfflineEvent.Active(bot=Bot(2645691758), cause=kotlinx.coroutines.JobCancellationException: Job was cancelled; job=SupervisorJobImpl{Cancelling}@7b15da23, reconnect=false)
2022-11-06 00:00:02 I/Bot.2645691758: Bot cancelled: Job was cancelled
2022-11-06 00:00:07 I/main: Starting mirai-console...
2022-11-06 00:00:07 I/main: 

=================================[ Mirai consosle 2.13.0-RC ]=================================
 __       __ __                   __  ______                                      __
|  \     /  \  \                 |  \/      \                                    |  \
| ▓▓\   /  ▓▓\▓▓ ______   ______  \▓▓  ▓▓▓▓▓▓\ ______  _______   _______  ______ | ▓▓ ______
| ▓▓▓\ /  ▓▓▓  \/      \ |      \|  \ ▓▓   \▓▓/      \|       \ /       \/      \| ▓▓/      \
| ▓▓▓▓\  ▓▓▓▓ ▓▓  ▓▓▓▓▓▓\ \▓▓▓▓▓▓\ ▓▓ ▓▓     |  ▓▓▓▓▓▓\ ▓▓▓▓▓▓▓\  ▓▓▓▓▓▓▓  ▓▓▓▓▓▓\ ▓▓  ▓▓▓▓▓▓\
| ▓▓\▓▓ ▓▓ ▓▓ ▓▓ ▓▓   \▓▓/      ▓▓ ▓▓ ▓▓   __| ▓▓  | ▓▓ ▓▓  | ▓▓\▓▓    \| ▓▓  | ▓▓ ▓▓ ▓▓    ▓▓
| ▓▓ \▓▓▓| ▓▓ ▓▓ ▓▓     |  ▓▓▓▓▓▓▓ ▓▓ ▓▓__/  \ ▓▓__/ ▓▓ ▓▓  | ▓▓_\▓▓▓▓▓▓\ ▓▓__/ ▓▓ ▓▓ ▓▓▓▓▓▓▓▓
| ▓▓  \▓ | ▓▓ ▓▓ ▓▓      \▓▓    ▓▓ ▓▓\▓▓    ▓▓\▓▓    ▓▓ ▓▓  | ▓▓       ▓▓\▓▓    ▓▓ ▓▓\▓▓     \
 \▓▓      \▓▓\▓▓\▓▓       \▓▓▓▓▓▓▓\▓▓ \▓▓▓▓▓▓  \▓▓▓▓▓▓ \▓▓   \▓▓\▓▓▓▓▓▓▓  \▓▓▓▓▓▓ \▓▓ \▓▓▓▓▓▓▓


2022-11-06 00:00:07 I/main: Backend: version 2.13.0-RC, built on 2022-10-02 17:37:18.
2022-11-06 00:00:07 I/main: Frontend Terminal: version 2.13.0-RC, provided by Mamoe Technologies
2022-11-06 00:00:07 I/main: Welcome to visit https://mirai.mamoe.net/
2022-11-06 00:00:08 W/stderr: SLF4J: Failed to load class "org.slf4j.impl.StaticLoggerBinder".
2022-11-06 00:00:08 W/stderr: SLF4J: Defaulting to no-operation (NOP) logger implementation
2022-11-06 00:00:08 W/stderr: SLF4J: See http://www.slf4j.org/codes.html#StaticLoggerBinder for further details.
2022-11-06 00:00:08 I/plugin: Successfully loaded plugin h1emu-boot v0.1.0
2022-11-06 00:00:09 I/main: Prepared built-in commands: autoLogin, help, login, logout, permission, status, stop
2022-11-06 00:00:09 I/main: 1 plugin(s) enabled.
2022-11-06 00:00:09 I/WindowHelperJvm: Mirai 正在使用桌面环境. 如遇到验证码将会弹出对话框. 可添加 JVM 属性 `mirai.no-desktop` 以关闭.
2022-11-06 00:00:09 I/WindowHelperJvm: Mirai is using desktop. Captcha will be thrown by window popup. You can add `mirai.no-desktop` to JVM properties (-Dmirai.no-desktop) to disable it.
2022-11-06 00:00:09 I/main: Auto-login 2645691758
2022-11-06 00:00:09 W/stderr: ERROR StatusLogger Log4j2 could not find a logging implementation. Please add log4j-core to the classpath. Using SimpleLogger to log to the console...
2022-11-06 00:00:09 I/Bot.2645691758: Loaded account secrets from local cache.
2022-11-06 00:00:10 I/Bot.2645691758: Saved account secrets to local cache for fast login.
2022-11-06 00:00:10 I/Bot.2645691758: Login successful.
2022-11-06 00:00:10 V/Bot.2645691758: Event: BotOnlineEvent(bot=Bot(2645691758))
2022-11-06 00:00:10 I/Bot.2645691758: Bot login successful.
2022-11-06 00:00:10 I/main: mirai-console started successfully.
2022-11-06 00:00:21 V/Bot.2645691758: [bot测试(634427123)] 。。。(3043115225) -> 1
2022-11-06 00:00:21 V/Bot.2645691758: [bot测试(634427123)] 。。。(3043115225) -> 1
2022-11-06 00:00:22 I/h1emu-boot: 1970-01-20 13:05:44
2022-11-06 00:00:22 I/h1emu-boot: 1970-01-20 13:05:44
2022-11-06 00:00:22 I/h1emu-boot: 1970-01-20 13:05:45
2022-11-06 00:00:22 I/h1emu-boot: 1970-01-20 13:05:45
2022-11-06 00:00:22 I/h1emu-boot: 1970-01-20 13:05:29
2022-11-06 00:00:22 I/h1emu-boot: 1970-01-20 13:05:29
2022-11-06 00:00:22 I/h1emu-boot: "{7859832=[Alva, 1659944211], 897917728=[可却安, 1659945999], 3043115225=[。。。, 1659929319]}"
2022-11-06 00:00:22 I/h1emu-boot: "{7859832=[Alva, 1659944211], 897917728=[可却安, 1659945999], 3043115225=[。。。, 1659929319]}"
2022-11-06 00:00:22 V/Bot.2645691758: Group(634427123) <- ContactList(NormalMember(7859832), NormalMember(897917728), NormalMember(3043115225))
2022-11-06 00:00:22 V/Bot.2645691758: Group(634427123) <- ContactList(NormalMember(7859832), NormalMember(897917728), NormalMember(3043115225))
2022-11-06 00:02:11 W/console: Closing input service...
2022-11-06 00:02:11 V/Bot.2645691758: Event: BotOfflineEvent.Active(bot=Bot(2645691758), cause=kotlinx.coroutines.JobCancellationException: Job was cancelled; job=SupervisorJobImpl{Cancelling}@792279b2, reconnect=false)
2022-11-06 00:02:11 I/Bot.2645691758: Bot cancelled: Job was cancelled
2022-11-06 00:02:16 I/main: Starting mirai-console...
2022-11-06 00:02:16 I/main: 

=================================[ Mirai consosle 2.13.0-RC ]=================================
 __       __ __                   __  ______                                      __
|  \     /  \  \                 |  \/      \                                    |  \
| ▓▓\   /  ▓▓\▓▓ ______   ______  \▓▓  ▓▓▓▓▓▓\ ______  _______   _______  ______ | ▓▓ ______
| ▓▓▓\ /  ▓▓▓  \/      \ |      \|  \ ▓▓   \▓▓/      \|       \ /       \/      \| ▓▓/      \
| ▓▓▓▓\  ▓▓▓▓ ▓▓  ▓▓▓▓▓▓\ \▓▓▓▓▓▓\ ▓▓ ▓▓     |  ▓▓▓▓▓▓\ ▓▓▓▓▓▓▓\  ▓▓▓▓▓▓▓  ▓▓▓▓▓▓\ ▓▓  ▓▓▓▓▓▓\
| ▓▓\▓▓ ▓▓ ▓▓ ▓▓ ▓▓   \▓▓/      ▓▓ ▓▓ ▓▓   __| ▓▓  | ▓▓ ▓▓  | ▓▓\▓▓    \| ▓▓  | ▓▓ ▓▓ ▓▓    ▓▓
| ▓▓ \▓▓▓| ▓▓ ▓▓ ▓▓     |  ▓▓▓▓▓▓▓ ▓▓ ▓▓__/  \ ▓▓__/ ▓▓ ▓▓  | ▓▓_\▓▓▓▓▓▓\ ▓▓__/ ▓▓ ▓▓ ▓▓▓▓▓▓▓▓
| ▓▓  \▓ | ▓▓ ▓▓ ▓▓      \▓▓    ▓▓ ▓▓\▓▓    ▓▓\▓▓    ▓▓ ▓▓  | ▓▓       ▓▓\▓▓    ▓▓ ▓▓\▓▓     \
 \▓▓      \▓▓\▓▓\▓▓       \▓▓▓▓▓▓▓\▓▓ \▓▓▓▓▓▓  \▓▓▓▓▓▓ \▓▓   \▓▓\▓▓▓▓▓▓▓  \▓▓▓▓▓▓ \▓▓ \▓▓▓▓▓▓▓


2022-11-06 00:02:16 I/main: Backend: version 2.13.0-RC, built on 2022-10-02 17:37:18.
2022-11-06 00:02:16 I/main: Frontend Terminal: version 2.13.0-RC, provided by Mamoe Technologies
2022-11-06 00:02:16 I/main: Welcome to visit https://mirai.mamoe.net/
2022-11-06 00:02:17 W/stderr: SLF4J: Failed to load class "org.slf4j.impl.StaticLoggerBinder".
2022-11-06 00:02:17 W/stderr: SLF4J: Defaulting to no-operation (NOP) logger implementation
2022-11-06 00:02:17 W/stderr: SLF4J: See http://www.slf4j.org/codes.html#StaticLoggerBinder for further details.
2022-11-06 00:02:17 I/plugin: Successfully loaded plugin h1emu-boot v0.1.0
2022-11-06 00:02:18 I/main: Prepared built-in commands: autoLogin, help, login, logout, permission, status, stop
2022-11-06 00:02:18 I/main: 1 plugin(s) enabled.
2022-11-06 00:02:18 I/WindowHelperJvm: Mirai 正在使用桌面环境. 如遇到验证码将会弹出对话框. 可添加 JVM 属性 `mirai.no-desktop` 以关闭.
2022-11-06 00:02:18 I/WindowHelperJvm: Mirai is using desktop. Captcha will be thrown by window popup. You can add `mirai.no-desktop` to JVM properties (-Dmirai.no-desktop) to disable it.
2022-11-06 00:02:18 I/main: Auto-login 2645691758
2022-11-06 00:02:18 W/stderr: ERROR StatusLogger Log4j2 could not find a logging implementation. Please add log4j-core to the classpath. Using SimpleLogger to log to the console...
2022-11-06 00:02:23 I/Bot.2645691758: Loaded account secrets from local cache.
2022-11-06 00:02:24 I/Bot.2645691758: Saved account secrets to local cache for fast login.
2022-11-06 00:02:24 I/Bot.2645691758: Login successful.
2022-11-06 00:02:24 V/Bot.2645691758: Event: BotOnlineEvent(bot=Bot(2645691758))
2022-11-06 00:02:24 I/Bot.2645691758: Bot login successful.
2022-11-06 00:02:24 I/main: mirai-console started successfully.
2022-11-06 00:02:33 V/Bot.2645691758: [bot测试(634427123)] 。。。(3043115225) -> 1
2022-11-06 00:02:33 I/h1emu-boot: 2022-08-08 15:36:51
2022-11-06 00:02:33 I/h1emu-boot: 2022-08-08 16:06:39
2022-11-06 00:02:33 I/h1emu-boot: 2022-08-08 11:28:39
2022-11-06 00:02:33 I/h1emu-boot: "{7859832=[Alva, 1659944211], 897917728=[可却安, 1659945999], 3043115225=[。。。, 1659929319]}"
2022-11-06 00:02:33 V/Bot.2645691758: [bot测试(634427123)] 。。。(3043115225) -> 1
2022-11-06 00:02:33 I/h1emu-boot: 2022-08-08 15:36:51
2022-11-06 00:02:33 I/h1emu-boot: 2022-08-08 16:06:39
2022-11-06 00:02:33 I/h1emu-boot: 2022-08-08 11:28:39
2022-11-06 00:02:33 I/h1emu-boot: "{7859832=[Alva, 1659944211], 897917728=[可却安, 1659945999], 3043115225=[。。。, 1659929319]}"
2022-11-06 00:02:34 V/Bot.2645691758: Group(634427123) <- ContactList(NormalMember(7859832), NormalMember(897917728), NormalMember(3043115225))
2022-11-06 00:02:34 V/Bot.2645691758: Group(634427123) <- ContactList(NormalMember(7859832), NormalMember(897917728), NormalMember(3043115225))
2022-11-06 00:03:37 W/console: Closing input service...
2022-11-06 00:03:37 V/Bot.2645691758: Event: BotOfflineEvent.Active(bot=Bot(2645691758), cause=kotlinx.coroutines.JobCancellationException: Job was cancelled; job=SupervisorJobImpl{Cancelling}@7fc93e44, reconnect=false)
2022-11-06 00:03:37 I/Bot.2645691758: Bot cancelled: Job was cancelled
2022-11-06 00:03:44 I/main: Starting mirai-console...
2022-11-06 00:03:44 I/main: 

=================================[ Mirai consosle 2.13.0-RC ]=================================
 __       __ __                   __  ______                                      __
|  \     /  \  \                 |  \/      \                                    |  \
| ▓▓\   /  ▓▓\▓▓ ______   ______  \▓▓  ▓▓▓▓▓▓\ ______  _______   _______  ______ | ▓▓ ______
| ▓▓▓\ /  ▓▓▓  \/      \ |      \|  \ ▓▓   \▓▓/      \|       \ /       \/      \| ▓▓/      \
| ▓▓▓▓\  ▓▓▓▓ ▓▓  ▓▓▓▓▓▓\ \▓▓▓▓▓▓\ ▓▓ ▓▓     |  ▓▓▓▓▓▓\ ▓▓▓▓▓▓▓\  ▓▓▓▓▓▓▓  ▓▓▓▓▓▓\ ▓▓  ▓▓▓▓▓▓\
| ▓▓\▓▓ ▓▓ ▓▓ ▓▓ ▓▓   \▓▓/      ▓▓ ▓▓ ▓▓   __| ▓▓  | ▓▓ ▓▓  | ▓▓\▓▓    \| ▓▓  | ▓▓ ▓▓ ▓▓    ▓▓
| ▓▓ \▓▓▓| ▓▓ ▓▓ ▓▓     |  ▓▓▓▓▓▓▓ ▓▓ ▓▓__/  \ ▓▓__/ ▓▓ ▓▓  | ▓▓_\▓▓▓▓▓▓\ ▓▓__/ ▓▓ ▓▓ ▓▓▓▓▓▓▓▓
| ▓▓  \▓ | ▓▓ ▓▓ ▓▓      \▓▓    ▓▓ ▓▓\▓▓    ▓▓\▓▓    ▓▓ ▓▓  | ▓▓       ▓▓\▓▓    ▓▓ ▓▓\▓▓     \
 \▓▓      \▓▓\▓▓\▓▓       \▓▓▓▓▓▓▓\▓▓ \▓▓▓▓▓▓  \▓▓▓▓▓▓ \▓▓   \▓▓\▓▓▓▓▓▓▓  \▓▓▓▓▓▓ \▓▓ \▓▓▓▓▓▓▓


2022-11-06 00:03:44 I/main: Backend: version 2.13.0-RC, built on 2022-10-02 17:37:18.
2022-11-06 00:03:44 I/main: Frontend Terminal: version 2.13.0-RC, provided by Mamoe Technologies
2022-11-06 00:03:44 I/main: Welcome to visit https://mirai.mamoe.net/
2022-11-06 00:03:44 W/stderr: SLF4J: Failed to load class "org.slf4j.impl.StaticLoggerBinder".
2022-11-06 00:03:44 W/stderr: SLF4J: Defaulting to no-operation (NOP) logger implementation
2022-11-06 00:03:44 W/stderr: SLF4J: See http://www.slf4j.org/codes.html#StaticLoggerBinder for further details.
2022-11-06 00:03:45 I/plugin: Successfully loaded plugin h1emu-boot v0.1.0
2022-11-06 00:03:45 I/main: Prepared built-in commands: autoLogin, help, login, logout, permission, status, stop
2022-11-06 00:03:45 I/main: 1 plugin(s) enabled.
2022-11-06 00:03:45 I/WindowHelperJvm: Mirai 正在使用桌面环境. 如遇到验证码将会弹出对话框. 可添加 JVM 属性 `mirai.no-desktop` 以关闭.
2022-11-06 00:03:45 I/WindowHelperJvm: Mirai is using desktop. Captcha will be thrown by window popup. You can add `mirai.no-desktop` to JVM properties (-Dmirai.no-desktop) to disable it.
2022-11-06 00:03:45 I/main: Auto-login 2645691758
2022-11-06 00:03:45 W/stderr: ERROR StatusLogger Log4j2 could not find a logging implementation. Please add log4j-core to the classpath. Using SimpleLogger to log to the console...
2022-11-06 00:03:47 I/Bot.2645691758: Loaded account secrets from local cache.
2022-11-06 00:03:47 I/Bot.2645691758: Saved account secrets to local cache for fast login.
2022-11-06 00:03:47 I/Bot.2645691758: Login successful.
2022-11-06 00:03:47 V/Bot.2645691758: Event: BotOnlineEvent(bot=Bot(2645691758))
2022-11-06 00:03:47 I/Bot.2645691758: Bot login successful.
2022-11-06 00:03:47 I/main: mirai-console started successfully.
2022-11-06 00:03:52 V/Bot.2645691758: [bot测试(634427123)] 。。。(3043115225) -> 1
2022-11-06 00:03:52 I/h1emu-boot: "{7859832=[Alva, 2022-08-08 15:36:51], 897917728=[可却安, 2022-08-08 16:06:39], 3043115225=[。。。, 2022-08-08 11:28:39]}"
2022-11-06 00:03:52 V/Bot.2645691758: Group(634427123) <- ContactList(NormalMember(7859832), NormalMember(897917728), NormalMember(3043115225))
2022-11-06 00:04:26 W/console: Closing input service...
2022-11-06 00:04:26 V/Bot.2645691758: Event: BotOfflineEvent.Active(bot=Bot(2645691758), cause=kotlinx.coroutines.JobCancellationException: Job was cancelled; job=SupervisorJobImpl{Cancelling}@25ab969f, reconnect=false)
2022-11-06 00:04:26 I/Bot.2645691758: Bot cancelled: Job was cancelled
2022-11-06 00:04:31 I/main: Starting mirai-console...
2022-11-06 00:04:31 I/main: 

=================================[ Mirai consosle 2.13.0-RC ]=================================
 __       __ __                   __  ______                                      __
|  \     /  \  \                 |  \/      \                                    |  \
| ▓▓\   /  ▓▓\▓▓ ______   ______  \▓▓  ▓▓▓▓▓▓\ ______  _______   _______  ______ | ▓▓ ______
| ▓▓▓\ /  ▓▓▓  \/      \ |      \|  \ ▓▓   \▓▓/      \|       \ /       \/      \| ▓▓/      \
| ▓▓▓▓\  ▓▓▓▓ ▓▓  ▓▓▓▓▓▓\ \▓▓▓▓▓▓\ ▓▓ ▓▓     |  ▓▓▓▓▓▓\ ▓▓▓▓▓▓▓\  ▓▓▓▓▓▓▓  ▓▓▓▓▓▓\ ▓▓  ▓▓▓▓▓▓\
| ▓▓\▓▓ ▓▓ ▓▓ ▓▓ ▓▓   \▓▓/      ▓▓ ▓▓ ▓▓   __| ▓▓  | ▓▓ ▓▓  | ▓▓\▓▓    \| ▓▓  | ▓▓ ▓▓ ▓▓    ▓▓
| ▓▓ \▓▓▓| ▓▓ ▓▓ ▓▓     |  ▓▓▓▓▓▓▓ ▓▓ ▓▓__/  \ ▓▓__/ ▓▓ ▓▓  | ▓▓_\▓▓▓▓▓▓\ ▓▓__/ ▓▓ ▓▓ ▓▓▓▓▓▓▓▓
| ▓▓  \▓ | ▓▓ ▓▓ ▓▓      \▓▓    ▓▓ ▓▓\▓▓    ▓▓\▓▓    ▓▓ ▓▓  | ▓▓       ▓▓\▓▓    ▓▓ ▓▓\▓▓     \
 \▓▓      \▓▓\▓▓\▓▓       \▓▓▓▓▓▓▓\▓▓ \▓▓▓▓▓▓  \▓▓▓▓▓▓ \▓▓   \▓▓\▓▓▓▓▓▓▓  \▓▓▓▓▓▓ \▓▓ \▓▓▓▓▓▓▓


2022-11-06 00:04:31 I/main: Backend: version 2.13.0-RC, built on 2022-10-02 17:37:18.
2022-11-06 00:04:31 I/main: Frontend Terminal: version 2.13.0-RC, provided by Mamoe Technologies
2022-11-06 00:04:31 I/main: Welcome to visit https://mirai.mamoe.net/
2022-11-06 00:04:31 W/stderr: SLF4J: Failed to load class "org.slf4j.impl.StaticLoggerBinder".
2022-11-06 00:04:31 W/stderr: SLF4J: Defaulting to no-operation (NOP) logger implementation
2022-11-06 00:04:31 W/stderr: SLF4J: See http://www.slf4j.org/codes.html#StaticLoggerBinder for further details.
2022-11-06 00:04:32 I/plugin: Successfully loaded plugin h1emu-boot v0.1.0
2022-11-06 00:04:32 I/main: Prepared built-in commands: autoLogin, help, login, logout, permission, status, stop
2022-11-06 00:04:32 I/main: 1 plugin(s) enabled.
2022-11-06 00:04:32 I/WindowHelperJvm: Mirai 正在使用桌面环境. 如遇到验证码将会弹出对话框. 可添加 JVM 属性 `mirai.no-desktop` 以关闭.
2022-11-06 00:04:32 I/WindowHelperJvm: Mirai is using desktop. Captcha will be thrown by window popup. You can add `mirai.no-desktop` to JVM properties (-Dmirai.no-desktop) to disable it.
2022-11-06 00:04:32 I/main: Auto-login 2645691758
2022-11-06 00:04:32 W/stderr: ERROR StatusLogger Log4j2 could not find a logging implementation. Please add log4j-core to the classpath. Using SimpleLogger to log to the console...
2022-11-06 00:04:33 I/Bot.2645691758: Loaded account secrets from local cache.
2022-11-06 00:04:33 I/Bot.2645691758: Saved account secrets to local cache for fast login.
2022-11-06 00:04:33 I/Bot.2645691758: Login successful.
2022-11-06 00:04:33 V/Bot.2645691758: Event: BotOnlineEvent(bot=Bot(2645691758))
2022-11-06 00:04:33 I/Bot.2645691758: Bot login successful.
2022-11-06 00:04:33 I/main: mirai-console started successfully.
2022-11-06 00:04:38 V/Bot.2645691758: [bot测试(634427123)] 。。。(3043115225) -> 1
2022-11-06 00:04:38 I/h1emu-boot: "{7859832=[Alva, 2022-08-08 15:36:51], 897917728=[可却安, 2022-08-08 16:06:39], 3043115225=[。。。, 2022-08-08 11:28:39]}"
2022-11-06 00:04:38 V/Bot.2645691758: Group(634427123) <- "{7859832=[Alva, 2022-08-08 15:36:51], 897917728=[可却安, 2022-08-08 16:06:39], 3043115225=[。。。, 2022-08-08 11:28:39]}"
2022-11-06 00:04:39 V/Bot.2645691758: Group(634427123) <- ContactList(NormalMember(7859832), NormalMember(897917728), NormalMember(3043115225))
