[0m2022-11-26 18:44:36 V/: Send: StatSvc.register(offline)[0m
[0m2022-11-26 18:44:54 V/Net 2645691758: Loading server list from cache.[0m
[0m2022-11-26 18:44:54 V/Net 2645691758: Server list: 183.47.102.62:8080, 123.151.54.38:443, 117.62.243.156:8080, 123.151.54.185:443, msfwifi.3g.qq.com:8080, 42.81.192.181:80, 180.101.246.49:8080, 183.47.99.24:80, 183.47.102.165:14000, 222.94.109.78:80.[0m
[92m2022-11-26 18:44:54 I/Net 2645691758: ECDH key is invalid, start to fetch ecdh public key from server.[0m
[31m2022-11-26 18:44:54 E/Net 2645691758: Failed to fetch ECDH public key from server, using default key instead
java.lang.NoClassDefFoundError: okhttp3/Request$Builder
	at net.mamoe.mirai.internal.deps.io.ktor.client.engine.okhttp.OkHttpEngineKt.convertToOkHttpRequest(OkHttpEngine.kt:183)
	at net.mamoe.mirai.internal.deps.io.ktor.client.engine.okhttp.OkHttpEngineKt.access$convertToOkHttpRequest(OkHttpEngine.kt:1)
	at net.mamoe.mirai.internal.deps.io.ktor.client.engine.okhttp.OkHttpEngine.execute(OkHttpEngine.kt:72)
	at net.mamoe.mirai.internal.deps.io.ktor.client.engine.HttpClientEngine$executeWithinCallContext$2.invokeSuspend(HttpClientEngine.kt:99)
	at kotlin.coroutines.jvm.internal.BaseContinuationImpl.resumeWith(ContinuationImpl.kt:33)
	at kotlinx.coroutines.DispatchedTask.run(DispatchedTask.kt:106)
	at kotlinx.coroutines.internal.LimitedDispatcher.run(LimitedDispatcher.kt:42)
	at kotlinx.coroutines.scheduling.TaskImpl.run(Tasks.kt:95)
	at kotlinx.coroutines.scheduling.CoroutineScheduler.runSafely(CoroutineScheduler.kt:570)
	at kotlinx.coroutines.scheduling.CoroutineScheduler$Worker.executeTask(CoroutineScheduler.kt:750)
	at kotlinx.coroutines.scheduling.CoroutineScheduler$Worker.runWorker(CoroutineScheduler.kt:677)
	at kotlinx.coroutines.scheduling.CoroutineScheduler$Worker.run(CoroutineScheduler.kt:664)
Caused by: java.lang.ClassNotFoundException: okhttp3.Request$Builder
	at java.base/jdk.internal.loader.BuiltinClassLoader.loadClass(BuiltinClassLoader.java:583)
	at java.base/jdk.internal.loader.ClassLoaders$AppClassLoader.loadClass(ClassLoaders.java:178)
	at java.base/java.lang.ClassLoader.loadClass(ClassLoader.java:521)
	... 12 more
[0m
[0m2022-11-26 18:44:54 V/Net 2645691758: Send: wtlogin.exchange_emp(10:fast-login)[0m
[0m2022-11-26 18:44:54 V/Net 2645691758: Recv: wtlogin.exchange_emp[0m
[0m2022-11-26 18:44:54 V/Net 2645691758: Send: StatSvc.register(online)[0m
[92m2022-11-26 18:44:54 I/Net 2645691758: Server time updated, serverTime: 1669459494, diff: 0ms=0.0s[0m
[0m2022-11-26 18:44:54 V/Net 2645691758: Recv: StatSvc.register[0m
[0m2022-11-26 18:44:54 V/Net 2645691758: Loading BdhSession from cache file[0m
[92m2022-11-26 18:44:54 I/Net 2645691758: Syncing friend message history...[0m
[92m2022-11-26 18:44:54 I/Net 2645691758: Start loading friend list...[0m
[0m2022-11-26 18:44:54 V/Net 2645691758: Send: StatSvc.GetDevLoginInfo(StatSvc.GetDevLoginInfo)[0m
[92m2022-11-26 18:44:54 I/Net 2645691758: Start loading stranger list...[0m
[0m2022-11-26 18:44:54 V/Net 2645691758: Send: OidbSvc.0x496(OidbSvc.0x496)[0m
[0m2022-11-26 18:44:54 V/Net 2645691758: Send: OidbSvc.0x5d2_0(OidbSvc.0x5d2_0)[0m
[0m2022-11-26 18:44:54 V/Net 2645691758: Send: friendlist.getFriendGroupList(friendlist.getFriendGroupList)[0m
[92m2022-11-26 18:44:54 I/Net 2645691758: Syncing friend message history: Success.[0m
[0m2022-11-26 18:44:54 V/Net 2645691758: Recv: OidbSvc.0x496[0m
[92m2022-11-26 18:44:54 I/Net 2645691758: Start loading group list...[0m
[0m2022-11-26 18:44:54 V/Net 2645691758: Recv: OidbSvc.0x5d2_0[0m
[92m2022-11-26 18:44:54 I/Net 2645691758: Successfully loaded stranger list: 0 in total[0m
[0m2022-11-26 18:44:54 V/Net 2645691758: Send: friendlist.GetTroopListReqV2(friendlist.GetTroopListReqV2)[0m
[0m2022-11-26 18:44:54 V/Net 2645691758: Recv: StatSvc.GetDevLoginInfo[0m
[92m2022-11-26 18:44:54 I/Net 2645691758: No OtherClient online.[0m
[0m2022-11-26 18:44:54 V/Net 2645691758: Recv: friendlist.getFriendGroupList[0m
[0m2022-11-26 18:44:54 V/Net 2645691758: Loading friend list: 4/4[0m
[92m2022-11-26 18:44:54 I/Net 2645691758: Successfully loaded friend list: 4 in total[0m
[92m2022-11-26 18:44:54 I/Net 2645691758: Start loading friendGroup list...[0m
[0m2022-11-26 18:44:54 V/Net 2645691758: Send: friendlist.getFriendGroupList(friendlist.getFriendGroupList)[0m
[0m2022-11-26 18:44:55 V/Net 2645691758: Recv: friendlist.GetTroopListReqV2[0m
[0m2022-11-26 18:44:55 V/Net 2645691758: Send: friendlist.GetTroopMemberListReq(friendlist.GetTroopMemberListReq)[0m
[0m2022-11-26 18:44:55 V/Net 2645691758: Recv: friendlist.getFriendGroupList[0m
[0m2022-11-26 18:44:55 V/Net 2645691758: Loading friendGroup list: 1/1[0m
[92m2022-11-26 18:44:55 I/Net 2645691758: Successfully loaded friendGroup list: 1 in total[0m
[0m2022-11-26 18:44:55 V/Net 2645691758: Recv: friendlist.GetTroopMemberListReq[0m
[92m2022-11-26 18:44:55 I/Net 2645691758: Successfully loaded group list: 1 in total.[0m
[92m2022-11-26 18:44:55 I/Net 2645691758: Scheduled refresh login session in 19d 23h 55min 0.0s.[0m
[92m2022-11-26 18:44:55 I/Net 2645691758: Scheduled key refresh in 23h 55min 0.0s.[0m
[0m2022-11-26 18:44:57 V/Net 2645691758: Server list: 119.147.190.142:80, 58.212.179.125:80, 222.94.109.123:8080, 42.81.194.79:443, 183.47.102.254:8080, msfwifi.3g.qq.com:8080, 117.62.243.225:8080, 42.81.192.153:443, 42.81.179.212:80, 183.47.102.218:14000.[0m
[0m2022-11-26 18:44:57 V/Net 2645691758: Saving bdh session to cache[0m
[0m2022-11-26 18:44:57 V/Net 2645691758: Saving server list to cache[0m
[0m2022-11-26 18:44:57 V/Net 2645691758: Send: ConfigPushSvc.PushResp(ConfigPushSvc.PushResp)[0m
[0m2022-11-26 18:44:57 V/Net 2645691758: Recv: ConfigPushSvc.PushReq[0m
[0m2022-11-26 18:44:58 V/Net 2645691758: Saving bdh session to cache[0m
[0m2022-11-26 18:44:58 V/Net 2645691758: Send: ConfigPushSvc.PushResp(ConfigPushSvc.PushResp)[0m
[0m2022-11-26 18:44:58 V/Net 2645691758: Recv: ConfigPushSvc.PushReq[0m
[0m2022-11-26 18:45:16 V/Net 2645691758: Loading server list from cache.[0m
[0m2022-11-26 18:45:16 V/Net 2645691758: Server list: 119.147.190.142:80, 58.212.179.125:80, 222.94.109.123:8080, 42.81.194.79:443, 183.47.102.254:8080, msfwifi.3g.qq.com:8080, 117.62.243.225:8080, 42.81.192.153:443, 42.81.179.212:80, 183.47.102.218:14000.[0m
[92m2022-11-26 18:45:16 I/Net 2645691758: ECDH key is invalid, start to fetch ecdh public key from server.[0m
[31m2022-11-26 18:45:16 E/Net 2645691758: Failed to fetch ECDH public key from server, using default key instead
java.lang.NoClassDefFoundError: okhttp3/Request$Builder
	at net.mamoe.mirai.internal.deps.io.ktor.client.engine.okhttp.OkHttpEngineKt.convertToOkHttpRequest(OkHttpEngine.kt:183)
	at net.mamoe.mirai.internal.deps.io.ktor.client.engine.okhttp.OkHttpEngineKt.access$convertToOkHttpRequest(OkHttpEngine.kt:1)
	at net.mamoe.mirai.internal.deps.io.ktor.client.engine.okhttp.OkHttpEngine.execute(OkHttpEngine.kt:72)
	at net.mamoe.mirai.internal.deps.io.ktor.client.engine.HttpClientEngine$executeWithinCallContext$2.invokeSuspend(HttpClientEngine.kt:99)
	at kotlin.coroutines.jvm.internal.BaseContinuationImpl.resumeWith(ContinuationImpl.kt:33)
	at kotlinx.coroutines.DispatchedTask.run(DispatchedTask.kt:106)
	at kotlinx.coroutines.internal.LimitedDispatcher.run(LimitedDispatcher.kt:42)
	at kotlinx.coroutines.scheduling.TaskImpl.run(Tasks.kt:95)
	at kotlinx.coroutines.scheduling.CoroutineScheduler.runSafely(CoroutineScheduler.kt:570)
	at kotlinx.coroutines.scheduling.CoroutineScheduler$Worker.executeTask(CoroutineScheduler.kt:750)
	at kotlinx.coroutines.scheduling.CoroutineScheduler$Worker.runWorker(CoroutineScheduler.kt:677)
	at kotlinx.coroutines.scheduling.CoroutineScheduler$Worker.run(CoroutineScheduler.kt:664)
[0m
[0m2022-11-26 18:45:16 V/Net 2645691758: Send: wtlogin.exchange_emp(10:fast-login)[0m
[0m2022-11-26 18:45:16 V/Net 2645691758: Recv: wtlogin.exchange_emp[0m
[0m2022-11-26 18:45:16 V/Net 2645691758: Send: StatSvc.register(online)[0m
[92m2022-11-26 18:45:16 I/Net 2645691758: Server time updated, serverTime: 1669459516, diff: 0ms=0.0s[0m
[0m2022-11-26 18:45:16 V/Net 2645691758: Recv: StatSvc.register[0m
[0m2022-11-26 18:45:16 V/Net 2645691758: Loading BdhSession from cache file[0m
[92m2022-11-26 18:45:16 I/Net 2645691758: Syncing friend message history...[0m
[92m2022-11-26 18:45:16 I/Net 2645691758: Start loading friend list...[0m
[0m2022-11-26 18:45:16 V/Net 2645691758: Send: OidbSvc.0x496(OidbSvc.0x496)[0m
[92m2022-11-26 18:45:16 I/Net 2645691758: Start loading stranger list...[0m
[0m2022-11-26 18:45:16 V/Net 2645691758: Send: StatSvc.GetDevLoginInfo(StatSvc.GetDevLoginInfo)[0m
[0m2022-11-26 18:45:16 V/Net 2645691758: Send: OidbSvc.0x5d2_0(OidbSvc.0x5d2_0)[0m
[0m2022-11-26 18:45:16 V/Net 2645691758: Send: friendlist.getFriendGroupList(friendlist.getFriendGroupList)[0m
[92m2022-11-26 18:45:16 I/Net 2645691758: Start loading group list...[0m
[0m2022-11-26 18:45:16 V/Net 2645691758: Recv: OidbSvc.0x496[0m
[0m2022-11-26 18:45:16 V/Net 2645691758: Send: friendlist.GetTroopListReqV2(friendlist.GetTroopListReqV2)[0m
[0m2022-11-26 18:45:16 V/Net 2645691758: Recv: OidbSvc.0x5d2_0[0m
[92m2022-11-26 18:45:16 I/Net 2645691758: Successfully loaded stranger list: 0 in total[0m
[92m2022-11-26 18:45:16 I/Net 2645691758: Syncing friend message history: Success.[0m
[0m2022-11-26 18:45:16 V/Net 2645691758: Recv: StatSvc.GetDevLoginInfo[0m
[92m2022-11-26 18:45:16 I/Net 2645691758: No OtherClient online.[0m
[0m2022-11-26 18:45:16 V/Net 2645691758: Recv: friendlist.getFriendGroupList[0m
[0m2022-11-26 18:45:16 V/Net 2645691758: Loading friend list: 4/4[0m
[92m2022-11-26 18:45:16 I/Net 2645691758: Successfully loaded friend list: 4 in total[0m
[92m2022-11-26 18:45:16 I/Net 2645691758: Start loading friendGroup list...[0m
[0m2022-11-26 18:45:16 V/Net 2645691758: Send: friendlist.getFriendGroupList(friendlist.getFriendGroupList)[0m
[0m2022-11-26 18:45:16 V/Net 2645691758: Recv: friendlist.GetTroopListReqV2[0m
[0m2022-11-26 18:45:16 V/Net 2645691758: Send: friendlist.GetTroopMemberListReq(friendlist.GetTroopMemberListReq)[0m
[0m2022-11-26 18:45:16 V/Net 2645691758: Recv: friendlist.getFriendGroupList[0m
[0m2022-11-26 18:45:16 V/Net 2645691758: Loading friendGroup list: 1/1[0m
[92m2022-11-26 18:45:16 I/Net 2645691758: Successfully loaded friendGroup list: 1 in total[0m
[0m2022-11-26 18:45:16 V/Net 2645691758: Recv: friendlist.GetTroopMemberListReq[0m
[92m2022-11-26 18:45:16 I/Net 2645691758: Successfully loaded group list: 1 in total.[0m
[92m2022-11-26 18:45:16 I/Net 2645691758: Scheduled refresh login session in 19d 23h 55min 0.0s.[0m
[92m2022-11-26 18:45:16 I/Net 2645691758: Scheduled key refresh in 23h 55min 0.0s.[0m
[0m2022-11-26 18:45:19 V/Net 2645691758: Saving bdh session to cache[0m
[0m2022-11-26 18:45:19 V/Net 2645691758: Send: ConfigPushSvc.PushResp(ConfigPushSvc.PushResp)[0m
[0m2022-11-26 18:45:19 V/Net 2645691758: Recv: ConfigPushSvc.PushReq[0m
[91m2022-11-26 18:45:21 W/Net 2645691758: Exception in resumeConnection.
NettyChannelException(message=null, cause=null)
	at net.mamoe.mirai.internal.network.impl.netty.NettyNetworkHandler.createConnection$lambda-3(NettyNetworkHandler.kt:127)
	at io.netty.util.concurrent.DefaultPromise.notifyListener0(DefaultPromise.java:578)
	at io.netty.util.concurrent.DefaultPromise.notifyListenersNow(DefaultPromise.java:552)
	at io.netty.util.concurrent.DefaultPromise.notifyListeners(DefaultPromise.java:491)
	at io.netty.util.concurrent.DefaultPromise.setValue0(DefaultPromise.java:616)
	at io.netty.util.concurrent.DefaultPromise.setSuccess0(DefaultPromise.java:605)
	at io.netty.util.concurrent.DefaultPromise.trySuccess(DefaultPromise.java:104)
	at io.netty.channel.DefaultChannelPromise.trySuccess(DefaultChannelPromise.java:84)
	at io.netty.channel.AbstractChannel$CloseFuture.setClosed(AbstractChannel.java:1186)
	at io.netty.channel.AbstractChannel$AbstractUnsafe.doClose0(AbstractChannel.java:773)
	at io.netty.channel.AbstractChannel$AbstractUnsafe.close(AbstractChannel.java:749)
	at io.netty.channel.AbstractChannel$AbstractUnsafe.close(AbstractChannel.java:620)
	at io.netty.channel.nio.AbstractNioByteChannel$NioByteUnsafe.closeOnRead(AbstractNioByteChannel.java:105)
	at io.netty.channel.nio.AbstractNioByteChannel$NioByteUnsafe.read(AbstractNioByteChannel.java:174)
	at io.netty.channel.nio.NioEventLoop.processSelectedKey(NioEventLoop.java:719)
	at io.netty.channel.nio.NioEventLoop.processSelectedKeysOptimized(NioEventLoop.java:655)
	at io.netty.channel.nio.NioEventLoop.processSelectedKeys(NioEventLoop.java:581)
	at io.netty.channel.nio.NioEventLoop.run(NioEventLoop.java:493)
	at io.netty.util.concurrent.SingleThreadEventExecutor$4.run(SingleThreadEventExecutor.java:989)
	at io.netty.util.internal.ThreadExecutorMap$2.run(ThreadExecutorMap.java:74)
	at io.netty.util.concurrent.FastThreadLocalRunnable.run(FastThreadLocalRunnable.java:30)
	at java.base/java.lang.Thread.run(Thread.java:834)
[0m
[91m2022-11-26 18:45:21 W/Net 2645691758: Exception in resumeConnection.
NettyChannelException(message=null, cause=null)
	at net.mamoe.mirai.internal.network.impl.netty.NettyNetworkHandler.createConnection$lambda-3(NettyNetworkHandler.kt:127)
	at io.netty.util.concurrent.DefaultPromise.notifyListener0(DefaultPromise.java:578)
	at io.netty.util.concurrent.DefaultPromise.notifyListenersNow(DefaultPromise.java:552)
	at io.netty.util.concurrent.DefaultPromise.notifyListeners(DefaultPromise.java:491)
	at io.netty.util.concurrent.DefaultPromise.setValue0(DefaultPromise.java:616)
	at io.netty.util.concurrent.DefaultPromise.setSuccess0(DefaultPromise.java:605)
	at io.netty.util.concurrent.DefaultPromise.trySuccess(DefaultPromise.java:104)
	at io.netty.channel.DefaultChannelPromise.trySuccess(DefaultChannelPromise.java:84)
	at io.netty.channel.AbstractChannel$CloseFuture.setClosed(AbstractChannel.java:1186)
	at io.netty.channel.AbstractChannel$AbstractUnsafe.doClose0(AbstractChannel.java:773)
	at io.netty.channel.AbstractChannel$AbstractUnsafe.close(AbstractChannel.java:749)
	at io.netty.channel.AbstractChannel$AbstractUnsafe.close(AbstractChannel.java:620)
	at io.netty.channel.nio.AbstractNioByteChannel$NioByteUnsafe.closeOnRead(AbstractNioByteChannel.java:105)
	at io.netty.channel.nio.AbstractNioByteChannel$NioByteUnsafe.read(AbstractNioByteChannel.java:174)
	at io.netty.channel.nio.NioEventLoop.processSelectedKey(NioEventLoop.java:719)
	at io.netty.channel.nio.NioEventLoop.processSelectedKeysOptimized(NioEventLoop.java:655)
	at io.netty.channel.nio.NioEventLoop.processSelectedKeys(NioEventLoop.java:581)
	at io.netty.channel.nio.NioEventLoop.run(NioEventLoop.java:493)
	at io.netty.util.concurrent.SingleThreadEventExecutor$4.run(SingleThreadEventExecutor.java:989)
	at io.netty.util.internal.ThreadExecutorMap$2.run(ThreadExecutorMap.java:74)
	at io.netty.util.concurrent.FastThreadLocalRunnable.run(FastThreadLocalRunnable.java:30)
	at java.base/java.lang.Thread.run(Thread.java:834)
[0m
[0m2022-11-26 18:45:22 V/Net 2645691758: Loading server list from cache.[0m
[0m2022-11-26 18:45:22 V/Net 2645691758: Server list: 119.147.190.142:80, 58.212.179.125:80, 222.94.109.123:8080, 42.81.194.79:443, 183.47.102.254:8080, msfwifi.3g.qq.com:8080, 117.62.243.225:8080, 42.81.192.153:443, 42.81.179.212:80, 183.47.102.218:14000.[0m
[92m2022-11-26 18:45:22 I/Net 2645691758: ECDH key is invalid, start to fetch ecdh public key from server.[0m
[31m2022-11-26 18:45:22 E/Net 2645691758: Failed to fetch ECDH public key from server, using default key instead
java.lang.NoClassDefFoundError: okhttp3/Request$Builder
	at net.mamoe.mirai.internal.deps.io.ktor.client.engine.okhttp.OkHttpEngineKt.convertToOkHttpRequest(OkHttpEngine.kt:183)
	at net.mamoe.mirai.internal.deps.io.ktor.client.engine.okhttp.OkHttpEngineKt.access$convertToOkHttpRequest(OkHttpEngine.kt:1)
	at net.mamoe.mirai.internal.deps.io.ktor.client.engine.okhttp.OkHttpEngine.execute(OkHttpEngine.kt:72)
	at net.mamoe.mirai.internal.deps.io.ktor.client.engine.HttpClientEngine$executeWithinCallContext$2.invokeSuspend(HttpClientEngine.kt:99)
	at kotlin.coroutines.jvm.internal.BaseContinuationImpl.resumeWith(ContinuationImpl.kt:33)
	at kotlinx.coroutines.DispatchedTask.run(DispatchedTask.kt:106)
	at kotlinx.coroutines.internal.LimitedDispatcher.run(LimitedDispatcher.kt:42)
	at kotlinx.coroutines.scheduling.TaskImpl.run(Tasks.kt:95)
	at kotlinx.coroutines.scheduling.CoroutineScheduler.runSafely(CoroutineScheduler.kt:570)
	at kotlinx.coroutines.scheduling.CoroutineScheduler$Worker.executeTask(CoroutineScheduler.kt:750)
	at kotlinx.coroutines.scheduling.CoroutineScheduler$Worker.runWorker(CoroutineScheduler.kt:677)
	at kotlinx.coroutines.scheduling.CoroutineScheduler$Worker.run(CoroutineScheduler.kt:664)
[0m
[0m2022-11-26 18:45:22 V/Net 2645691758: Send: wtlogin.exchange_emp(10:fast-login)[0m
[0m2022-11-26 18:45:22 V/Net 2645691758: Recv: wtlogin.exchange_emp[0m
[0m2022-11-26 18:45:22 V/Net 2645691758: Send: StatSvc.register(online)[0m
[92m2022-11-26 18:45:22 I/Net 2645691758: Server time updated, serverTime: 1669459522, diff: 0ms=0.0s[0m
[0m2022-11-26 18:45:22 V/Net 2645691758: Recv: StatSvc.register[0m
[92m2022-11-26 18:45:22 I/Net 2645691758: Scheduled refresh login session in 19d 23h 55min 0.0s.[0m
[92m2022-11-26 18:45:22 I/Net 2645691758: Scheduled key refresh in 23h 55min 0.0s.[0m
[0m2022-11-26 18:45:25 V/Net 2645691758: Saving bdh session to cache[0m
[0m2022-11-26 18:45:25 V/Net 2645691758: Send: ConfigPushSvc.PushResp(ConfigPushSvc.PushResp)[0m
[0m2022-11-26 18:45:25 V/Net 2645691758: Recv: ConfigPushSvc.PushReq[0m
[91m2022-11-26 18:45:27 W/Net 2645691758: Exception in resumeConnection.
NettyChannelException(message=null, cause=null)
	at net.mamoe.mirai.internal.network.impl.netty.NettyNetworkHandler.createConnection$lambda-3(NettyNetworkHandler.kt:127)
	at io.netty.util.concurrent.DefaultPromise.notifyListener0(DefaultPromise.java:578)
	at io.netty.util.concurrent.DefaultPromise.notifyListenersNow(DefaultPromise.java:552)
	at io.netty.util.concurrent.DefaultPromise.notifyListeners(DefaultPromise.java:491)
	at io.netty.util.concurrent.DefaultPromise.setValue0(DefaultPromise.java:616)
	at io.netty.util.concurrent.DefaultPromise.setSuccess0(DefaultPromise.java:605)
	at io.netty.util.concurrent.DefaultPromise.trySuccess(DefaultPromise.java:104)
	at io.netty.channel.DefaultChannelPromise.trySuccess(DefaultChannelPromise.java:84)
	at io.netty.channel.AbstractChannel$CloseFuture.setClosed(AbstractChannel.java:1186)
	at io.netty.channel.AbstractChannel$AbstractUnsafe.doClose0(AbstractChannel.java:773)
	at io.netty.channel.AbstractChannel$AbstractUnsafe.close(AbstractChannel.java:749)
	at io.netty.channel.AbstractChannel$AbstractUnsafe.close(AbstractChannel.java:620)
	at io.netty.channel.nio.AbstractNioByteChannel$NioByteUnsafe.closeOnRead(AbstractNioByteChannel.java:105)
	at io.netty.channel.nio.AbstractNioByteChannel$NioByteUnsafe.read(AbstractNioByteChannel.java:174)
	at io.netty.channel.nio.NioEventLoop.processSelectedKey(NioEventLoop.java:719)
	at io.netty.channel.nio.NioEventLoop.processSelectedKeysOptimized(NioEventLoop.java:655)
	at io.netty.channel.nio.NioEventLoop.processSelectedKeys(NioEventLoop.java:581)
	at io.netty.channel.nio.NioEventLoop.run(NioEventLoop.java:493)
	at io.netty.util.concurrent.SingleThreadEventExecutor$4.run(SingleThreadEventExecutor.java:989)
	at io.netty.util.internal.ThreadExecutorMap$2.run(ThreadExecutorMap.java:74)
	at io.netty.util.concurrent.FastThreadLocalRunnable.run(FastThreadLocalRunnable.java:30)
	at java.base/java.lang.Thread.run(Thread.java:834)
[0m
[0m2022-11-26 18:45:28 V/Net 2645691758: Loading server list from cache.[0m
[0m2022-11-26 18:45:28 V/Net 2645691758: Server list: 119.147.190.142:80, 58.212.179.125:80, 222.94.109.123:8080, 42.81.194.79:443, 183.47.102.254:8080, msfwifi.3g.qq.com:8080, 117.62.243.225:8080, 42.81.192.153:443, 42.81.179.212:80, 183.47.102.218:14000.[0m
[92m2022-11-26 18:45:28 I/Net 2645691758: ECDH key is invalid, start to fetch ecdh public key from server.[0m
[31m2022-11-26 18:45:28 E/Net 2645691758: Failed to fetch ECDH public key from server, using default key instead
java.lang.NoClassDefFoundError: okhttp3/Request$Builder
	at net.mamoe.mirai.internal.deps.io.ktor.client.engine.okhttp.OkHttpEngineKt.convertToOkHttpRequest(OkHttpEngine.kt:183)
	at net.mamoe.mirai.internal.deps.io.ktor.client.engine.okhttp.OkHttpEngineKt.access$convertToOkHttpRequest(OkHttpEngine.kt:1)
	at net.mamoe.mirai.internal.deps.io.ktor.client.engine.okhttp.OkHttpEngine.execute(OkHttpEngine.kt:72)
	at net.mamoe.mirai.internal.deps.io.ktor.client.engine.HttpClientEngine$executeWithinCallContext$2.invokeSuspend(HttpClientEngine.kt:99)
	at kotlin.coroutines.jvm.internal.BaseContinuationImpl.resumeWith(ContinuationImpl.kt:33)
	at kotlinx.coroutines.DispatchedTask.run(DispatchedTask.kt:106)
	at kotlinx.coroutines.internal.LimitedDispatcher.run(LimitedDispatcher.kt:42)
	at kotlinx.coroutines.scheduling.TaskImpl.run(Tasks.kt:95)
	at kotlinx.coroutines.scheduling.CoroutineScheduler.runSafely(CoroutineScheduler.kt:570)
	at kotlinx.coroutines.scheduling.CoroutineScheduler$Worker.executeTask(CoroutineScheduler.kt:750)
	at kotlinx.coroutines.scheduling.CoroutineScheduler$Worker.runWorker(CoroutineScheduler.kt:677)
	at kotlinx.coroutines.scheduling.CoroutineScheduler$Worker.run(CoroutineScheduler.kt:664)
[0m
[0m2022-11-26 18:45:28 V/Net 2645691758: Send: wtlogin.exchange_emp(10:fast-login)[0m
[0m2022-11-26 18:45:28 V/Net 2645691758: Recv: wtlogin.exchange_emp[0m
[0m2022-11-26 18:45:28 V/Net 2645691758: Send: StatSvc.register(online)[0m
[92m2022-11-26 18:45:28 I/Net 2645691758: Server time updated, serverTime: 1669459528, diff: 0ms=0.0s[0m
[0m2022-11-26 18:45:28 V/Net 2645691758: Recv: StatSvc.register[0m
[92m2022-11-26 18:45:28 I/Net 2645691758: Scheduled key refresh in 23h 55min 0.0s.[0m
[92m2022-11-26 18:45:28 I/Net 2645691758: Scheduled refresh login session in 19d 23h 55min 0.0s.[0m
[0m2022-11-26 18:45:31 V/Net 2645691758: Saving bdh session to cache[0m
[0m2022-11-26 18:45:31 V/Net 2645691758: Send: ConfigPushSvc.PushResp(ConfigPushSvc.PushResp)[0m
[0m2022-11-26 18:45:31 V/Net 2645691758: Recv: ConfigPushSvc.PushReq[0m
[91m2022-11-26 18:45:33 W/Net 2645691758: Exception in resumeConnection.
NettyChannelException(message=null, cause=null)
	at net.mamoe.mirai.internal.network.impl.netty.NettyNetworkHandler.createConnection$lambda-3(NettyNetworkHandler.kt:127)
	at io.netty.util.concurrent.DefaultPromise.notifyListener0(DefaultPromise.java:578)
	at io.netty.util.concurrent.DefaultPromise.notifyListenersNow(DefaultPromise.java:552)
	at io.netty.util.concurrent.DefaultPromise.notifyListeners(DefaultPromise.java:491)
	at io.netty.util.concurrent.DefaultPromise.setValue0(DefaultPromise.java:616)
	at io.netty.util.concurrent.DefaultPromise.setSuccess0(DefaultPromise.java:605)
	at io.netty.util.concurrent.DefaultPromise.trySuccess(DefaultPromise.java:104)
	at io.netty.channel.DefaultChannelPromise.trySuccess(DefaultChannelPromise.java:84)
	at io.netty.channel.AbstractChannel$CloseFuture.setClosed(AbstractChannel.java:1186)
	at io.netty.channel.AbstractChannel$AbstractUnsafe.doClose0(AbstractChannel.java:773)
	at io.netty.channel.AbstractChannel$AbstractUnsafe.close(AbstractChannel.java:749)
	at io.netty.channel.AbstractChannel$AbstractUnsafe.close(AbstractChannel.java:620)
	at io.netty.channel.nio.AbstractNioByteChannel$NioByteUnsafe.closeOnRead(AbstractNioByteChannel.java:105)
	at io.netty.channel.nio.AbstractNioByteChannel$NioByteUnsafe.read(AbstractNioByteChannel.java:174)
	at io.netty.channel.nio.NioEventLoop.processSelectedKey(NioEventLoop.java:719)
	at io.netty.channel.nio.NioEventLoop.processSelectedKeysOptimized(NioEventLoop.java:655)
	at io.netty.channel.nio.NioEventLoop.processSelectedKeys(NioEventLoop.java:581)
	at io.netty.channel.nio.NioEventLoop.run(NioEventLoop.java:493)
	at io.netty.util.concurrent.SingleThreadEventExecutor$4.run(SingleThreadEventExecutor.java:989)
	at io.netty.util.internal.ThreadExecutorMap$2.run(ThreadExecutorMap.java:74)
	at io.netty.util.concurrent.FastThreadLocalRunnable.run(FastThreadLocalRunnable.java:30)
	at java.base/java.lang.Thread.run(Thread.java:834)
[0m
[91m2022-11-26 18:45:33 W/Net 2645691758: Exception in resumeConnection.
NettyChannelException(message=null, cause=null)
	at net.mamoe.mirai.internal.network.impl.netty.NettyNetworkHandler.createConnection$lambda-3(NettyNetworkHandler.kt:127)
	at io.netty.util.concurrent.DefaultPromise.notifyListener0(DefaultPromise.java:578)
	at io.netty.util.concurrent.DefaultPromise.notifyListenersNow(DefaultPromise.java:552)
	at io.netty.util.concurrent.DefaultPromise.notifyListeners(DefaultPromise.java:491)
	at io.netty.util.concurrent.DefaultPromise.setValue0(DefaultPromise.java:616)
	at io.netty.util.concurrent.DefaultPromise.setSuccess0(DefaultPromise.java:605)
	at io.netty.util.concurrent.DefaultPromise.trySuccess(DefaultPromise.java:104)
	at io.netty.channel.DefaultChannelPromise.trySuccess(DefaultChannelPromise.java:84)
	at io.netty.channel.AbstractChannel$CloseFuture.setClosed(AbstractChannel.java:1186)
	at io.netty.channel.AbstractChannel$AbstractUnsafe.doClose0(AbstractChannel.java:773)
	at io.netty.channel.AbstractChannel$AbstractUnsafe.close(AbstractChannel.java:749)
	at io.netty.channel.AbstractChannel$AbstractUnsafe.close(AbstractChannel.java:620)
	at io.netty.channel.nio.AbstractNioByteChannel$NioByteUnsafe.closeOnRead(AbstractNioByteChannel.java:105)
	at io.netty.channel.nio.AbstractNioByteChannel$NioByteUnsafe.read(AbstractNioByteChannel.java:174)
	at io.netty.channel.nio.NioEventLoop.processSelectedKey(NioEventLoop.java:719)
	at io.netty.channel.nio.NioEventLoop.processSelectedKeysOptimized(NioEventLoop.java:655)
	at io.netty.channel.nio.NioEventLoop.processSelectedKeys(NioEventLoop.java:581)
	at io.netty.channel.nio.NioEventLoop.run(NioEventLoop.java:493)
	at io.netty.util.concurrent.SingleThreadEventExecutor$4.run(SingleThreadEventExecutor.java:989)
	at io.netty.util.internal.ThreadExecutorMap$2.run(ThreadExecutorMap.java:74)
	at io.netty.util.concurrent.FastThreadLocalRunnable.run(FastThreadLocalRunnable.java:30)
	at java.base/java.lang.Thread.run(Thread.java:834)
[0m
[0m2022-11-26 18:45:34 V/Net 2645691758: Loading server list from cache.[0m
[0m2022-11-26 18:45:34 V/Net 2645691758: Server list: 119.147.190.142:80, 58.212.179.125:80, 222.94.109.123:8080, 42.81.194.79:443, 183.47.102.254:8080, msfwifi.3g.qq.com:8080, 117.62.243.225:8080, 42.81.192.153:443, 42.81.179.212:80, 183.47.102.218:14000.[0m
[92m2022-11-26 18:45:34 I/Net 2645691758: ECDH key is invalid, start to fetch ecdh public key from server.[0m
[31m2022-11-26 18:45:34 E/Net 2645691758: Failed to fetch ECDH public key from server, using default key instead
java.lang.NoClassDefFoundError: okhttp3/Request$Builder
	at net.mamoe.mirai.internal.deps.io.ktor.client.engine.okhttp.OkHttpEngineKt.convertToOkHttpRequest(OkHttpEngine.kt:183)
	at net.mamoe.mirai.internal.deps.io.ktor.client.engine.okhttp.OkHttpEngineKt.access$convertToOkHttpRequest(OkHttpEngine.kt:1)
	at net.mamoe.mirai.internal.deps.io.ktor.client.engine.okhttp.OkHttpEngine.execute(OkHttpEngine.kt:72)
	at net.mamoe.mirai.internal.deps.io.ktor.client.engine.HttpClientEngine$executeWithinCallContext$2.invokeSuspend(HttpClientEngine.kt:99)
	at kotlin.coroutines.jvm.internal.BaseContinuationImpl.resumeWith(ContinuationImpl.kt:33)
	at kotlinx.coroutines.DispatchedTask.run(DispatchedTask.kt:106)
	at kotlinx.coroutines.internal.LimitedDispatcher.run(LimitedDispatcher.kt:42)
	at kotlinx.coroutines.scheduling.TaskImpl.run(Tasks.kt:95)
	at kotlinx.coroutines.scheduling.CoroutineScheduler.runSafely(CoroutineScheduler.kt:570)
	at kotlinx.coroutines.scheduling.CoroutineScheduler$Worker.executeTask(CoroutineScheduler.kt:750)
	at kotlinx.coroutines.scheduling.CoroutineScheduler$Worker.runWorker(CoroutineScheduler.kt:677)
	at kotlinx.coroutines.scheduling.CoroutineScheduler$Worker.run(CoroutineScheduler.kt:664)
[0m
[0m2022-11-26 18:45:34 V/Net 2645691758: Send: wtlogin.exchange_emp(10:fast-login)[0m
[0m2022-11-26 18:45:34 V/Net 2645691758: Recv: wtlogin.exchange_emp[0m
[0m2022-11-26 18:45:34 V/Net 2645691758: Send: StatSvc.register(online)[0m
[92m2022-11-26 18:45:34 I/Net 2645691758: Server time updated, serverTime: 1669459534, diff: 0ms=0.0s[0m
[0m2022-11-26 18:45:34 V/Net 2645691758: Recv: StatSvc.register[0m
[92m2022-11-26 18:45:34 I/Net 2645691758: Scheduled refresh login session in 19d 23h 55min 0.0s.[0m
[92m2022-11-26 18:45:34 I/Net 2645691758: Scheduled key refresh in 23h 55min 0.0s.[0m
[0m2022-11-26 18:45:37 V/Net 2645691758: Saving bdh session to cache[0m
[0m2022-11-26 18:45:37 V/Net 2645691758: Send: ConfigPushSvc.PushResp(ConfigPushSvc.PushResp)[0m
[0m2022-11-26 18:45:37 V/Net 2645691758: Recv: ConfigPushSvc.PushReq[0m
[0m2022-11-26 18:46:41 V/Net 2645691758: Send: StatSvc.register(offline)[0m
[0m2022-11-26 18:46:48 V/Net 2645691758: Loading server list from cache.[0m
[0m2022-11-26 18:46:48 V/Net 2645691758: Server list: 119.147.190.142:80, 58.212.179.125:80, 222.94.109.123:8080, 42.81.194.79:443, 183.47.102.254:8080, msfwifi.3g.qq.com:8080, 117.62.243.225:8080, 42.81.192.153:443, 42.81.179.212:80, 183.47.102.218:14000.[0m
[92m2022-11-26 18:46:48 I/Net 2645691758: ECDH key is invalid, start to fetch ecdh public key from server.[0m
[31m2022-11-26 18:46:48 E/Net 2645691758: Failed to fetch ECDH public key from server, using default key instead
java.lang.NoClassDefFoundError: okhttp3/Request$Builder
	at net.mamoe.mirai.internal.deps.io.ktor.client.engine.okhttp.OkHttpEngineKt.convertToOkHttpRequest(OkHttpEngine.kt:183)
	at net.mamoe.mirai.internal.deps.io.ktor.client.engine.okhttp.OkHttpEngineKt.access$convertToOkHttpRequest(OkHttpEngine.kt:1)
	at net.mamoe.mirai.internal.deps.io.ktor.client.engine.okhttp.OkHttpEngine.execute(OkHttpEngine.kt:72)
	at net.mamoe.mirai.internal.deps.io.ktor.client.engine.HttpClientEngine$executeWithinCallContext$2.invokeSuspend(HttpClientEngine.kt:99)
	at kotlin.coroutines.jvm.internal.BaseContinuationImpl.resumeWith(ContinuationImpl.kt:33)
	at kotlinx.coroutines.DispatchedTask.run(DispatchedTask.kt:106)
	at kotlinx.coroutines.internal.LimitedDispatcher.run(LimitedDispatcher.kt:42)
	at kotlinx.coroutines.scheduling.TaskImpl.run(Tasks.kt:95)
	at kotlinx.coroutines.scheduling.CoroutineScheduler.runSafely(CoroutineScheduler.kt:570)
	at kotlinx.coroutines.scheduling.CoroutineScheduler$Worker.executeTask(CoroutineScheduler.kt:750)
	at kotlinx.coroutines.scheduling.CoroutineScheduler$Worker.runWorker(CoroutineScheduler.kt:677)
	at kotlinx.coroutines.scheduling.CoroutineScheduler$Worker.run(CoroutineScheduler.kt:664)
Caused by: java.lang.ClassNotFoundException: okhttp3.Request$Builder
	at java.base/jdk.internal.loader.BuiltinClassLoader.loadClass(BuiltinClassLoader.java:583)
	at java.base/jdk.internal.loader.ClassLoaders$AppClassLoader.loadClass(ClassLoaders.java:178)
	at java.base/java.lang.ClassLoader.loadClass(ClassLoader.java:521)
	... 12 more
[0m
[0m2022-11-26 18:46:48 V/Net 2645691758: Send: wtlogin.exchange_emp(10:fast-login)[0m
[0m2022-11-26 18:46:48 V/Net 2645691758: Recv: wtlogin.exchange_emp[0m
[0m2022-11-26 18:46:48 V/Net 2645691758: Send: StatSvc.register(online)[0m
[92m2022-11-26 18:46:48 I/Net 2645691758: Server time updated, serverTime: 1669459608, diff: 0ms=0.0s[0m
[0m2022-11-26 18:46:48 V/Net 2645691758: Recv: StatSvc.register[0m
[0m2022-11-26 18:46:48 V/Net 2645691758: Loading BdhSession from cache file[0m
[92m2022-11-26 18:46:48 I/Net 2645691758: Syncing friend message history...[0m
[92m2022-11-26 18:46:48 I/Net 2645691758: Start loading friend list...[0m
[92m2022-11-26 18:46:48 I/Net 2645691758: Start loading stranger list...[0m
[0m2022-11-26 18:46:48 V/Net 2645691758: Send: StatSvc.GetDevLoginInfo(StatSvc.GetDevLoginInfo)[0m
[0m2022-11-26 18:46:48 V/Net 2645691758: Send: OidbSvc.0x496(OidbSvc.0x496)[0m
[0m2022-11-26 18:46:48 V/Net 2645691758: Send: OidbSvc.0x5d2_0(OidbSvc.0x5d2_0)[0m
[0m2022-11-26 18:46:48 V/Net 2645691758: Send: friendlist.getFriendGroupList(friendlist.getFriendGroupList)[0m
[92m2022-11-26 18:46:48 I/Net 2645691758: Syncing friend message history: Success.[0m
[0m2022-11-26 18:46:48 V/Net 2645691758: Recv: OidbSvc.0x496[0m
[92m2022-11-26 18:46:48 I/Net 2645691758: Start loading group list...[0m
[92m2022-11-26 18:46:48 I/Net 2645691758: Successfully loaded stranger list: 0 in total[0m
[0m2022-11-26 18:46:48 V/Net 2645691758: Recv: OidbSvc.0x5d2_0[0m
[0m2022-11-26 18:46:48 V/Net 2645691758: Send: friendlist.GetTroopListReqV2(friendlist.GetTroopListReqV2)[0m
[0m2022-11-26 18:46:48 V/Net 2645691758: Recv: StatSvc.GetDevLoginInfo[0m
[92m2022-11-26 18:46:48 I/Net 2645691758: No OtherClient online.[0m
[0m2022-11-26 18:46:48 V/Net 2645691758: Recv: friendlist.GetTroopListReqV2[0m
[0m2022-11-26 18:46:48 V/Net 2645691758: Send: friendlist.GetTroopMemberListReq(friendlist.GetTroopMemberListReq)[0m
[0m2022-11-26 18:46:49 V/Net 2645691758: Recv: friendlist.GetTroopMemberListReq[0m
[92m2022-11-26 18:46:49 I/Net 2645691758: Successfully loaded group list: 1 in total.[0m
[0m2022-11-26 18:46:51 V/Net 2645691758: Saving bdh session to cache[0m
[0m2022-11-26 18:46:51 V/Net 2645691758: Send: ConfigPushSvc.PushResp(ConfigPushSvc.PushResp)[0m
[0m2022-11-26 18:46:51 V/Net 2645691758: Recv: ConfigPushSvc.PushReq[0m
[0m2022-11-26 18:46:53 V/Net 2645691758: Send: friendlist.getFriendGroupList(friendlist.getFriendGroupList)[0m
[0m2022-11-26 18:46:53 V/Net 2645691758: Recv: friendlist.getFriendGroupList[0m
[0m2022-11-26 18:46:53 V/Net 2645691758: Loading friend list: 4/4[0m
[92m2022-11-26 18:46:53 I/Net 2645691758: Successfully loaded friend list: 4 in total[0m
[92m2022-11-26 18:46:53 I/Net 2645691758: Start loading friendGroup list...[0m
[0m2022-11-26 18:46:53 V/Net 2645691758: Send: friendlist.getFriendGroupList(friendlist.getFriendGroupList)[0m
[0m2022-11-26 18:46:54 V/Net 2645691758: Recv: friendlist.getFriendGroupList[0m
[0m2022-11-26 18:46:54 V/Net 2645691758: Loading friendGroup list: 1/1[0m
[92m2022-11-26 18:46:54 I/Net 2645691758: Successfully loaded friendGroup list: 1 in total[0m
[92m2022-11-26 18:46:54 I/Net 2645691758: Scheduled refresh login session in 19d 23h 55min 0.0s.[0m
[92m2022-11-26 18:46:54 I/Net 2645691758: Scheduled key refresh in 23h 55min 0.0s.[0m
[0m2022-11-26 18:47:26 V/Net 2645691758: Send: StatSvc.register(offline)[0m
[0m2022-11-26 18:47:31 V/Net 2645691758: Loading server list from cache.[0m
[0m2022-11-26 18:47:31 V/Net 2645691758: Server list: 119.147.190.142:80, 58.212.179.125:80, 222.94.109.123:8080, 42.81.194.79:443, 183.47.102.254:8080, msfwifi.3g.qq.com:8080, 117.62.243.225:8080, 42.81.192.153:443, 42.81.179.212:80, 183.47.102.218:14000.[0m
[92m2022-11-26 18:47:31 I/Net 2645691758: ECDH key is invalid, start to fetch ecdh public key from server.[0m
[31m2022-11-26 18:47:31 E/Net 2645691758: Failed to fetch ECDH public key from server, using default key instead
java.lang.NoClassDefFoundError: okhttp3/Request$Builder
	at net.mamoe.mirai.internal.deps.io.ktor.client.engine.okhttp.OkHttpEngineKt.convertToOkHttpRequest(OkHttpEngine.kt:183)
	at net.mamoe.mirai.internal.deps.io.ktor.client.engine.okhttp.OkHttpEngineKt.access$convertToOkHttpRequest(OkHttpEngine.kt:1)
	at net.mamoe.mirai.internal.deps.io.ktor.client.engine.okhttp.OkHttpEngine.execute(OkHttpEngine.kt:72)
	at net.mamoe.mirai.internal.deps.io.ktor.client.engine.HttpClientEngine$executeWithinCallContext$2.invokeSuspend(HttpClientEngine.kt:99)
	at kotlin.coroutines.jvm.internal.BaseContinuationImpl.resumeWith(ContinuationImpl.kt:33)
	at kotlinx.coroutines.DispatchedTask.run(DispatchedTask.kt:106)
	at kotlinx.coroutines.internal.LimitedDispatcher.run(LimitedDispatcher.kt:42)
	at kotlinx.coroutines.scheduling.TaskImpl.run(Tasks.kt:95)
	at kotlinx.coroutines.scheduling.CoroutineScheduler.runSafely(CoroutineScheduler.kt:570)
	at kotlinx.coroutines.scheduling.CoroutineScheduler$Worker.executeTask(CoroutineScheduler.kt:750)
	at kotlinx.coroutines.scheduling.CoroutineScheduler$Worker.runWorker(CoroutineScheduler.kt:677)
	at kotlinx.coroutines.scheduling.CoroutineScheduler$Worker.run(CoroutineScheduler.kt:664)
Caused by: java.lang.ClassNotFoundException: okhttp3.Request$Builder
	at java.base/jdk.internal.loader.BuiltinClassLoader.loadClass(BuiltinClassLoader.java:583)
	at java.base/jdk.internal.loader.ClassLoaders$AppClassLoader.loadClass(ClassLoaders.java:178)
	at java.base/java.lang.ClassLoader.loadClass(ClassLoader.java:521)
	... 12 more
[0m
[0m2022-11-26 18:47:31 V/Net 2645691758: Send: wtlogin.exchange_emp(10:fast-login)[0m
[0m2022-11-26 18:47:32 V/Net 2645691758: Recv: wtlogin.exchange_emp[0m
[0m2022-11-26 18:47:32 V/Net 2645691758: Send: StatSvc.register(online)[0m
[92m2022-11-26 18:47:32 I/Net 2645691758: Server time updated, serverTime: 1669459652, diff: 0ms=0.0s[0m
[0m2022-11-26 18:47:32 V/Net 2645691758: Recv: StatSvc.register[0m
[0m2022-11-26 18:47:32 V/Net 2645691758: Loading BdhSession from cache file[0m
[92m2022-11-26 18:47:32 I/Net 2645691758: Syncing friend message history...[0m
[92m2022-11-26 18:47:32 I/Net 2645691758: Start loading friend list...[0m
[92m2022-11-26 18:47:32 I/Net 2645691758: Start loading stranger list...[0m
[0m2022-11-26 18:47:32 V/Net 2645691758: Send: StatSvc.GetDevLoginInfo(StatSvc.GetDevLoginInfo)[0m
[0m2022-11-26 18:47:32 V/Net 2645691758: Send: OidbSvc.0x496(OidbSvc.0x496)[0m
[0m2022-11-26 18:47:32 V/Net 2645691758: Send: OidbSvc.0x5d2_0(OidbSvc.0x5d2_0)[0m
[0m2022-11-26 18:47:32 V/Net 2645691758: Send: friendlist.getFriendGroupList(friendlist.getFriendGroupList)[0m
[0m2022-11-26 18:47:32 V/Net 2645691758: Recv: OidbSvc.0x496[0m
[92m2022-11-26 18:47:32 I/Net 2645691758: Start loading group list...[0m
[0m2022-11-26 18:47:32 V/Net 2645691758: Recv: OidbSvc.0x5d2_0[0m
[0m2022-11-26 18:47:32 V/Net 2645691758: Send: friendlist.GetTroopListReqV2(friendlist.GetTroopListReqV2)[0m
[92m2022-11-26 18:47:32 I/Net 2645691758: Successfully loaded stranger list: 0 in total[0m
[92m2022-11-26 18:47:32 I/Net 2645691758: Syncing friend message history: Success.[0m
[0m2022-11-26 18:47:32 V/Net 2645691758: Recv: StatSvc.GetDevLoginInfo[0m
[92m2022-11-26 18:47:32 I/Net 2645691758: No OtherClient online.[0m
[0m2022-11-26 18:47:32 V/Net 2645691758: Recv: friendlist.getFriendGroupList[0m
[0m2022-11-26 18:47:32 V/Net 2645691758: Loading friend list: 4/4[0m
[92m2022-11-26 18:47:32 I/Net 2645691758: Successfully loaded friend list: 4 in total[0m
[92m2022-11-26 18:47:32 I/Net 2645691758: Start loading friendGroup list...[0m
[0m2022-11-26 18:47:32 V/Net 2645691758: Send: friendlist.getFriendGroupList(friendlist.getFriendGroupList)[0m
[0m2022-11-26 18:47:32 V/Net 2645691758: Recv: friendlist.GetTroopListReqV2[0m
[0m2022-11-26 18:47:32 V/Net 2645691758: Send: friendlist.GetTroopMemberListReq(friendlist.GetTroopMemberListReq)[0m
[0m2022-11-26 18:47:32 V/Net 2645691758: Recv: friendlist.getFriendGroupList[0m
[0m2022-11-26 18:47:32 V/Net 2645691758: Loading friendGroup list: 1/1[0m
[92m2022-11-26 18:47:32 I/Net 2645691758: Successfully loaded friendGroup list: 1 in total[0m
[0m2022-11-26 18:47:32 V/Net 2645691758: Recv: friendlist.GetTroopMemberListReq[0m
[92m2022-11-26 18:47:32 I/Net 2645691758: Successfully loaded group list: 1 in total.[0m
[92m2022-11-26 18:47:32 I/Net 2645691758: Scheduled refresh login session in 19d 23h 55min 0.0s.[0m
[92m2022-11-26 18:47:32 I/Net 2645691758: Scheduled key refresh in 23h 55min 0.0s.[0m
[0m2022-11-26 18:47:35 V/Net 2645691758: Saving bdh session to cache[0m
[0m2022-11-26 18:47:35 V/Net 2645691758: Send: ConfigPushSvc.PushResp(ConfigPushSvc.PushResp)[0m
[0m2022-11-26 18:47:35 V/Net 2645691758: Recv: ConfigPushSvc.PushReq[0m
[0m2022-11-26 18:47:52 V/Net 2645691758: Send: MessageSvc.PbSendMsg(MessageSvc.PbSendMsg)[0m
[0m2022-11-26 18:47:52 V/Net 2645691758: Recv: MessageSvc.PbSendMsg[0m
[0m2022-11-26 18:48:48 V/Net 2645691758: Send: StatSvc.register(offline)[0m
[0m2022-11-26 18:48:56 V/Net 2645691758: Loading server list from cache.[0m
[0m2022-11-26 18:48:56 V/Net 2645691758: Server list: 119.147.190.142:80, 58.212.179.125:80, 222.94.109.123:8080, 42.81.194.79:443, 183.47.102.254:8080, msfwifi.3g.qq.com:8080, 117.62.243.225:8080, 42.81.192.153:443, 42.81.179.212:80, 183.47.102.218:14000.[0m
[92m2022-11-26 18:48:56 I/Net 2645691758: ECDH key is invalid, start to fetch ecdh public key from server.[0m
[31m2022-11-26 18:48:56 E/Net 2645691758: Failed to fetch ECDH public key from server, using default key instead
java.lang.NoClassDefFoundError: okhttp3/Request$Builder
	at net.mamoe.mirai.internal.deps.io.ktor.client.engine.okhttp.OkHttpEngineKt.convertToOkHttpRequest(OkHttpEngine.kt:183)
	at net.mamoe.mirai.internal.deps.io.ktor.client.engine.okhttp.OkHttpEngineKt.access$convertToOkHttpRequest(OkHttpEngine.kt:1)
	at net.mamoe.mirai.internal.deps.io.ktor.client.engine.okhttp.OkHttpEngine.execute(OkHttpEngine.kt:72)
	at net.mamoe.mirai.internal.deps.io.ktor.client.engine.HttpClientEngine$executeWithinCallContext$2.invokeSuspend(HttpClientEngine.kt:99)
	at kotlin.coroutines.jvm.internal.BaseContinuationImpl.resumeWith(ContinuationImpl.kt:33)
	at kotlinx.coroutines.DispatchedTask.run(DispatchedTask.kt:106)
	at kotlinx.coroutines.internal.LimitedDispatcher.run(LimitedDispatcher.kt:42)
	at kotlinx.coroutines.scheduling.TaskImpl.run(Tasks.kt:95)
	at kotlinx.coroutines.scheduling.CoroutineScheduler.runSafely(CoroutineScheduler.kt:570)
	at kotlinx.coroutines.scheduling.CoroutineScheduler$Worker.executeTask(CoroutineScheduler.kt:750)
	at kotlinx.coroutines.scheduling.CoroutineScheduler$Worker.runWorker(CoroutineScheduler.kt:677)
	at kotlinx.coroutines.scheduling.CoroutineScheduler$Worker.run(CoroutineScheduler.kt:664)
Caused by: java.lang.ClassNotFoundException: okhttp3.Request$Builder
	at java.base/jdk.internal.loader.BuiltinClassLoader.loadClass(BuiltinClassLoader.java:583)
	at java.base/jdk.internal.loader.ClassLoaders$AppClassLoader.loadClass(ClassLoaders.java:178)
	at java.base/java.lang.ClassLoader.loadClass(ClassLoader.java:521)
	... 12 more
[0m
[0m2022-11-26 18:48:56 V/Net 2645691758: Send: wtlogin.exchange_emp(10:fast-login)[0m
[0m2022-11-26 18:48:57 V/Net 2645691758: Recv: wtlogin.exchange_emp[0m
[0m2022-11-26 18:48:57 V/Net 2645691758: Send: StatSvc.register(online)[0m
[92m2022-11-26 18:48:57 I/Net 2645691758: Server time updated, serverTime: 1669459737, diff: 0ms=0.0s[0m
[0m2022-11-26 18:48:57 V/Net 2645691758: Recv: StatSvc.register[0m
[0m2022-11-26 18:48:57 V/Net 2645691758: Loading BdhSession from cache file[0m
[92m2022-11-26 18:48:57 I/Net 2645691758: Syncing friend message history...[0m
[92m2022-11-26 18:48:57 I/Net 2645691758: Start loading friend list...[0m
[92m2022-11-26 18:48:57 I/Net 2645691758: Start loading stranger list...[0m
[0m2022-11-26 18:48:57 V/Net 2645691758: Send: StatSvc.GetDevLoginInfo(StatSvc.GetDevLoginInfo)[0m
[0m2022-11-26 18:48:57 V/Net 2645691758: Send: OidbSvc.0x496(OidbSvc.0x496)[0m
[0m2022-11-26 18:48:57 V/Net 2645691758: Send: OidbSvc.0x5d2_0(OidbSvc.0x5d2_0)[0m
[0m2022-11-26 18:48:57 V/Net 2645691758: Send: friendlist.getFriendGroupList(friendlist.getFriendGroupList)[0m
[0m2022-11-26 18:48:57 V/Net 2645691758: Recv: OidbSvc.0x5d2_0[0m
[92m2022-11-26 18:48:57 I/Net 2645691758: Successfully loaded stranger list: 0 in total[0m
[0m2022-11-26 18:48:57 V/Net 2645691758: Recv: OidbSvc.0x496[0m
[92m2022-11-26 18:48:57 I/Net 2645691758: Start loading group list...[0m
[0m2022-11-26 18:48:57 V/Net 2645691758: Send: friendlist.GetTroopListReqV2(friendlist.GetTroopListReqV2)[0m
[92m2022-11-26 18:48:57 I/Net 2645691758: Syncing friend message history: Success.[0m
[0m2022-11-26 18:48:57 V/Net 2645691758: Recv: StatSvc.GetDevLoginInfo[0m
[92m2022-11-26 18:48:57 I/Net 2645691758: No OtherClient online.[0m
[0m2022-11-26 18:48:57 V/Net 2645691758: Recv: friendlist.getFriendGroupList[0m
[0m2022-11-26 18:48:57 V/Net 2645691758: Loading friend list: 4/4[0m
[92m2022-11-26 18:48:57 I/Net 2645691758: Successfully loaded friend list: 4 in total[0m
[92m2022-11-26 18:48:57 I/Net 2645691758: Start loading friendGroup list...[0m
[0m2022-11-26 18:48:57 V/Net 2645691758: Send: friendlist.getFriendGroupList(friendlist.getFriendGroupList)[0m
[0m2022-11-26 18:48:57 V/Net 2645691758: Recv: friendlist.GetTroopListReqV2[0m
[0m2022-11-26 18:48:57 V/Net 2645691758: Send: friendlist.GetTroopMemberListReq(friendlist.GetTroopMemberListReq)[0m
[0m2022-11-26 18:48:57 V/Net 2645691758: Recv: friendlist.GetTroopMemberListReq[0m
[0m2022-11-26 18:48:57 V/Net 2645691758: Recv: friendlist.getFriendGroupList[0m
[92m2022-11-26 18:48:57 I/Net 2645691758: Successfully loaded group list: 1 in total.[0m
[0m2022-11-26 18:48:57 V/Net 2645691758: Loading friendGroup list: 1/1[0m
[92m2022-11-26 18:48:57 I/Net 2645691758: Successfully loaded friendGroup list: 1 in total[0m
[92m2022-11-26 18:48:57 I/Net 2645691758: Scheduled refresh login session in 19d 23h 55min 0.0s.[0m
[92m2022-11-26 18:48:57 I/Net 2645691758: Scheduled key refresh in 23h 55min 0.0s.[0m
[0m2022-11-26 18:49:00 V/Net 2645691758: Server list: 157.148.42.174:8080, 59.83.208.219:8080, 125.39.196.167:80, 157.148.42.147:443, 60.28.172.69:80, 157.148.57.39:8080, 59.83.207.142:14000, 116.130.229.172:80, msfwifi.3g.qq.com:8080, 112.80.130.81:80.[0m
[0m2022-11-26 18:49:00 V/Net 2645691758: Saving bdh session to cache[0m
[0m2022-11-26 18:49:00 V/Net 2645691758: Saving server list to cache[0m
[0m2022-11-26 18:49:00 V/Net 2645691758: Send: ConfigPushSvc.PushResp(ConfigPushSvc.PushResp)[0m
[0m2022-11-26 18:49:00 V/Net 2645691758: Recv: ConfigPushSvc.PushReq[0m
[0m2022-11-26 18:49:00 V/Net 2645691758: Saving bdh session to cache[0m
[0m2022-11-26 18:49:00 V/Net 2645691758: Send: ConfigPushSvc.PushResp(ConfigPushSvc.PushResp)[0m
[0m2022-11-26 18:49:00 V/Net 2645691758: Recv: ConfigPushSvc.PushReq[0m
[0m2022-11-26 18:49:10 V/Net 2645691758: Send: StatSvc.register(offline)[0m
[0m2022-11-26 18:49:17 V/Net 2645691758: Loading server list from cache.[0m
[0m2022-11-26 18:49:17 V/Net 2645691758: Server list: 157.148.42.174:8080, 59.83.208.219:8080, 125.39.196.167:80, 157.148.42.147:443, 60.28.172.69:80, 157.148.57.39:8080, 59.83.207.142:14000, 116.130.229.172:80, msfwifi.3g.qq.com:8080, 112.80.130.81:80.[0m
[92m2022-11-26 18:49:17 I/Net 2645691758: ECDH key is invalid, start to fetch ecdh public key from server.[0m
[31m2022-11-26 18:49:17 E/Net 2645691758: Failed to fetch ECDH public key from server, using default key instead
java.lang.NoClassDefFoundError: okhttp3/Request$Builder
	at net.mamoe.mirai.internal.deps.io.ktor.client.engine.okhttp.OkHttpEngineKt.convertToOkHttpRequest(OkHttpEngine.kt:183)
	at net.mamoe.mirai.internal.deps.io.ktor.client.engine.okhttp.OkHttpEngineKt.access$convertToOkHttpRequest(OkHttpEngine.kt:1)
	at net.mamoe.mirai.internal.deps.io.ktor.client.engine.okhttp.OkHttpEngine.execute(OkHttpEngine.kt:72)
	at net.mamoe.mirai.internal.deps.io.ktor.client.engine.HttpClientEngine$executeWithinCallContext$2.invokeSuspend(HttpClientEngine.kt:99)
	at kotlin.coroutines.jvm.internal.BaseContinuationImpl.resumeWith(ContinuationImpl.kt:33)
	at kotlinx.coroutines.DispatchedTask.run(DispatchedTask.kt:106)
	at kotlinx.coroutines.internal.LimitedDispatcher.run(LimitedDispatcher.kt:42)
	at kotlinx.coroutines.scheduling.TaskImpl.run(Tasks.kt:95)
	at kotlinx.coroutines.scheduling.CoroutineScheduler.runSafely(CoroutineScheduler.kt:570)
	at kotlinx.coroutines.scheduling.CoroutineScheduler$Worker.executeTask(CoroutineScheduler.kt:750)
	at kotlinx.coroutines.scheduling.CoroutineScheduler$Worker.runWorker(CoroutineScheduler.kt:677)
	at kotlinx.coroutines.scheduling.CoroutineScheduler$Worker.run(CoroutineScheduler.kt:664)
Caused by: java.lang.ClassNotFoundException: okhttp3.Request$Builder
	at java.base/jdk.internal.loader.BuiltinClassLoader.loadClass(BuiltinClassLoader.java:583)
	at java.base/jdk.internal.loader.ClassLoaders$AppClassLoader.loadClass(ClassLoaders.java:178)
	at java.base/java.lang.ClassLoader.loadClass(ClassLoader.java:521)
	... 12 more
[0m
[0m2022-11-26 18:49:17 V/Net 2645691758: Send: wtlogin.exchange_emp(10:fast-login)[0m
[0m2022-11-26 18:49:17 V/Net 2645691758: Recv: wtlogin.exchange_emp[0m
[0m2022-11-26 18:49:17 V/Net 2645691758: Send: StatSvc.register(online)[0m
[92m2022-11-26 18:49:17 I/Net 2645691758: Server time updated, serverTime: 1669459757, diff: 0ms=0.0s[0m
[0m2022-11-26 18:49:17 V/Net 2645691758: Recv: StatSvc.register[0m
[0m2022-11-26 18:49:17 V/Net 2645691758: Loading BdhSession from cache file[0m
[92m2022-11-26 18:49:17 I/Net 2645691758: Syncing friend message history...[0m
[92m2022-11-26 18:49:17 I/Net 2645691758: Start loading friend list...[0m
[92m2022-11-26 18:49:17 I/Net 2645691758: Start loading stranger list...[0m
[0m2022-11-26 18:49:17 V/Net 2645691758: Send: StatSvc.GetDevLoginInfo(StatSvc.GetDevLoginInfo)[0m
[0m2022-11-26 18:49:17 V/Net 2645691758: Send: OidbSvc.0x496(OidbSvc.0x496)[0m
[0m2022-11-26 18:49:17 V/Net 2645691758: Send: OidbSvc.0x5d2_0(OidbSvc.0x5d2_0)[0m
[0m2022-11-26 18:49:17 V/Net 2645691758: Send: friendlist.getFriendGroupList(friendlist.getFriendGroupList)[0m
[0m2022-11-26 18:49:17 V/Net 2645691758: Recv: OidbSvc.0x5d2_0[0m
[92m2022-11-26 18:49:17 I/Net 2645691758: Successfully loaded stranger list: 0 in total[0m
[92m2022-11-26 18:49:17 I/Net 2645691758: Syncing friend message history: Success.[0m
[0m2022-11-26 18:49:17 V/Net 2645691758: Recv: OidbSvc.0x496[0m
[92m2022-11-26 18:49:17 I/Net 2645691758: Start loading group list...[0m
[0m2022-11-26 18:49:17 V/Net 2645691758: Send: friendlist.GetTroopListReqV2(friendlist.GetTroopListReqV2)[0m
[0m2022-11-26 18:49:17 V/Net 2645691758: Recv: StatSvc.GetDevLoginInfo[0m
[92m2022-11-26 18:49:17 I/Net 2645691758: No OtherClient online.[0m
[0m2022-11-26 18:49:18 V/Net 2645691758: Recv: friendlist.getFriendGroupList[0m
[0m2022-11-26 18:49:18 V/Net 2645691758: Loading friend list: 4/4[0m
[92m2022-11-26 18:49:18 I/Net 2645691758: Successfully loaded friend list: 4 in total[0m
[92m2022-11-26 18:49:18 I/Net 2645691758: Start loading friendGroup list...[0m
[0m2022-11-26 18:49:18 V/Net 2645691758: Send: friendlist.getFriendGroupList(friendlist.getFriendGroupList)[0m
[0m2022-11-26 18:49:18 V/Net 2645691758: Recv: friendlist.GetTroopListReqV2[0m
[0m2022-11-26 18:49:18 V/Net 2645691758: Send: friendlist.GetTroopMemberListReq(friendlist.GetTroopMemberListReq)[0m
[0m2022-11-26 18:49:18 V/Net 2645691758: Recv: friendlist.getFriendGroupList[0m
[0m2022-11-26 18:49:18 V/Net 2645691758: Loading friendGroup list: 1/1[0m
[92m2022-11-26 18:49:18 I/Net 2645691758: Successfully loaded friendGroup list: 1 in total[0m
[0m2022-11-26 18:49:18 V/Net 2645691758: Recv: friendlist.GetTroopMemberListReq[0m
[92m2022-11-26 18:49:18 I/Net 2645691758: Successfully loaded group list: 1 in total.[0m
[92m2022-11-26 18:49:18 I/Net 2645691758: Scheduled refresh login session in 19d 23h 55min 0.0s.[0m
[92m2022-11-26 18:49:18 I/Net 2645691758: Scheduled key refresh in 23h 55min 0.0s.[0m
[0m2022-11-26 18:49:21 V/Net 2645691758: Saving bdh session to cache[0m
[0m2022-11-26 18:49:21 V/Net 2645691758: Send: ConfigPushSvc.PushResp(ConfigPushSvc.PushResp)[0m
[0m2022-11-26 18:49:21 V/Net 2645691758: Recv: ConfigPushSvc.PushReq[0m
[0m2022-11-26 18:53:28 V/Net 2645691758: Send: StatSvc.register(offline)[0m
[0m2022-11-26 18:53:36 V/Net 2645691758: Loading server list from cache.[0m
[0m2022-11-26 18:53:36 V/Net 2645691758: Server list: 157.148.42.174:8080, 59.83.208.219:8080, 125.39.196.167:80, 157.148.42.147:443, 60.28.172.69:80, 157.148.57.39:8080, 59.83.207.142:14000, 116.130.229.172:80, msfwifi.3g.qq.com:8080, 112.80.130.81:80.[0m
[92m2022-11-26 18:53:36 I/Net 2645691758: ECDH key is invalid, start to fetch ecdh public key from server.[0m
[31m2022-11-26 18:53:36 E/Net 2645691758: Failed to fetch ECDH public key from server, using default key instead
java.lang.NoClassDefFoundError: okhttp3/Request$Builder
	at net.mamoe.mirai.internal.deps.io.ktor.client.engine.okhttp.OkHttpEngineKt.convertToOkHttpRequest(OkHttpEngine.kt:183)
	at net.mamoe.mirai.internal.deps.io.ktor.client.engine.okhttp.OkHttpEngineKt.access$convertToOkHttpRequest(OkHttpEngine.kt:1)
	at net.mamoe.mirai.internal.deps.io.ktor.client.engine.okhttp.OkHttpEngine.execute(OkHttpEngine.kt:72)
	at net.mamoe.mirai.internal.deps.io.ktor.client.engine.HttpClientEngine$executeWithinCallContext$2.invokeSuspend(HttpClientEngine.kt:99)
	at kotlin.coroutines.jvm.internal.BaseContinuationImpl.resumeWith(ContinuationImpl.kt:33)
	at kotlinx.coroutines.DispatchedTask.run(DispatchedTask.kt:106)
	at kotlinx.coroutines.internal.LimitedDispatcher.run(LimitedDispatcher.kt:42)
	at kotlinx.coroutines.scheduling.TaskImpl.run(Tasks.kt:95)
	at kotlinx.coroutines.scheduling.CoroutineScheduler.runSafely(CoroutineScheduler.kt:570)
	at kotlinx.coroutines.scheduling.CoroutineScheduler$Worker.executeTask(CoroutineScheduler.kt:750)
	at kotlinx.coroutines.scheduling.CoroutineScheduler$Worker.runWorker(CoroutineScheduler.kt:677)
	at kotlinx.coroutines.scheduling.CoroutineScheduler$Worker.run(CoroutineScheduler.kt:664)
Caused by: java.lang.ClassNotFoundException: okhttp3.Request$Builder
	at java.base/jdk.internal.loader.BuiltinClassLoader.loadClass(BuiltinClassLoader.java:583)
	at java.base/jdk.internal.loader.ClassLoaders$AppClassLoader.loadClass(ClassLoaders.java:178)
	at java.base/java.lang.ClassLoader.loadClass(ClassLoader.java:521)
	... 12 more
[0m
[0m2022-11-26 18:53:36 V/Net 2645691758: Send: wtlogin.exchange_emp(10:fast-login)[0m
[0m2022-11-26 18:53:36 V/Net 2645691758: Recv: wtlogin.exchange_emp[0m
[0m2022-11-26 18:53:36 V/Net 2645691758: Send: StatSvc.register(online)[0m
[92m2022-11-26 18:53:37 I/Net 2645691758: Server time updated, serverTime: 1669460017, diff: 0ms=0.0s[0m
[0m2022-11-26 18:53:37 V/Net 2645691758: Recv: StatSvc.register[0m
[0m2022-11-26 18:53:37 V/Net 2645691758: Loading BdhSession from cache file[0m
[92m2022-11-26 18:53:37 I/Net 2645691758: Syncing friend message history...[0m
[92m2022-11-26 18:53:37 I/Net 2645691758: Start loading stranger list...[0m
[92m2022-11-26 18:53:37 I/Net 2645691758: Start loading friend list...[0m
[0m2022-11-26 18:53:37 V/Net 2645691758: Send: StatSvc.GetDevLoginInfo(StatSvc.GetDevLoginInfo)[0m
[0m2022-11-26 18:53:37 V/Net 2645691758: Send: OidbSvc.0x496(OidbSvc.0x496)[0m
[0m2022-11-26 18:53:37 V/Net 2645691758: Send: OidbSvc.0x5d2_0(OidbSvc.0x5d2_0)[0m
[0m2022-11-26 18:53:37 V/Net 2645691758: Send: friendlist.getFriendGroupList(friendlist.getFriendGroupList)[0m
[0m2022-11-26 18:53:37 V/Net 2645691758: Recv: OidbSvc.0x5d2_0[0m
[92m2022-11-26 18:53:37 I/Net 2645691758: Successfully loaded stranger list: 0 in total[0m
[0m2022-11-26 18:53:37 V/Net 2645691758: Recv: OidbSvc.0x496[0m
[92m2022-11-26 18:53:37 I/Net 2645691758: Start loading group list...[0m
[0m2022-11-26 18:53:37 V/Net 2645691758: Send: friendlist.GetTroopListReqV2(friendlist.GetTroopListReqV2)[0m
[92m2022-11-26 18:53:37 I/Net 2645691758: Syncing friend message history: Success.[0m
[0m2022-11-26 18:53:37 V/Net 2645691758: Recv: friendlist.getFriendGroupList[0m
[0m2022-11-26 18:53:37 V/Net 2645691758: Loading friend list: 4/4[0m
[92m2022-11-26 18:53:37 I/Net 2645691758: Successfully loaded friend list: 4 in total[0m
[92m2022-11-26 18:53:37 I/Net 2645691758: Start loading friendGroup list...[0m
[0m2022-11-26 18:53:37 V/Net 2645691758: Send: friendlist.getFriendGroupList(friendlist.getFriendGroupList)[0m
[0m2022-11-26 18:53:37 V/Net 2645691758: Recv: StatSvc.GetDevLoginInfo[0m
[92m2022-11-26 18:53:37 I/Net 2645691758: No OtherClient online.[0m
[0m2022-11-26 18:53:37 V/Net 2645691758: Recv: friendlist.GetTroopListReqV2[0m
[0m2022-11-26 18:53:37 V/Net 2645691758: Send: friendlist.GetTroopMemberListReq(friendlist.GetTroopMemberListReq)[0m
[0m2022-11-26 18:53:37 V/Net 2645691758: Recv: friendlist.getFriendGroupList[0m
[0m2022-11-26 18:53:37 V/Net 2645691758: Loading friendGroup list: 1/1[0m
[92m2022-11-26 18:53:37 I/Net 2645691758: Successfully loaded friendGroup list: 1 in total[0m
[0m2022-11-26 18:53:37 V/Net 2645691758: Recv: friendlist.GetTroopMemberListReq[0m
[92m2022-11-26 18:53:37 I/Net 2645691758: Successfully loaded group list: 1 in total.[0m
[92m2022-11-26 18:53:37 I/Net 2645691758: Scheduled refresh login session in 19d 23h 55min 0.0s.[0m
[92m2022-11-26 18:53:37 I/Net 2645691758: Scheduled key refresh in 23h 55min 0.0s.[0m
[0m2022-11-26 18:53:39 V/Net 2645691758: Server list: 42.81.194.23:443, 113.96.18.205:8080, 42.81.179.158:80, 183.47.117.200:14000, 58.212.179.34:80, 180.102.191.97:8080, 42.81.192.168:443, 180.101.246.123:8080, msfwifi.3g.qq.com:8080, 14.22.9.53:80.[0m
[0m2022-11-26 18:53:39 V/Net 2645691758: Saving bdh session to cache[0m
[0m2022-11-26 18:53:39 V/Net 2645691758: Saving server list to cache[0m
[0m2022-11-26 18:53:39 V/Net 2645691758: Send: ConfigPushSvc.PushResp(ConfigPushSvc.PushResp)[0m
[0m2022-11-26 18:53:39 V/Net 2645691758: Recv: ConfigPushSvc.PushReq[0m
[0m2022-11-26 18:53:40 V/Net 2645691758: Saving bdh session to cache[0m
[0m2022-11-26 18:53:40 V/Net 2645691758: Send: ConfigPushSvc.PushResp(ConfigPushSvc.PushResp)[0m
[0m2022-11-26 18:53:40 V/Net 2645691758: Recv: ConfigPushSvc.PushReq[0m
[0m2022-11-26 18:53:56 V/Net 2645691758: Send: StatSvc.register(offline)[0m
[0m2022-11-26 18:54:03 V/Net 2645691758: Loading server list from cache.[0m
[0m2022-11-26 18:54:03 V/Net 2645691758: Server list: 42.81.194.23:443, 113.96.18.205:8080, 42.81.179.158:80, 183.47.117.200:14000, 58.212.179.34:80, 180.102.191.97:8080, 42.81.192.168:443, 180.101.246.123:8080, msfwifi.3g.qq.com:8080, 14.22.9.53:80.[0m
[92m2022-11-26 18:54:03 I/Net 2645691758: ECDH key is invalid, start to fetch ecdh public key from server.[0m
[31m2022-11-26 18:54:03 E/Net 2645691758: Failed to fetch ECDH public key from server, using default key instead
java.lang.NoClassDefFoundError: okhttp3/Request$Builder
	at net.mamoe.mirai.internal.deps.io.ktor.client.engine.okhttp.OkHttpEngineKt.convertToOkHttpRequest(OkHttpEngine.kt:183)
	at net.mamoe.mirai.internal.deps.io.ktor.client.engine.okhttp.OkHttpEngineKt.access$convertToOkHttpRequest(OkHttpEngine.kt:1)
	at net.mamoe.mirai.internal.deps.io.ktor.client.engine.okhttp.OkHttpEngine.execute(OkHttpEngine.kt:72)
	at net.mamoe.mirai.internal.deps.io.ktor.client.engine.HttpClientEngine$executeWithinCallContext$2.invokeSuspend(HttpClientEngine.kt:99)
	at kotlin.coroutines.jvm.internal.BaseContinuationImpl.resumeWith(ContinuationImpl.kt:33)
	at kotlinx.coroutines.DispatchedTask.run(DispatchedTask.kt:106)
	at kotlinx.coroutines.internal.LimitedDispatcher.run(LimitedDispatcher.kt:42)
	at kotlinx.coroutines.scheduling.TaskImpl.run(Tasks.kt:95)
	at kotlinx.coroutines.scheduling.CoroutineScheduler.runSafely(CoroutineScheduler.kt:570)
	at kotlinx.coroutines.scheduling.CoroutineScheduler$Worker.executeTask(CoroutineScheduler.kt:750)
	at kotlinx.coroutines.scheduling.CoroutineScheduler$Worker.runWorker(CoroutineScheduler.kt:677)
	at kotlinx.coroutines.scheduling.CoroutineScheduler$Worker.run(CoroutineScheduler.kt:664)
Caused by: java.lang.ClassNotFoundException: okhttp3.Request$Builder
	at java.base/jdk.internal.loader.BuiltinClassLoader.loadClass(BuiltinClassLoader.java:583)
	at java.base/jdk.internal.loader.ClassLoaders$AppClassLoader.loadClass(ClassLoaders.java:178)
	at java.base/java.lang.ClassLoader.loadClass(ClassLoader.java:521)
	... 12 more
[0m
[0m2022-11-26 18:54:03 V/Net 2645691758: Send: wtlogin.exchange_emp(10:fast-login)[0m
[0m2022-11-26 18:54:04 V/Net 2645691758: Recv: wtlogin.exchange_emp[0m
[0m2022-11-26 18:54:04 V/Net 2645691758: Send: StatSvc.register(online)[0m
[92m2022-11-26 18:54:04 I/Net 2645691758: Server time updated, serverTime: 1669460044, diff: 0ms=0.0s[0m
[0m2022-11-26 18:54:04 V/Net 2645691758: Recv: StatSvc.register[0m
[0m2022-11-26 18:54:04 V/Net 2645691758: Loading BdhSession from cache file[0m
[92m2022-11-26 18:54:04 I/Net 2645691758: Syncing friend message history...[0m
[92m2022-11-26 18:54:04 I/Net 2645691758: Start loading friend list...[0m
[92m2022-11-26 18:54:04 I/Net 2645691758: Start loading stranger list...[0m
[0m2022-11-26 18:54:04 V/Net 2645691758: Send: StatSvc.GetDevLoginInfo(StatSvc.GetDevLoginInfo)[0m
[0m2022-11-26 18:54:04 V/Net 2645691758: Send: OidbSvc.0x496(OidbSvc.0x496)[0m
[0m2022-11-26 18:54:04 V/Net 2645691758: Send: OidbSvc.0x5d2_0(OidbSvc.0x5d2_0)[0m
[0m2022-11-26 18:54:04 V/Net 2645691758: Send: friendlist.getFriendGroupList(friendlist.getFriendGroupList)[0m
[0m2022-11-26 18:54:04 V/Net 2645691758: Recv: OidbSvc.0x5d2_0[0m
[92m2022-11-26 18:54:04 I/Net 2645691758: Successfully loaded stranger list: 0 in total[0m
[0m2022-11-26 18:54:04 V/Net 2645691758: Recv: OidbSvc.0x496[0m
[92m2022-11-26 18:54:04 I/Net 2645691758: Start loading group list...[0m
[0m2022-11-26 18:54:04 V/Net 2645691758: Send: friendlist.GetTroopListReqV2(friendlist.GetTroopListReqV2)[0m
[92m2022-11-26 18:54:04 I/Net 2645691758: Syncing friend message history: Success.[0m
[0m2022-11-26 18:54:04 V/Net 2645691758: Recv: StatSvc.GetDevLoginInfo[0m
[92m2022-11-26 18:54:04 I/Net 2645691758: No OtherClient online.[0m
[0m2022-11-26 18:54:04 V/Net 2645691758: Recv: friendlist.getFriendGroupList[0m
[0m2022-11-26 18:54:04 V/Net 2645691758: Loading friend list: 4/4[0m
[92m2022-11-26 18:54:04 I/Net 2645691758: Successfully loaded friend list: 4 in total[0m
[92m2022-11-26 18:54:04 I/Net 2645691758: Start loading friendGroup list...[0m
[0m2022-11-26 18:54:04 V/Net 2645691758: Send: friendlist.getFriendGroupList(friendlist.getFriendGroupList)[0m
[0m2022-11-26 18:54:04 V/Net 2645691758: Recv: friendlist.GetTroopListReqV2[0m
[0m2022-11-26 18:54:04 V/Net 2645691758: Send: friendlist.GetTroopMemberListReq(friendlist.GetTroopMemberListReq)[0m
[0m2022-11-26 18:54:04 V/Net 2645691758: Recv: friendlist.getFriendGroupList[0m
[0m2022-11-26 18:54:04 V/Net 2645691758: Loading friendGroup list: 1/1[0m
[92m2022-11-26 18:54:04 I/Net 2645691758: Successfully loaded friendGroup list: 1 in total[0m
[0m2022-11-26 18:54:04 V/Net 2645691758: Recv: friendlist.GetTroopMemberListReq[0m
[92m2022-11-26 18:54:04 I/Net 2645691758: Successfully loaded group list: 1 in total.[0m
[92m2022-11-26 18:54:04 I/Net 2645691758: Scheduled refresh login session in 19d 23h 55min 0.0s.[0m
[92m2022-11-26 18:54:04 I/Net 2645691758: Scheduled key refresh in 23h 55min 0.0s.[0m
[0m2022-11-26 18:54:07 V/Net 2645691758: Saving bdh session to cache[0m
[0m2022-11-26 18:54:07 V/Net 2645691758: Send: ConfigPushSvc.PushResp(ConfigPushSvc.PushResp)[0m
[0m2022-11-26 18:54:07 V/Net 2645691758: Recv: ConfigPushSvc.PushReq[0m
[0m2022-11-26 18:54:18 V/Net 2645691758: Send: StatSvc.register(offline)[0m
[0m2022-11-26 18:54:24 V/Net 2645691758: Loading server list from cache.[0m
[0m2022-11-26 18:54:24 V/Net 2645691758: Server list: 42.81.194.23:443, 113.96.18.205:8080, 42.81.179.158:80, 183.47.117.200:14000, 58.212.179.34:80, 180.102.191.97:8080, 42.81.192.168:443, 180.101.246.123:8080, msfwifi.3g.qq.com:8080, 14.22.9.53:80.[0m
[92m2022-11-26 18:54:24 I/Net 2645691758: ECDH key is invalid, start to fetch ecdh public key from server.[0m
[31m2022-11-26 18:54:24 E/Net 2645691758: Failed to fetch ECDH public key from server, using default key instead
java.lang.NoClassDefFoundError: okhttp3/Request$Builder
	at net.mamoe.mirai.internal.deps.io.ktor.client.engine.okhttp.OkHttpEngineKt.convertToOkHttpRequest(OkHttpEngine.kt:183)
	at net.mamoe.mirai.internal.deps.io.ktor.client.engine.okhttp.OkHttpEngineKt.access$convertToOkHttpRequest(OkHttpEngine.kt:1)
	at net.mamoe.mirai.internal.deps.io.ktor.client.engine.okhttp.OkHttpEngine.execute(OkHttpEngine.kt:72)
	at net.mamoe.mirai.internal.deps.io.ktor.client.engine.HttpClientEngine$executeWithinCallContext$2.invokeSuspend(HttpClientEngine.kt:99)
	at kotlin.coroutines.jvm.internal.BaseContinuationImpl.resumeWith(ContinuationImpl.kt:33)
	at kotlinx.coroutines.DispatchedTask.run(DispatchedTask.kt:106)
	at kotlinx.coroutines.internal.LimitedDispatcher.run(LimitedDispatcher.kt:42)
	at kotlinx.coroutines.scheduling.TaskImpl.run(Tasks.kt:95)
	at kotlinx.coroutines.scheduling.CoroutineScheduler.runSafely(CoroutineScheduler.kt:570)
	at kotlinx.coroutines.scheduling.CoroutineScheduler$Worker.executeTask(CoroutineScheduler.kt:750)
	at kotlinx.coroutines.scheduling.CoroutineScheduler$Worker.runWorker(CoroutineScheduler.kt:677)
	at kotlinx.coroutines.scheduling.CoroutineScheduler$Worker.run(CoroutineScheduler.kt:664)
Caused by: java.lang.ClassNotFoundException: okhttp3.Request$Builder
	at java.base/jdk.internal.loader.BuiltinClassLoader.loadClass(BuiltinClassLoader.java:583)
	at java.base/jdk.internal.loader.ClassLoaders$AppClassLoader.loadClass(ClassLoaders.java:178)
	at java.base/java.lang.ClassLoader.loadClass(ClassLoader.java:521)
	... 12 more
[0m
[0m2022-11-26 18:54:24 V/Net 2645691758: Send: wtlogin.exchange_emp(10:fast-login)[0m
[0m2022-11-26 18:54:25 V/Net 2645691758: Recv: wtlogin.exchange_emp[0m
[0m2022-11-26 18:54:25 V/Net 2645691758: Send: StatSvc.register(online)[0m
[92m2022-11-26 18:54:25 I/Net 2645691758: Server time updated, serverTime: 1669460065, diff: 0ms=0.0s[0m
[0m2022-11-26 18:54:25 V/Net 2645691758: Recv: StatSvc.register[0m
[0m2022-11-26 18:54:25 V/Net 2645691758: Loading BdhSession from cache file[0m
[92m2022-11-26 18:54:25 I/Net 2645691758: Syncing friend message history...[0m
[92m2022-11-26 18:54:25 I/Net 2645691758: Start loading friend list...[0m
[0m2022-11-26 18:54:25 V/Net 2645691758: Send: StatSvc.GetDevLoginInfo(StatSvc.GetDevLoginInfo)[0m
[92m2022-11-26 18:54:25 I/Net 2645691758: Start loading stranger list...[0m
[0m2022-11-26 18:54:25 V/Net 2645691758: Send: OidbSvc.0x496(OidbSvc.0x496)[0m
[0m2022-11-26 18:54:25 V/Net 2645691758: Send: OidbSvc.0x5d2_0(OidbSvc.0x5d2_0)[0m
[0m2022-11-26 18:54:25 V/Net 2645691758: Send: friendlist.getFriendGroupList(friendlist.getFriendGroupList)[0m
[0m2022-11-26 18:54:25 V/Net 2645691758: Recv: OidbSvc.0x496[0m
[92m2022-11-26 18:54:25 I/Net 2645691758: Start loading group list...[0m
[0m2022-11-26 18:54:25 V/Net 2645691758: Send: friendlist.GetTroopListReqV2(friendlist.GetTroopListReqV2)[0m
[92m2022-11-26 18:54:25 I/Net 2645691758: Successfully loaded stranger list: 0 in total[0m
[0m2022-11-26 18:54:25 V/Net 2645691758: Recv: OidbSvc.0x5d2_0[0m
[92m2022-11-26 18:54:25 I/Net 2645691758: Syncing friend message history: Success.[0m
[0m2022-11-26 18:54:25 V/Net 2645691758: Recv: StatSvc.GetDevLoginInfo[0m
[92m2022-11-26 18:54:25 I/Net 2645691758: No OtherClient online.[0m
[0m2022-11-26 18:54:25 V/Net 2645691758: Recv: friendlist.getFriendGroupList[0m
[0m2022-11-26 18:54:25 V/Net 2645691758: Loading friend list: 4/4[0m
[92m2022-11-26 18:54:25 I/Net 2645691758: Successfully loaded friend list: 4 in total[0m
[92m2022-11-26 18:54:25 I/Net 2645691758: Start loading friendGroup list...[0m
[0m2022-11-26 18:54:25 V/Net 2645691758: Send: friendlist.getFriendGroupList(friendlist.getFriendGroupList)[0m
[0m2022-11-26 18:54:25 V/Net 2645691758: Recv: friendlist.GetTroopListReqV2[0m
[0m2022-11-26 18:54:25 V/Net 2645691758: Send: friendlist.GetTroopMemberListReq(friendlist.GetTroopMemberListReq)[0m
[0m2022-11-26 18:54:26 V/Net 2645691758: Recv: friendlist.getFriendGroupList[0m
[0m2022-11-26 18:54:26 V/Net 2645691758: Loading friendGroup list: 1/1[0m
[92m2022-11-26 18:54:26 I/Net 2645691758: Successfully loaded friendGroup list: 1 in total[0m
[0m2022-11-26 18:54:26 V/Net 2645691758: Recv: friendlist.GetTroopMemberListReq[0m
[92m2022-11-26 18:54:26 I/Net 2645691758: Successfully loaded group list: 1 in total.[0m
[92m2022-11-26 18:54:26 I/Net 2645691758: Scheduled refresh login session in 19d 23h 55min 0.0s.[0m
[92m2022-11-26 18:54:26 I/Net 2645691758: Scheduled key refresh in 23h 55min 0.0s.[0m
[0m2022-11-26 18:54:28 V/Net 2645691758: Saving bdh session to cache[0m
[0m2022-11-26 18:54:28 V/Net 2645691758: Send: ConfigPushSvc.PushResp(ConfigPushSvc.PushResp)[0m
[0m2022-11-26 18:54:28 V/Net 2645691758: Recv: ConfigPushSvc.PushReq[0m
[0m2022-11-26 18:54:46 V/Net 2645691758: Send: StatSvc.register(offline)[0m
[0m2022-11-26 18:54:52 V/Net 2645691758: Loading server list from cache.[0m
[0m2022-11-26 18:54:52 V/Net 2645691758: Server list: 42.81.194.23:443, 113.96.18.205:8080, 42.81.179.158:80, 183.47.117.200:14000, 58.212.179.34:80, 180.102.191.97:8080, 42.81.192.168:443, 180.101.246.123:8080, msfwifi.3g.qq.com:8080, 14.22.9.53:80.[0m
[92m2022-11-26 18:54:52 I/Net 2645691758: ECDH key is invalid, start to fetch ecdh public key from server.[0m
[31m2022-11-26 18:54:52 E/Net 2645691758: Failed to fetch ECDH public key from server, using default key instead
java.lang.NoClassDefFoundError: okhttp3/Request$Builder
	at net.mamoe.mirai.internal.deps.io.ktor.client.engine.okhttp.OkHttpEngineKt.convertToOkHttpRequest(OkHttpEngine.kt:183)
	at net.mamoe.mirai.internal.deps.io.ktor.client.engine.okhttp.OkHttpEngineKt.access$convertToOkHttpRequest(OkHttpEngine.kt:1)
	at net.mamoe.mirai.internal.deps.io.ktor.client.engine.okhttp.OkHttpEngine.execute(OkHttpEngine.kt:72)
	at net.mamoe.mirai.internal.deps.io.ktor.client.engine.HttpClientEngine$executeWithinCallContext$2.invokeSuspend(HttpClientEngine.kt:99)
	at kotlin.coroutines.jvm.internal.BaseContinuationImpl.resumeWith(ContinuationImpl.kt:33)
	at kotlinx.coroutines.DispatchedTask.run(DispatchedTask.kt:106)
	at kotlinx.coroutines.internal.LimitedDispatcher.run(LimitedDispatcher.kt:42)
	at kotlinx.coroutines.scheduling.TaskImpl.run(Tasks.kt:95)
	at kotlinx.coroutines.scheduling.CoroutineScheduler.runSafely(CoroutineScheduler.kt:570)
	at kotlinx.coroutines.scheduling.CoroutineScheduler$Worker.executeTask(CoroutineScheduler.kt:750)
	at kotlinx.coroutines.scheduling.CoroutineScheduler$Worker.runWorker(CoroutineScheduler.kt:677)
	at kotlinx.coroutines.scheduling.CoroutineScheduler$Worker.run(CoroutineScheduler.kt:664)
Caused by: java.lang.ClassNotFoundException: okhttp3.Request$Builder
	at java.base/jdk.internal.loader.BuiltinClassLoader.loadClass(BuiltinClassLoader.java:583)
	at java.base/jdk.internal.loader.ClassLoaders$AppClassLoader.loadClass(ClassLoaders.java:178)
	at java.base/java.lang.ClassLoader.loadClass(ClassLoader.java:521)
	... 12 more
[0m
[0m2022-11-26 18:54:52 V/Net 2645691758: Send: wtlogin.exchange_emp(10:fast-login)[0m
[0m2022-11-26 18:54:53 V/Net 2645691758: Recv: wtlogin.exchange_emp[0m
[0m2022-11-26 18:54:53 V/Net 2645691758: Send: StatSvc.register(online)[0m
[92m2022-11-26 18:54:53 I/Net 2645691758: Server time updated, serverTime: 1669460093, diff: 0ms=0.0s[0m
[0m2022-11-26 18:54:53 V/Net 2645691758: Recv: StatSvc.register[0m
[0m2022-11-26 18:54:53 V/Net 2645691758: Loading BdhSession from cache file[0m
[92m2022-11-26 18:54:53 I/Net 2645691758: Syncing friend message history...[0m
[92m2022-11-26 18:54:53 I/Net 2645691758: Start loading friend list...[0m
[0m2022-11-26 18:54:53 V/Net 2645691758: Send: StatSvc.GetDevLoginInfo(StatSvc.GetDevLoginInfo)[0m
[92m2022-11-26 18:54:53 I/Net 2645691758: Start loading stranger list...[0m
[0m2022-11-26 18:54:53 V/Net 2645691758: Send: OidbSvc.0x496(OidbSvc.0x496)[0m
[0m2022-11-26 18:54:53 V/Net 2645691758: Send: OidbSvc.0x5d2_0(OidbSvc.0x5d2_0)[0m
[0m2022-11-26 18:54:53 V/Net 2645691758: Send: friendlist.getFriendGroupList(friendlist.getFriendGroupList)[0m
[0m2022-11-26 18:54:53 V/Net 2645691758: Recv: OidbSvc.0x496[0m
[92m2022-11-26 18:54:53 I/Net 2645691758: Start loading group list...[0m
[0m2022-11-26 18:54:53 V/Net 2645691758: Send: friendlist.GetTroopListReqV2(friendlist.GetTroopListReqV2)[0m
[0m2022-11-26 18:54:53 V/Net 2645691758: Recv: OidbSvc.0x5d2_0[0m
[92m2022-11-26 18:54:53 I/Net 2645691758: Successfully loaded stranger list: 0 in total[0m
[92m2022-11-26 18:54:53 I/Net 2645691758: Syncing friend message history: Success.[0m
[0m2022-11-26 18:54:53 V/Net 2645691758: Recv: StatSvc.GetDevLoginInfo[0m
[92m2022-11-26 18:54:53 I/Net 2645691758: No OtherClient online.[0m
[0m2022-11-26 18:54:53 V/Net 2645691758: Recv: friendlist.getFriendGroupList[0m
[0m2022-11-26 18:54:53 V/Net 2645691758: Loading friend list: 4/4[0m
[92m2022-11-26 18:54:53 I/Net 2645691758: Successfully loaded friend list: 4 in total[0m
[92m2022-11-26 18:54:53 I/Net 2645691758: Start loading friendGroup list...[0m
[0m2022-11-26 18:54:53 V/Net 2645691758: Send: friendlist.getFriendGroupList(friendlist.getFriendGroupList)[0m
[0m2022-11-26 18:54:53 V/Net 2645691758: Recv: friendlist.GetTroopListReqV2[0m
[0m2022-11-26 18:54:53 V/Net 2645691758: Send: friendlist.GetTroopMemberListReq(friendlist.GetTroopMemberListReq)[0m
[0m2022-11-26 18:54:53 V/Net 2645691758: Recv: friendlist.getFriendGroupList[0m
[0m2022-11-26 18:54:53 V/Net 2645691758: Loading friendGroup list: 1/1[0m
[92m2022-11-26 18:54:53 I/Net 2645691758: Successfully loaded friendGroup list: 1 in total[0m
[0m2022-11-26 18:54:53 V/Net 2645691758: Recv: friendlist.GetTroopMemberListReq[0m
[92m2022-11-26 18:54:53 I/Net 2645691758: Successfully loaded group list: 1 in total.[0m
[92m2022-11-26 18:54:53 I/Net 2645691758: Scheduled refresh login session in 19d 23h 55min 0.0s.[0m
[92m2022-11-26 18:54:53 I/Net 2645691758: Scheduled key refresh in 23h 55min 0.0s.[0m
[0m2022-11-26 18:54:56 V/Net 2645691758: Saving bdh session to cache[0m
[0m2022-11-26 18:54:56 V/Net 2645691758: Send: ConfigPushSvc.PushResp(ConfigPushSvc.PushResp)[0m
[0m2022-11-26 18:54:56 V/Net 2645691758: Recv: ConfigPushSvc.PushReq[0m
[0m2022-11-26 20:29:39 V/Net 2645691758: Send: StatSvc.register(offline)[0m
[0m2022-11-26 20:29:49 V/Net 2645691758: Loading server list from cache.[0m
[0m2022-11-26 20:29:49 V/Net 2645691758: Server list: 42.81.194.23:443, 113.96.18.205:8080, 42.81.179.158:80, 183.47.117.200:14000, 58.212.179.34:80, 180.102.191.97:8080, 42.81.192.168:443, 180.101.246.123:8080, msfwifi.3g.qq.com:8080, 14.22.9.53:80.[0m
[92m2022-11-26 20:29:49 I/Net 2645691758: ECDH key is invalid, start to fetch ecdh public key from server.[0m
[31m2022-11-26 20:29:49 E/Net 2645691758: Failed to fetch ECDH public key from server, using default key instead
java.lang.NoClassDefFoundError: okhttp3/Request$Builder
	at net.mamoe.mirai.internal.deps.io.ktor.client.engine.okhttp.OkHttpEngineKt.convertToOkHttpRequest(OkHttpEngine.kt:183)
	at net.mamoe.mirai.internal.deps.io.ktor.client.engine.okhttp.OkHttpEngineKt.access$convertToOkHttpRequest(OkHttpEngine.kt:1)
	at net.mamoe.mirai.internal.deps.io.ktor.client.engine.okhttp.OkHttpEngine.execute(OkHttpEngine.kt:72)
	at net.mamoe.mirai.internal.deps.io.ktor.client.engine.HttpClientEngine$executeWithinCallContext$2.invokeSuspend(HttpClientEngine.kt:99)
	at kotlin.coroutines.jvm.internal.BaseContinuationImpl.resumeWith(ContinuationImpl.kt:33)
	at kotlinx.coroutines.DispatchedTask.run(DispatchedTask.kt:106)
	at kotlinx.coroutines.internal.LimitedDispatcher.run(LimitedDispatcher.kt:42)
	at kotlinx.coroutines.scheduling.TaskImpl.run(Tasks.kt:95)
	at kotlinx.coroutines.scheduling.CoroutineScheduler.runSafely(CoroutineScheduler.kt:570)
	at kotlinx.coroutines.scheduling.CoroutineScheduler$Worker.executeTask(CoroutineScheduler.kt:750)
	at kotlinx.coroutines.scheduling.CoroutineScheduler$Worker.runWorker(CoroutineScheduler.kt:677)
	at kotlinx.coroutines.scheduling.CoroutineScheduler$Worker.run(CoroutineScheduler.kt:664)
Caused by: java.lang.ClassNotFoundException: okhttp3.Request$Builder
	at java.base/jdk.internal.loader.BuiltinClassLoader.loadClass(BuiltinClassLoader.java:583)
	at java.base/jdk.internal.loader.ClassLoaders$AppClassLoader.loadClass(ClassLoaders.java:178)
	at java.base/java.lang.ClassLoader.loadClass(ClassLoader.java:521)
	... 12 more
[0m
[0m2022-11-26 20:29:49 V/Net 2645691758: Send: wtlogin.exchange_emp(10:fast-login)[0m
[0m2022-11-26 20:29:49 V/Net 2645691758: Recv: wtlogin.exchange_emp[0m
[0m2022-11-26 20:29:49 V/Net 2645691758: Send: StatSvc.register(online)[0m
[92m2022-11-26 20:29:49 I/Net 2645691758: Server time updated, serverTime: 1669465789, diff: 0ms=0.0s[0m
[0m2022-11-26 20:29:49 V/Net 2645691758: Recv: StatSvc.register[0m
[0m2022-11-26 20:29:49 V/Net 2645691758: Loading BdhSession from cache file[0m
[92m2022-11-26 20:29:49 I/Net 2645691758: Syncing friend message history...[0m
[92m2022-11-26 20:29:49 I/Net 2645691758: Start loading friend list...[0m
[92m2022-11-26 20:29:49 I/Net 2645691758: Start loading stranger list...[0m
[0m2022-11-26 20:29:49 V/Net 2645691758: Send: StatSvc.GetDevLoginInfo(StatSvc.GetDevLoginInfo)[0m
[0m2022-11-26 20:29:49 V/Net 2645691758: Send: OidbSvc.0x496(OidbSvc.0x496)[0m
[0m2022-11-26 20:29:49 V/Net 2645691758: Send: friendlist.getFriendGroupList(friendlist.getFriendGroupList)[0m
[0m2022-11-26 20:29:49 V/Net 2645691758: Send: OidbSvc.0x5d2_0(OidbSvc.0x5d2_0)[0m
[0m2022-11-26 20:29:49 V/Net 2645691758: Recv: OidbSvc.0x496[0m
[92m2022-11-26 20:29:49 I/Net 2645691758: Start loading group list...[0m
[0m2022-11-26 20:29:49 V/Net 2645691758: Send: friendlist.GetTroopListReqV2(friendlist.GetTroopListReqV2)[0m
[0m2022-11-26 20:29:49 V/Net 2645691758: Recv: OidbSvc.0x5d2_0[0m
[92m2022-11-26 20:29:49 I/Net 2645691758: Successfully loaded stranger list: 0 in total[0m
[92m2022-11-26 20:29:49 I/Net 2645691758: Syncing friend message history: Success.[0m
[0m2022-11-26 20:29:49 V/Net 2645691758: Recv: StatSvc.GetDevLoginInfo[0m
[92m2022-11-26 20:29:49 I/Net 2645691758: No OtherClient online.[0m
[0m2022-11-26 20:29:49 V/Net 2645691758: Recv: friendlist.getFriendGroupList[0m
[0m2022-11-26 20:29:49 V/Net 2645691758: Loading friend list: 4/4[0m
[92m2022-11-26 20:29:49 I/Net 2645691758: Successfully loaded friend list: 4 in total[0m
[92m2022-11-26 20:29:49 I/Net 2645691758: Start loading friendGroup list...[0m
[0m2022-11-26 20:29:49 V/Net 2645691758: Send: friendlist.getFriendGroupList(friendlist.getFriendGroupList)[0m
[0m2022-11-26 20:29:49 V/Net 2645691758: Recv: friendlist.GetTroopListReqV2[0m
[0m2022-11-26 20:29:49 V/Net 2645691758: Send: friendlist.GetTroopMemberListReq(friendlist.GetTroopMemberListReq)[0m
[0m2022-11-26 20:29:49 V/Net 2645691758: Recv: friendlist.getFriendGroupList[0m
[0m2022-11-26 20:29:49 V/Net 2645691758: Loading friendGroup list: 1/1[0m
[92m2022-11-26 20:29:49 I/Net 2645691758: Successfully loaded friendGroup list: 1 in total[0m
[0m2022-11-26 20:29:49 V/Net 2645691758: Recv: friendlist.GetTroopMemberListReq[0m
[92m2022-11-26 20:29:49 I/Net 2645691758: Successfully loaded group list: 1 in total.[0m
[92m2022-11-26 20:29:49 I/Net 2645691758: Scheduled refresh login session in 19d 23h 55min 0.0s.[0m
[92m2022-11-26 20:29:49 I/Net 2645691758: Scheduled key refresh in 23h 55min 0.0s.[0m
[0m2022-11-26 20:29:52 V/Net 2645691758: Server list: 59.83.208.219:8080, 59.83.207.234:80, 116.130.229.43:80, 157.148.54.141:443, 60.29.240.63:80, 153.3.149.65:14000, msfwifi.3g.qq.com:8080, 157.148.54.73:8080, 60.29.242.161:80, 157.148.54.249:8080.[0m
[0m2022-11-26 20:29:52 V/Net 2645691758: Saving bdh session to cache[0m
[0m2022-11-26 20:29:52 V/Net 2645691758: Saving server list to cache[0m
[0m2022-11-26 20:29:52 V/Net 2645691758: Send: ConfigPushSvc.PushResp(ConfigPushSvc.PushResp)[0m
[0m2022-11-26 20:29:52 V/Net 2645691758: Recv: ConfigPushSvc.PushReq[0m
[0m2022-11-26 20:29:52 V/Net 2645691758: Saving bdh session to cache[0m
[0m2022-11-26 20:29:52 V/Net 2645691758: Send: ConfigPushSvc.PushResp(ConfigPushSvc.PushResp)[0m
[0m2022-11-26 20:29:52 V/Net 2645691758: Recv: ConfigPushSvc.PushReq[0m
