[0m2022-11-24 07:06:04 V/Net 2645691758: Loading server list from cache.[0m
[0m2022-11-24 07:06:04 V/Net 2645691758: Server list: 112.80.130.81:443, 60.29.242.161:80, 157.148.42.213:443, 112.86.231.155:80, 59.83.208.208:14000, 116.130.229.21:80, 157.148.42.174:443, 157.148.54.249:8080, msfwifi.3g.qq.com:8080.[0m
[92m2022-11-24 07:06:04 I/Net 2645691758: ECDH key is invalid, start to fetch ecdh public key from server.[0m
[31m2022-11-24 07:06:04 E/Net 2645691758: Failed to fetch ECDH public key from server, using default key instead
java.lang.NoClassDefFoundError: okhttp3/Request$Builder
	at net.mamoe.mirai.internal.deps.io.ktor.client.engine.okhttp.OkHttpEngineKt.convertToOkHttpRequest(OkHttpEngine.kt:183)
	at net.mamoe.mirai.internal.deps.io.ktor.client.engine.okhttp.OkHttpEngineKt.access$convertToOkHttpRequest(OkHttpEngine.kt:1)
	at net.mamoe.mirai.internal.deps.io.ktor.client.engine.okhttp.OkHttpEngine.execute(OkHttpEngine.kt:72)
	at net.mamoe.mirai.internal.deps.io.ktor.client.engine.HttpClientEngine$executeWithinCallContext$2.invokeSuspend(HttpClientEngine.kt:99)
	at kotlin.coroutines.jvm.internal.BaseContinuationImpl.resumeWith(ContinuationImpl.kt:33)
	at kotlinx.coroutines.DispatchedTask.run(DispatchedTask.kt:106)
	at kotlinx.coroutines.internal.LimitedDispatcher.run(LimitedDispatcher.kt:42)
	at kotlinx.coroutines.scheduling.TaskImpl.run(Tasks.kt:95)
	at kotlinx.coroutines.scheduling.CoroutineScheduler.runSafely(CoroutineScheduler.kt:570)
	at kotlinx.coroutines.scheduling.CoroutineScheduler$Worker.executeTask(CoroutineScheduler.kt:750)
	at kotlinx.coroutines.scheduling.CoroutineScheduler$Worker.runWorker(CoroutineScheduler.kt:677)
	at kotlinx.coroutines.scheduling.CoroutineScheduler$Worker.run(CoroutineScheduler.kt:664)
Caused by: java.lang.ClassNotFoundException: okhttp3.Request$Builder
	at java.base/jdk.internal.loader.BuiltinClassLoader.loadClass(BuiltinClassLoader.java:583)
	at java.base/jdk.internal.loader.ClassLoaders$AppClassLoader.loadClass(ClassLoaders.java:178)
	at java.base/java.lang.ClassLoader.loadClass(ClassLoader.java:521)
	... 12 more
[0m
[0m2022-11-24 07:06:04 V/Net 2645691758: Send: wtlogin.exchange_emp(10:fast-login)[0m
[0m2022-11-24 07:06:05 V/Net 2645691758: Recv: wtlogin.exchange_emp[0m
[0m2022-11-24 07:06:05 V/Net 2645691758: Send: StatSvc.register(online)[0m
[92m2022-11-24 07:06:05 I/Net 2645691758: Server time updated, serverTime: 1669244765, diff: 0ms=0.0s[0m
[0m2022-11-24 07:06:05 V/Net 2645691758: Recv: StatSvc.register[0m
[0m2022-11-24 07:06:05 V/Net 2645691758: Loading BdhSession from cache file[0m
[92m2022-11-24 07:06:05 I/Net 2645691758: Syncing friend message history...[0m
[92m2022-11-24 07:06:05 I/Net 2645691758: Start loading friend list...[0m
[92m2022-11-24 07:06:05 I/Net 2645691758: Start loading stranger list...[0m
[0m2022-11-24 07:06:05 V/Net 2645691758: Send: StatSvc.GetDevLoginInfo(StatSvc.GetDevLoginInfo)[0m
[0m2022-11-24 07:06:05 V/Net 2645691758: Send: OidbSvc.0x496(OidbSvc.0x496)[0m
[0m2022-11-24 07:06:05 V/Net 2645691758: Send: OidbSvc.0x5d2_0(OidbSvc.0x5d2_0)[0m
[0m2022-11-24 07:06:05 V/Net 2645691758: Send: friendlist.getFriendGroupList(friendlist.getFriendGroupList)[0m
[0m2022-11-24 07:06:05 V/Net 2645691758: Recv: StatSvc.GetDevLoginInfo[0m
[92m2022-11-24 07:06:05 I/Net 2645691758: No OtherClient online.[0m
[0m2022-11-24 07:06:05 V/Net 2645691758: Recv: OidbSvc.0x496[0m
[92m2022-11-24 07:06:05 I/Net 2645691758: Start loading group list...[0m
[0m2022-11-24 07:06:05 V/Net 2645691758: Recv: OidbSvc.0x5d2_0[0m
[92m2022-11-24 07:06:05 I/Net 2645691758: Successfully loaded stranger list: 0 in total[0m
[0m2022-11-24 07:06:05 V/Net 2645691758: Send: friendlist.GetTroopListReqV2(friendlist.GetTroopListReqV2)[0m
[92m2022-11-24 07:06:05 I/Net 2645691758: Syncing friend message history: Success.[0m
[0m2022-11-24 07:06:05 V/Net 2645691758: Recv: friendlist.getFriendGroupList[0m
[0m2022-11-24 07:06:05 V/Net 2645691758: Loading friend list: 4/4[0m
[92m2022-11-24 07:06:05 I/Net 2645691758: Successfully loaded friend list: 4 in total[0m
[92m2022-11-24 07:06:05 I/Net 2645691758: Start loading friendGroup list...[0m
[0m2022-11-24 07:06:05 V/Net 2645691758: Send: friendlist.getFriendGroupList(friendlist.getFriendGroupList)[0m
[0m2022-11-24 07:06:05 V/Net 2645691758: Recv: friendlist.GetTroopListReqV2[0m
[0m2022-11-24 07:06:05 V/Net 2645691758: Send: friendlist.GetTroopMemberListReq(friendlist.GetTroopMemberListReq)[0m
[0m2022-11-24 07:06:05 V/Net 2645691758: Recv: friendlist.getFriendGroupList[0m
[0m2022-11-24 07:06:05 V/Net 2645691758: Loading friendGroup list: 1/1[0m
[92m2022-11-24 07:06:05 I/Net 2645691758: Successfully loaded friendGroup list: 1 in total[0m
[0m2022-11-24 07:06:05 V/Net 2645691758: Recv: friendlist.GetTroopMemberListReq[0m
[92m2022-11-24 07:06:05 I/Net 2645691758: Successfully loaded group list: 1 in total.[0m
[92m2022-11-24 07:06:05 I/Net 2645691758: Scheduled refresh login session in 19d 23h 55min 0.0s.[0m
[92m2022-11-24 07:06:05 I/Net 2645691758: Scheduled key refresh in 23h 55min 0.0s.[0m
[0m2022-11-24 07:06:08 V/Net 2645691758: Server list: 116.130.229.12:80, 60.29.240.63:80, 59.83.208.219:80, 220.194.118.230:80, 163.177.30.248:8080, 112.80.130.195:8080, 157.148.54.141:443, 59.83.207.254:14000, msfwifi.3g.qq.com:8080, 157.148.57.39:8080.[0m
[0m2022-11-24 07:06:08 V/Net 2645691758: Saving bdh session to cache[0m
[0m2022-11-24 07:06:08 V/Net 2645691758: Saving server list to cache[0m
[0m2022-11-24 07:06:08 V/Net 2645691758: Send: ConfigPushSvc.PushResp(ConfigPushSvc.PushResp)[0m
[0m2022-11-24 07:06:08 V/Net 2645691758: Recv: ConfigPushSvc.PushReq[0m
[0m2022-11-24 07:06:08 V/Net 2645691758: Saving bdh session to cache[0m
[0m2022-11-24 07:06:08 V/Net 2645691758: Send: ConfigPushSvc.PushResp(ConfigPushSvc.PushResp)[0m
[0m2022-11-24 07:06:08 V/Net 2645691758: Recv: ConfigPushSvc.PushReq[0m
[0m2022-11-24 07:06:27 V/Net 2645691758: Send: StatSvc.register(offline)[0m
[0m2022-11-24 07:06:33 V/Net 2645691758: Loading server list from cache.[0m
[0m2022-11-24 07:06:33 V/Net 2645691758: Server list: 116.130.229.12:80, 60.29.240.63:80, 59.83.208.219:80, 220.194.118.230:80, 163.177.30.248:8080, 112.80.130.195:8080, 157.148.54.141:443, 59.83.207.254:14000, msfwifi.3g.qq.com:8080, 157.148.57.39:8080.[0m
[92m2022-11-24 07:06:33 I/Net 2645691758: ECDH key is invalid, start to fetch ecdh public key from server.[0m
[31m2022-11-24 07:06:33 E/Net 2645691758: Failed to fetch ECDH public key from server, using default key instead
java.lang.NoClassDefFoundError: okhttp3/Request$Builder
	at net.mamoe.mirai.internal.deps.io.ktor.client.engine.okhttp.OkHttpEngineKt.convertToOkHttpRequest(OkHttpEngine.kt:183)
	at net.mamoe.mirai.internal.deps.io.ktor.client.engine.okhttp.OkHttpEngineKt.access$convertToOkHttpRequest(OkHttpEngine.kt:1)
	at net.mamoe.mirai.internal.deps.io.ktor.client.engine.okhttp.OkHttpEngine.execute(OkHttpEngine.kt:72)
	at net.mamoe.mirai.internal.deps.io.ktor.client.engine.HttpClientEngine$executeWithinCallContext$2.invokeSuspend(HttpClientEngine.kt:99)
	at kotlin.coroutines.jvm.internal.BaseContinuationImpl.resumeWith(ContinuationImpl.kt:33)
	at kotlinx.coroutines.DispatchedTask.run(DispatchedTask.kt:106)
	at kotlinx.coroutines.internal.LimitedDispatcher.run(LimitedDispatcher.kt:42)
	at kotlinx.coroutines.scheduling.TaskImpl.run(Tasks.kt:95)
	at kotlinx.coroutines.scheduling.CoroutineScheduler.runSafely(CoroutineScheduler.kt:570)
	at kotlinx.coroutines.scheduling.CoroutineScheduler$Worker.executeTask(CoroutineScheduler.kt:750)
	at kotlinx.coroutines.scheduling.CoroutineScheduler$Worker.runWorker(CoroutineScheduler.kt:677)
	at kotlinx.coroutines.scheduling.CoroutineScheduler$Worker.run(CoroutineScheduler.kt:664)
Caused by: java.lang.ClassNotFoundException: okhttp3.Request$Builder
	at java.base/jdk.internal.loader.BuiltinClassLoader.loadClass(BuiltinClassLoader.java:583)
	at java.base/jdk.internal.loader.ClassLoaders$AppClassLoader.loadClass(ClassLoaders.java:178)
	at java.base/java.lang.ClassLoader.loadClass(ClassLoader.java:521)
	... 12 more
[0m
[0m2022-11-24 07:06:33 V/Net 2645691758: Send: wtlogin.exchange_emp(10:fast-login)[0m
[0m2022-11-24 07:06:33 V/Net 2645691758: Recv: wtlogin.exchange_emp[0m
[0m2022-11-24 07:06:33 V/Net 2645691758: Send: StatSvc.register(online)[0m
[92m2022-11-24 07:06:33 I/Net 2645691758: Server time updated, serverTime: 1669244793, diff: 0ms=0.0s[0m
[0m2022-11-24 07:06:33 V/Net 2645691758: Recv: StatSvc.register[0m
[0m2022-11-24 07:06:33 V/Net 2645691758: Loading BdhSession from cache file[0m
[92m2022-11-24 07:06:33 I/Net 2645691758: Syncing friend message history...[0m
[92m2022-11-24 07:06:33 I/Net 2645691758: Start loading friend list...[0m
[92m2022-11-24 07:06:33 I/Net 2645691758: Start loading stranger list...[0m
[0m2022-11-24 07:06:33 V/Net 2645691758: Send: StatSvc.GetDevLoginInfo(StatSvc.GetDevLoginInfo)[0m
[0m2022-11-24 07:06:33 V/Net 2645691758: Send: OidbSvc.0x496(OidbSvc.0x496)[0m
[0m2022-11-24 07:06:33 V/Net 2645691758: Send: OidbSvc.0x5d2_0(OidbSvc.0x5d2_0)[0m
[0m2022-11-24 07:06:33 V/Net 2645691758: Send: friendlist.getFriendGroupList(friendlist.getFriendGroupList)[0m
[0m2022-11-24 07:06:33 V/Net 2645691758: Recv: OidbSvc.0x496[0m
[92m2022-11-24 07:06:33 I/Net 2645691758: Start loading group list...[0m
[0m2022-11-24 07:06:33 V/Net 2645691758: Send: friendlist.GetTroopListReqV2(friendlist.GetTroopListReqV2)[0m
[92m2022-11-24 07:06:33 I/Net 2645691758: Syncing friend message history: Success.[0m
[0m2022-11-24 07:06:33 V/Net 2645691758: Recv: OidbSvc.0x5d2_0[0m
[92m2022-11-24 07:06:33 I/Net 2645691758: Successfully loaded stranger list: 0 in total[0m
[0m2022-11-24 07:06:33 V/Net 2645691758: Recv: StatSvc.GetDevLoginInfo[0m
[92m2022-11-24 07:06:33 I/Net 2645691758: No OtherClient online.[0m
[0m2022-11-24 07:06:33 V/Net 2645691758: Recv: friendlist.getFriendGroupList[0m
[0m2022-11-24 07:06:33 V/Net 2645691758: Loading friend list: 4/4[0m
[92m2022-11-24 07:06:33 I/Net 2645691758: Successfully loaded friend list: 4 in total[0m
[92m2022-11-24 07:06:33 I/Net 2645691758: Start loading friendGroup list...[0m
[0m2022-11-24 07:06:33 V/Net 2645691758: Send: friendlist.getFriendGroupList(friendlist.getFriendGroupList)[0m
[0m2022-11-24 07:06:33 V/Net 2645691758: Recv: friendlist.GetTroopListReqV2[0m
[0m2022-11-24 07:06:33 V/Net 2645691758: Send: friendlist.GetTroopMemberListReq(friendlist.GetTroopMemberListReq)[0m
[0m2022-11-24 07:06:33 V/Net 2645691758: Recv: friendlist.getFriendGroupList[0m
[0m2022-11-24 07:06:33 V/Net 2645691758: Loading friendGroup list: 1/1[0m
[92m2022-11-24 07:06:33 I/Net 2645691758: Successfully loaded friendGroup list: 1 in total[0m
[0m2022-11-24 07:06:33 V/Net 2645691758: Recv: friendlist.GetTroopMemberListReq[0m
[92m2022-11-24 07:06:33 I/Net 2645691758: Successfully loaded group list: 1 in total.[0m
[92m2022-11-24 07:06:33 I/Net 2645691758: Scheduled refresh login session in 19d 23h 55min 0.0s.[0m
[92m2022-11-24 07:06:33 I/Net 2645691758: Scheduled key refresh in 23h 55min 0.0s.[0m
[0m2022-11-24 07:06:36 V/Net 2645691758: Saving bdh session to cache[0m
[0m2022-11-24 07:06:36 V/Net 2645691758: Send: ConfigPushSvc.PushResp(ConfigPushSvc.PushResp)[0m
[0m2022-11-24 07:06:36 V/Net 2645691758: Recv: ConfigPushSvc.PushReq[0m
[0m2022-11-24 07:10:21 V/Net 2645691758: Send: StatSvc.GetDevLoginInfo(StatSvc.GetDevLoginInfo)[0m
[0m2022-11-24 07:10:21 V/Net 2645691758: Recv: StatSvc.GetDevLoginInfo[0m
[0m2022-11-24 07:10:21 V/Net 2645691758: Recv: StatSvc.SvcReqMSFLoginNotify[0m
[0m2022-11-24 07:10:24 V/Net 2645691758: Recv: StatSvc.SvcReqMSFLoginNotify[0m
[0m2022-11-24 07:10:42 V/Net 2645691758: Loading server list from cache.[0m
[0m2022-11-24 07:10:42 V/Net 2645691758: Server list: 116.130.229.12:80, 60.29.240.63:80, 59.83.208.219:80, 220.194.118.230:80, 163.177.30.248:8080, 112.80.130.195:8080, 157.148.54.141:443, 59.83.207.254:14000, msfwifi.3g.qq.com:8080, 157.148.57.39:8080.[0m
[92m2022-11-24 07:10:42 I/Net 2645691758: ECDH key is invalid, start to fetch ecdh public key from server.[0m
[31m2022-11-24 07:10:42 E/Net 2645691758: Failed to fetch ECDH public key from server, using default key instead
java.lang.NoClassDefFoundError: okhttp3/Request$Builder
	at net.mamoe.mirai.internal.deps.io.ktor.client.engine.okhttp.OkHttpEngineKt.convertToOkHttpRequest(OkHttpEngine.kt:183)
	at net.mamoe.mirai.internal.deps.io.ktor.client.engine.okhttp.OkHttpEngineKt.access$convertToOkHttpRequest(OkHttpEngine.kt:1)
	at net.mamoe.mirai.internal.deps.io.ktor.client.engine.okhttp.OkHttpEngine.execute(OkHttpEngine.kt:72)
	at net.mamoe.mirai.internal.deps.io.ktor.client.engine.HttpClientEngine$executeWithinCallContext$2.invokeSuspend(HttpClientEngine.kt:99)
	at kotlin.coroutines.jvm.internal.BaseContinuationImpl.resumeWith(ContinuationImpl.kt:33)
	at kotlinx.coroutines.DispatchedTask.run(DispatchedTask.kt:106)
	at kotlinx.coroutines.internal.LimitedDispatcher.run(LimitedDispatcher.kt:42)
	at kotlinx.coroutines.scheduling.TaskImpl.run(Tasks.kt:95)
	at kotlinx.coroutines.scheduling.CoroutineScheduler.runSafely(CoroutineScheduler.kt:570)
	at kotlinx.coroutines.scheduling.CoroutineScheduler$Worker.executeTask(CoroutineScheduler.kt:750)
	at kotlinx.coroutines.scheduling.CoroutineScheduler$Worker.runWorker(CoroutineScheduler.kt:677)
	at kotlinx.coroutines.scheduling.CoroutineScheduler$Worker.run(CoroutineScheduler.kt:664)
[0m
[0m2022-11-24 07:10:42 V/Net 2645691758: Send: wtlogin.exchange_emp(10:fast-login)[0m
[0m2022-11-24 07:10:42 V/Net 2645691758: Recv: wtlogin.exchange_emp[0m
[0m2022-11-24 07:10:42 V/Net 2645691758: Send: StatSvc.register(online)[0m
[92m2022-11-24 07:10:42 I/Net 2645691758: Server time updated, serverTime: 1669245042, diff: 0ms=0.0s[0m
[0m2022-11-24 07:10:42 V/Net 2645691758: Recv: StatSvc.register[0m
[0m2022-11-24 07:10:42 V/Net 2645691758: Loading BdhSession from cache file[0m
[92m2022-11-24 07:10:42 I/Net 2645691758: Syncing friend message history...[0m
[92m2022-11-24 07:10:42 I/Net 2645691758: Start loading friend list...[0m
[92m2022-11-24 07:10:42 I/Net 2645691758: Start loading stranger list...[0m
[0m2022-11-24 07:10:42 V/Net 2645691758: Send: OidbSvc.0x5d2_0(OidbSvc.0x5d2_0)[0m
[0m2022-11-24 07:10:42 V/Net 2645691758: Send: OidbSvc.0x496(OidbSvc.0x496)[0m
[0m2022-11-24 07:10:42 V/Net 2645691758: Send: StatSvc.GetDevLoginInfo(StatSvc.GetDevLoginInfo)[0m
[0m2022-11-24 07:10:42 V/Net 2645691758: Send: friendlist.getFriendGroupList(friendlist.getFriendGroupList)[0m
[0m2022-11-24 07:10:42 V/Net 2645691758: Recv: OidbSvc.0x5d2_0[0m
[92m2022-11-24 07:10:42 I/Net 2645691758: Successfully loaded stranger list: 0 in total[0m
[0m2022-11-24 07:10:42 V/Net 2645691758: Recv: OidbSvc.0x496[0m
[92m2022-11-24 07:10:42 I/Net 2645691758: Start loading group list...[0m
[0m2022-11-24 07:10:42 V/Net 2645691758: Send: friendlist.GetTroopListReqV2(friendlist.GetTroopListReqV2)[0m
[92m2022-11-24 07:10:42 I/Net 2645691758: Syncing friend message history: Success.[0m
[0m2022-11-24 07:10:42 V/Net 2645691758: Recv: StatSvc.GetDevLoginInfo[0m
[92m2022-11-24 07:10:42 I/Net 2645691758: No OtherClient online.[0m
[0m2022-11-24 07:10:42 V/Net 2645691758: Recv: friendlist.getFriendGroupList[0m
[0m2022-11-24 07:10:42 V/Net 2645691758: Loading friend list: 4/4[0m
[92m2022-11-24 07:10:42 I/Net 2645691758: Successfully loaded friend list: 4 in total[0m
[92m2022-11-24 07:10:42 I/Net 2645691758: Start loading friendGroup list...[0m
[0m2022-11-24 07:10:42 V/Net 2645691758: Send: friendlist.getFriendGroupList(friendlist.getFriendGroupList)[0m
[0m2022-11-24 07:10:42 V/Net 2645691758: Recv: friendlist.GetTroopListReqV2[0m
[0m2022-11-24 07:10:42 V/Net 2645691758: Send: friendlist.GetTroopMemberListReq(friendlist.GetTroopMemberListReq)[0m
[0m2022-11-24 07:10:42 V/Net 2645691758: Recv: friendlist.getFriendGroupList[0m
[0m2022-11-24 07:10:42 V/Net 2645691758: Loading friendGroup list: 1/1[0m
[92m2022-11-24 07:10:42 I/Net 2645691758: Successfully loaded friendGroup list: 1 in total[0m
[0m2022-11-24 07:10:43 V/Net 2645691758: Recv: friendlist.GetTroopMemberListReq[0m
[92m2022-11-24 07:10:43 I/Net 2645691758: Successfully loaded group list: 1 in total.[0m
[92m2022-11-24 07:10:43 I/Net 2645691758: Scheduled refresh login session in 19d 23h 55min 0.0s.[0m
[92m2022-11-24 07:10:43 I/Net 2645691758: Scheduled key refresh in 23h 55min 0.0s.[0m
[0m2022-11-24 07:10:45 V/Net 2645691758: Saving bdh session to cache[0m
[0m2022-11-24 07:10:45 V/Net 2645691758: Send: ConfigPushSvc.PushResp(ConfigPushSvc.PushResp)[0m
[0m2022-11-24 07:10:45 V/Net 2645691758: Recv: ConfigPushSvc.PushReq[0m
[91m2022-11-24 07:10:48 W/Net 2645691758: Exception in resumeConnection.
NettyChannelException(message=null, cause=null)
	at net.mamoe.mirai.internal.network.impl.netty.NettyNetworkHandler.createConnection$lambda-3(NettyNetworkHandler.kt:127)
	at io.netty.util.concurrent.DefaultPromise.notifyListener0(DefaultPromise.java:578)
	at io.netty.util.concurrent.DefaultPromise.notifyListenersNow(DefaultPromise.java:552)
	at io.netty.util.concurrent.DefaultPromise.notifyListeners(DefaultPromise.java:491)
	at io.netty.util.concurrent.DefaultPromise.setValue0(DefaultPromise.java:616)
	at io.netty.util.concurrent.DefaultPromise.setSuccess0(DefaultPromise.java:605)
	at io.netty.util.concurrent.DefaultPromise.trySuccess(DefaultPromise.java:104)
	at io.netty.channel.DefaultChannelPromise.trySuccess(DefaultChannelPromise.java:84)
	at io.netty.channel.AbstractChannel$CloseFuture.setClosed(AbstractChannel.java:1186)
	at io.netty.channel.AbstractChannel$AbstractUnsafe.doClose0(AbstractChannel.java:773)
	at io.netty.channel.AbstractChannel$AbstractUnsafe.close(AbstractChannel.java:749)
	at io.netty.channel.AbstractChannel$AbstractUnsafe.close(AbstractChannel.java:620)
	at io.netty.channel.nio.AbstractNioByteChannel$NioByteUnsafe.closeOnRead(AbstractNioByteChannel.java:105)
	at io.netty.channel.nio.AbstractNioByteChannel$NioByteUnsafe.read(AbstractNioByteChannel.java:174)
	at io.netty.channel.nio.NioEventLoop.processSelectedKey(NioEventLoop.java:719)
	at io.netty.channel.nio.NioEventLoop.processSelectedKeysOptimized(NioEventLoop.java:655)
	at io.netty.channel.nio.NioEventLoop.processSelectedKeys(NioEventLoop.java:581)
	at io.netty.channel.nio.NioEventLoop.run(NioEventLoop.java:493)
	at io.netty.util.concurrent.SingleThreadEventExecutor$4.run(SingleThreadEventExecutor.java:989)
	at io.netty.util.internal.ThreadExecutorMap$2.run(ThreadExecutorMap.java:74)
	at io.netty.util.concurrent.FastThreadLocalRunnable.run(FastThreadLocalRunnable.java:30)
	at java.base/java.lang.Thread.run(Thread.java:834)
[0m
[91m2022-11-24 07:10:48 W/Net 2645691758: Exception in resumeConnection.
NettyChannelException(message=null, cause=null)
	at net.mamoe.mirai.internal.network.impl.netty.NettyNetworkHandler.createConnection$lambda-3(NettyNetworkHandler.kt:127)
	at io.netty.util.concurrent.DefaultPromise.notifyListener0(DefaultPromise.java:578)
	at io.netty.util.concurrent.DefaultPromise.notifyListenersNow(DefaultPromise.java:552)
	at io.netty.util.concurrent.DefaultPromise.notifyListeners(DefaultPromise.java:491)
	at io.netty.util.concurrent.DefaultPromise.setValue0(DefaultPromise.java:616)
	at io.netty.util.concurrent.DefaultPromise.setSuccess0(DefaultPromise.java:605)
	at io.netty.util.concurrent.DefaultPromise.trySuccess(DefaultPromise.java:104)
	at io.netty.channel.DefaultChannelPromise.trySuccess(DefaultChannelPromise.java:84)
	at io.netty.channel.AbstractChannel$CloseFuture.setClosed(AbstractChannel.java:1186)
	at io.netty.channel.AbstractChannel$AbstractUnsafe.doClose0(AbstractChannel.java:773)
	at io.netty.channel.AbstractChannel$AbstractUnsafe.close(AbstractChannel.java:749)
	at io.netty.channel.AbstractChannel$AbstractUnsafe.close(AbstractChannel.java:620)
	at io.netty.channel.nio.AbstractNioByteChannel$NioByteUnsafe.closeOnRead(AbstractNioByteChannel.java:105)
	at io.netty.channel.nio.AbstractNioByteChannel$NioByteUnsafe.read(AbstractNioByteChannel.java:174)
	at io.netty.channel.nio.NioEventLoop.processSelectedKey(NioEventLoop.java:719)
	at io.netty.channel.nio.NioEventLoop.processSelectedKeysOptimized(NioEventLoop.java:655)
	at io.netty.channel.nio.NioEventLoop.processSelectedKeys(NioEventLoop.java:581)
	at io.netty.channel.nio.NioEventLoop.run(NioEventLoop.java:493)
	at io.netty.util.concurrent.SingleThreadEventExecutor$4.run(SingleThreadEventExecutor.java:989)
	at io.netty.util.internal.ThreadExecutorMap$2.run(ThreadExecutorMap.java:74)
	at io.netty.util.concurrent.FastThreadLocalRunnable.run(FastThreadLocalRunnable.java:30)
	at java.base/java.lang.Thread.run(Thread.java:834)
[0m
[0m2022-11-24 07:10:48 V/Net 2645691758: Loading server list from cache.[0m
[0m2022-11-24 07:10:48 V/Net 2645691758: Server list: 116.130.229.12:80, 60.29.240.63:80, 59.83.208.219:80, 220.194.118.230:80, 163.177.30.248:8080, 112.80.130.195:8080, 157.148.54.141:443, 59.83.207.254:14000, msfwifi.3g.qq.com:8080, 157.148.57.39:8080.[0m
[92m2022-11-24 07:10:48 I/Net 2645691758: ECDH key is invalid, start to fetch ecdh public key from server.[0m
[31m2022-11-24 07:10:48 E/Net 2645691758: Failed to fetch ECDH public key from server, using default key instead
java.lang.NoClassDefFoundError: okhttp3/Request$Builder
	at net.mamoe.mirai.internal.deps.io.ktor.client.engine.okhttp.OkHttpEngineKt.convertToOkHttpRequest(OkHttpEngine.kt:183)
	at net.mamoe.mirai.internal.deps.io.ktor.client.engine.okhttp.OkHttpEngineKt.access$convertToOkHttpRequest(OkHttpEngine.kt:1)
	at net.mamoe.mirai.internal.deps.io.ktor.client.engine.okhttp.OkHttpEngine.execute(OkHttpEngine.kt:72)
	at net.mamoe.mirai.internal.deps.io.ktor.client.engine.HttpClientEngine$executeWithinCallContext$2.invokeSuspend(HttpClientEngine.kt:99)
	at kotlin.coroutines.jvm.internal.BaseContinuationImpl.resumeWith(ContinuationImpl.kt:33)
	at kotlinx.coroutines.DispatchedTask.run(DispatchedTask.kt:106)
	at kotlinx.coroutines.internal.LimitedDispatcher.run(LimitedDispatcher.kt:42)
	at kotlinx.coroutines.scheduling.TaskImpl.run(Tasks.kt:95)
	at kotlinx.coroutines.scheduling.CoroutineScheduler.runSafely(CoroutineScheduler.kt:570)
	at kotlinx.coroutines.scheduling.CoroutineScheduler$Worker.executeTask(CoroutineScheduler.kt:750)
	at kotlinx.coroutines.scheduling.CoroutineScheduler$Worker.runWorker(CoroutineScheduler.kt:677)
	at kotlinx.coroutines.scheduling.CoroutineScheduler$Worker.run(CoroutineScheduler.kt:664)
[0m
[0m2022-11-24 07:10:48 V/Net 2645691758: Send: wtlogin.exchange_emp(10:fast-login)[0m
[0m2022-11-24 07:10:48 V/Net 2645691758: Recv: wtlogin.exchange_emp[0m
[0m2022-11-24 07:10:48 V/Net 2645691758: Send: StatSvc.register(online)[0m
[92m2022-11-24 07:10:48 I/Net 2645691758: Server time updated, serverTime: 1669245048, diff: 0ms=0.0s[0m
[0m2022-11-24 07:10:48 V/Net 2645691758: Recv: StatSvc.register[0m
[92m2022-11-24 07:10:48 I/Net 2645691758: Scheduled refresh login session in 19d 23h 55min 0.0s.[0m
[92m2022-11-24 07:10:48 I/Net 2645691758: Scheduled key refresh in 23h 55min 0.0s.[0m
[0m2022-11-24 07:10:51 V/Net 2645691758: Server list: 119.147.190.142:8080, 42.81.179.212:80, 117.62.243.156:443, 183.47.101.173:14000, 180.109.52.200:8080, 123.151.54.194:443, 42.81.179.212:443, msfwifi.3g.qq.com:8080, 58.212.179.125:80, 183.47.98.25:8080.[0m
[0m2022-11-24 07:10:51 V/Net 2645691758: Saving bdh session to cache[0m
[0m2022-11-24 07:10:51 V/Net 2645691758: Saving server list to cache[0m
[0m2022-11-24 07:10:51 V/Net 2645691758: Send: ConfigPushSvc.PushResp(ConfigPushSvc.PushResp)[0m
[0m2022-11-24 07:10:51 V/Net 2645691758: Recv: ConfigPushSvc.PushReq[0m
[0m2022-11-24 07:10:51 V/Net 2645691758: Saving bdh session to cache[0m
[0m2022-11-24 07:10:51 V/Net 2645691758: Send: ConfigPushSvc.PushResp(ConfigPushSvc.PushResp)[0m
[0m2022-11-24 07:10:51 V/Net 2645691758: Recv: ConfigPushSvc.PushReq[0m
[31m2022-11-24 07:15:13 E/Net 2645691758: Exception in coroutine 'unnamed'
ExceptionInPacketCodecException(cause=java.lang.IllegalStateException: 32)
	at net.mamoe.mirai.internal.network.handler.CommonNetworkHandler.handleExceptionInDecoding$passToExceptionHandler(CommonNetworkHandler.kt:57)
	at net.mamoe.mirai.internal.network.handler.CommonNetworkHandler.handleExceptionInDecoding(CommonNetworkHandler.kt:70)
	at net.mamoe.mirai.internal.network.handler.CommonNetworkHandler$PacketDecodePipeline$1.invokeSuspend(CommonNetworkHandler.kt:129)
	at kotlin.coroutines.jvm.internal.BaseContinuationImpl.resumeWith(ContinuationImpl.kt:33)
	at kotlinx.coroutines.DispatchedTask.run(DispatchedTask.kt:106)
	at io.netty.util.concurrent.AbstractEventExecutor.safeExecute(AbstractEventExecutor.java:164)
	at io.netty.util.concurrent.SingleThreadEventExecutor.runAllTasks(SingleThreadEventExecutor.java:472)
	at io.netty.channel.nio.NioEventLoop.run(NioEventLoop.java:500)
	at io.netty.util.concurrent.SingleThreadEventExecutor$4.run(SingleThreadEventExecutor.java:989)
	at io.netty.util.internal.ThreadExecutorMap$2.run(ThreadExecutorMap.java:74)
	at io.netty.util.concurrent.FastThreadLocalRunnable.run(FastThreadLocalRunnable.java:30)
	at java.base/java.lang.Thread.run(Thread.java:834)
Caused by: java.lang.IllegalStateException: 32
	at net.mamoe.mirai.internal.network.components.PacketCodecImpl.parseOicqResponse(PacketCodec.kt:247)
	at net.mamoe.mirai.internal.network.components.PacketCodecImpl.decodeRaw(PacketCodec.kt:142)
	at net.mamoe.mirai.internal.network.handler.CommonNetworkHandler$PacketDecodePipeline.decodePacket(CommonNetworkHandler.kt:148)
	at net.mamoe.mirai.internal.network.handler.CommonNetworkHandler$PacketDecodePipeline.access$decodePacket(CommonNetworkHandler.kt:102)
	at net.mamoe.mirai.internal.network.handler.CommonNetworkHandler$PacketDecodePipeline$1.invokeSuspend(CommonNetworkHandler.kt:125)
	... 9 more
	Suppressed: net.mamoe.mirai.internal.network.components.PacketCodecException: java.lang.IllegalStateException: 32
		at net.mamoe.mirai.internal.network.components.PacketCodecImpl.decodeRaw(PacketCodec.kt:144)
		... 12 more
	[CIRCULAR REFERENCE:java.lang.IllegalStateException: 32]
[0m
[31m2022-11-24 07:15:13 E/Net 2645691758: Exception in coroutine 'unnamed'
ExceptionInPacketCodecException(cause=java.lang.IllegalStateException: 32)
	at net.mamoe.mirai.internal.network.handler.CommonNetworkHandler.handleExceptionInDecoding$passToExceptionHandler(CommonNetworkHandler.kt:57)
	at net.mamoe.mirai.internal.network.handler.CommonNetworkHandler.handleExceptionInDecoding(CommonNetworkHandler.kt:74)
	at net.mamoe.mirai.internal.network.handler.CommonNetworkHandler$PacketDecodePipeline$1.invokeSuspend(CommonNetworkHandler.kt:129)
	at kotlin.coroutines.jvm.internal.BaseContinuationImpl.resumeWith(ContinuationImpl.kt:33)
	at kotlinx.coroutines.DispatchedTask.run(DispatchedTask.kt:106)
	at io.netty.util.concurrent.AbstractEventExecutor.safeExecute(AbstractEventExecutor.java:164)
	at io.netty.util.concurrent.SingleThreadEventExecutor.runAllTasks(SingleThreadEventExecutor.java:472)
	at io.netty.channel.nio.NioEventLoop.run(NioEventLoop.java:500)
	at io.netty.util.concurrent.SingleThreadEventExecutor$4.run(SingleThreadEventExecutor.java:989)
	at io.netty.util.internal.ThreadExecutorMap$2.run(ThreadExecutorMap.java:74)
	at io.netty.util.concurrent.FastThreadLocalRunnable.run(FastThreadLocalRunnable.java:30)
	at java.base/java.lang.Thread.run(Thread.java:834)
Caused by: java.lang.IllegalStateException: 32
	at net.mamoe.mirai.internal.network.components.PacketCodecImpl.parseOicqResponse(PacketCodec.kt:247)
	at net.mamoe.mirai.internal.network.components.PacketCodecImpl.decodeRaw(PacketCodec.kt:142)
	at net.mamoe.mirai.internal.network.handler.CommonNetworkHandler$PacketDecodePipeline.decodePacket(CommonNetworkHandler.kt:148)
	at net.mamoe.mirai.internal.network.handler.CommonNetworkHandler$PacketDecodePipeline.access$decodePacket(CommonNetworkHandler.kt:102)
	at net.mamoe.mirai.internal.network.handler.CommonNetworkHandler$PacketDecodePipeline$1.invokeSuspend(CommonNetworkHandler.kt:125)
	... 9 more
	Suppressed: net.mamoe.mirai.internal.network.components.PacketCodecException: java.lang.IllegalStateException: 32
		at net.mamoe.mirai.internal.network.components.PacketCodecImpl.decodeRaw(PacketCodec.kt:144)
		... 12 more
	[CIRCULAR REFERENCE:java.lang.IllegalStateException: 32]
	[CIRCULAR REFERENCE:net.mamoe.mirai.internal.network.components.PacketCodecException: java.lang.IllegalStateException: 32]
[0m
[31m2022-11-24 07:15:13 E/Net 2645691758: Error while decoding packet 'ByteReadPacket(0 bytes remaining)'
net.mamoe.mirai.internal.network.components.PacketCodecException: java.lang.IllegalStateException: 32
	at net.mamoe.mirai.internal.network.components.PacketCodecImpl.decodeRaw(PacketCodec.kt:144)
	at net.mamoe.mirai.internal.network.handler.CommonNetworkHandler$PacketDecodePipeline.decodePacket(CommonNetworkHandler.kt:148)
	at net.mamoe.mirai.internal.network.handler.CommonNetworkHandler$PacketDecodePipeline.access$decodePacket(CommonNetworkHandler.kt:102)
	at net.mamoe.mirai.internal.network.handler.CommonNetworkHandler$PacketDecodePipeline$1.invokeSuspend(CommonNetworkHandler.kt:125)
	at kotlin.coroutines.jvm.internal.BaseContinuationImpl.resumeWith(ContinuationImpl.kt:33)
	at kotlinx.coroutines.DispatchedTask.run(DispatchedTask.kt:106)
	at io.netty.util.concurrent.AbstractEventExecutor.safeExecute(AbstractEventExecutor.java:164)
	at io.netty.util.concurrent.SingleThreadEventExecutor.runAllTasks(SingleThreadEventExecutor.java:472)
	at io.netty.channel.nio.NioEventLoop.run(NioEventLoop.java:500)
	at io.netty.util.concurrent.SingleThreadEventExecutor$4.run(SingleThreadEventExecutor.java:989)
	at io.netty.util.internal.ThreadExecutorMap$2.run(ThreadExecutorMap.java:74)
	at io.netty.util.concurrent.FastThreadLocalRunnable.run(FastThreadLocalRunnable.java:30)
	at java.base/java.lang.Thread.run(Thread.java:834)
Caused by: java.lang.IllegalStateException: 32
	at net.mamoe.mirai.internal.network.components.PacketCodecImpl.parseOicqResponse(PacketCodec.kt:247)
	at net.mamoe.mirai.internal.network.components.PacketCodecImpl.decodeRaw(PacketCodec.kt:142)
	... 12 more
	[CIRCULAR REFERENCE:net.mamoe.mirai.internal.network.components.PacketCodecException: java.lang.IllegalStateException: 32]
	[CIRCULAR REFERENCE:net.mamoe.mirai.internal.network.components.PacketCodecException: java.lang.IllegalStateException: 32]
[0m
[31m2022-11-24 07:15:13 E/Net 2645691758: Exception in coroutine 'unnamed'
ExceptionInPacketCodecException(cause=java.lang.IllegalStateException: 32)
	at net.mamoe.mirai.internal.network.handler.CommonNetworkHandler.handleExceptionInDecoding$passToExceptionHandler(CommonNetworkHandler.kt:57)
	at net.mamoe.mirai.internal.network.handler.CommonNetworkHandler.handleExceptionInDecoding(CommonNetworkHandler.kt:70)
	at net.mamoe.mirai.internal.network.handler.CommonNetworkHandler$PacketDecodePipeline$1.invokeSuspend(CommonNetworkHandler.kt:129)
	at kotlin.coroutines.jvm.internal.BaseContinuationImpl.resumeWith(ContinuationImpl.kt:33)
	at kotlinx.coroutines.DispatchedTask.run(DispatchedTask.kt:106)
	at io.netty.util.concurrent.AbstractEventExecutor.safeExecute(AbstractEventExecutor.java:164)
	at io.netty.util.concurrent.SingleThreadEventExecutor.runAllTasks(SingleThreadEventExecutor.java:472)
	at io.netty.channel.nio.NioEventLoop.run(NioEventLoop.java:500)
	at io.netty.util.concurrent.SingleThreadEventExecutor$4.run(SingleThreadEventExecutor.java:989)
	at io.netty.util.internal.ThreadExecutorMap$2.run(ThreadExecutorMap.java:74)
	at io.netty.util.concurrent.FastThreadLocalRunnable.run(FastThreadLocalRunnable.java:30)
	at java.base/java.lang.Thread.run(Thread.java:834)
Caused by: java.lang.IllegalStateException: 32
	at net.mamoe.mirai.internal.network.components.PacketCodecImpl.parseOicqResponse(PacketCodec.kt:247)
	at net.mamoe.mirai.internal.network.components.PacketCodecImpl.decodeRaw(PacketCodec.kt:142)
	at net.mamoe.mirai.internal.network.handler.CommonNetworkHandler$PacketDecodePipeline.decodePacket(CommonNetworkHandler.kt:148)
	at net.mamoe.mirai.internal.network.handler.CommonNetworkHandler$PacketDecodePipeline.access$decodePacket(CommonNetworkHandler.kt:102)
	at net.mamoe.mirai.internal.network.handler.CommonNetworkHandler$PacketDecodePipeline$1.invokeSuspend(CommonNetworkHandler.kt:125)
	... 9 more
	Suppressed: net.mamoe.mirai.internal.network.components.PacketCodecException: java.lang.IllegalStateException: 32
		at net.mamoe.mirai.internal.network.components.PacketCodecImpl.decodeRaw(PacketCodec.kt:144)
		... 12 more
	[CIRCULAR REFERENCE:java.lang.IllegalStateException: 32]
[0m
[31m2022-11-24 07:15:13 E/Net 2645691758: Exception in coroutine 'unnamed'
ExceptionInPacketCodecException(cause=java.lang.IllegalStateException: 32)
	at net.mamoe.mirai.internal.network.handler.CommonNetworkHandler.handleExceptionInDecoding$passToExceptionHandler(CommonNetworkHandler.kt:57)
	at net.mamoe.mirai.internal.network.handler.CommonNetworkHandler.handleExceptionInDecoding(CommonNetworkHandler.kt:74)
	at net.mamoe.mirai.internal.network.handler.CommonNetworkHandler$PacketDecodePipeline$1.invokeSuspend(CommonNetworkHandler.kt:129)
	at kotlin.coroutines.jvm.internal.BaseContinuationImpl.resumeWith(ContinuationImpl.kt:33)
	at kotlinx.coroutines.DispatchedTask.run(DispatchedTask.kt:106)
	at io.netty.util.concurrent.AbstractEventExecutor.safeExecute(AbstractEventExecutor.java:164)
	at io.netty.util.concurrent.SingleThreadEventExecutor.runAllTasks(SingleThreadEventExecutor.java:472)
	at io.netty.channel.nio.NioEventLoop.run(NioEventLoop.java:500)
	at io.netty.util.concurrent.SingleThreadEventExecutor$4.run(SingleThreadEventExecutor.java:989)
	at io.netty.util.internal.ThreadExecutorMap$2.run(ThreadExecutorMap.java:74)
	at io.netty.util.concurrent.FastThreadLocalRunnable.run(FastThreadLocalRunnable.java:30)
	at java.base/java.lang.Thread.run(Thread.java:834)
Caused by: java.lang.IllegalStateException: 32
	at net.mamoe.mirai.internal.network.components.PacketCodecImpl.parseOicqResponse(PacketCodec.kt:247)
	at net.mamoe.mirai.internal.network.components.PacketCodecImpl.decodeRaw(PacketCodec.kt:142)
	at net.mamoe.mirai.internal.network.handler.CommonNetworkHandler$PacketDecodePipeline.decodePacket(CommonNetworkHandler.kt:148)
	at net.mamoe.mirai.internal.network.handler.CommonNetworkHandler$PacketDecodePipeline.access$decodePacket(CommonNetworkHandler.kt:102)
	at net.mamoe.mirai.internal.network.handler.CommonNetworkHandler$PacketDecodePipeline$1.invokeSuspend(CommonNetworkHandler.kt:125)
	... 9 more
	Suppressed: net.mamoe.mirai.internal.network.components.PacketCodecException: java.lang.IllegalStateException: 32
		at net.mamoe.mirai.internal.network.components.PacketCodecImpl.decodeRaw(PacketCodec.kt:144)
		... 12 more
	[CIRCULAR REFERENCE:java.lang.IllegalStateException: 32]
	[CIRCULAR REFERENCE:net.mamoe.mirai.internal.network.components.PacketCodecException: java.lang.IllegalStateException: 32]
[0m
[31m2022-11-24 07:15:13 E/Net 2645691758: Error while decoding packet 'ByteReadPacket(0 bytes remaining)'
net.mamoe.mirai.internal.network.components.PacketCodecException: java.lang.IllegalStateException: 32
	at net.mamoe.mirai.internal.network.components.PacketCodecImpl.decodeRaw(PacketCodec.kt:144)
	at net.mamoe.mirai.internal.network.handler.CommonNetworkHandler$PacketDecodePipeline.decodePacket(CommonNetworkHandler.kt:148)
	at net.mamoe.mirai.internal.network.handler.CommonNetworkHandler$PacketDecodePipeline.access$decodePacket(CommonNetworkHandler.kt:102)
	at net.mamoe.mirai.internal.network.handler.CommonNetworkHandler$PacketDecodePipeline$1.invokeSuspend(CommonNetworkHandler.kt:125)
	at kotlin.coroutines.jvm.internal.BaseContinuationImpl.resumeWith(ContinuationImpl.kt:33)
	at kotlinx.coroutines.DispatchedTask.run(DispatchedTask.kt:106)
	at io.netty.util.concurrent.AbstractEventExecutor.safeExecute(AbstractEventExecutor.java:164)
	at io.netty.util.concurrent.SingleThreadEventExecutor.runAllTasks(SingleThreadEventExecutor.java:472)
	at io.netty.channel.nio.NioEventLoop.run(NioEventLoop.java:500)
	at io.netty.util.concurrent.SingleThreadEventExecutor$4.run(SingleThreadEventExecutor.java:989)
	at io.netty.util.internal.ThreadExecutorMap$2.run(ThreadExecutorMap.java:74)
	at io.netty.util.concurrent.FastThreadLocalRunnable.run(FastThreadLocalRunnable.java:30)
	at java.base/java.lang.Thread.run(Thread.java:834)
Caused by: java.lang.IllegalStateException: 32
	at net.mamoe.mirai.internal.network.components.PacketCodecImpl.parseOicqResponse(PacketCodec.kt:247)
	at net.mamoe.mirai.internal.network.components.PacketCodecImpl.decodeRaw(PacketCodec.kt:142)
	... 12 more
	[CIRCULAR REFERENCE:net.mamoe.mirai.internal.network.components.PacketCodecException: java.lang.IllegalStateException: 32]
	[CIRCULAR REFERENCE:net.mamoe.mirai.internal.network.components.PacketCodecException: java.lang.IllegalStateException: 32]
[0m
[31m2022-11-24 07:19:43 E/Net 2645691758: Exception in coroutine 'unnamed'
ExceptionInPacketCodecException(cause=java.lang.IllegalStateException: 32)
	at net.mamoe.mirai.internal.network.handler.CommonNetworkHandler.handleExceptionInDecoding$passToExceptionHandler(CommonNetworkHandler.kt:57)
	at net.mamoe.mirai.internal.network.handler.CommonNetworkHandler.handleExceptionInDecoding(CommonNetworkHandler.kt:70)
	at net.mamoe.mirai.internal.network.handler.CommonNetworkHandler$PacketDecodePipeline$1.invokeSuspend(CommonNetworkHandler.kt:129)
	at kotlin.coroutines.jvm.internal.BaseContinuationImpl.resumeWith(ContinuationImpl.kt:33)
	at kotlinx.coroutines.DispatchedTask.run(DispatchedTask.kt:106)
	at io.netty.util.concurrent.AbstractEventExecutor.safeExecute(AbstractEventExecutor.java:164)
	at io.netty.util.concurrent.SingleThreadEventExecutor.runAllTasks(SingleThreadEventExecutor.java:472)
	at io.netty.channel.nio.NioEventLoop.run(NioEventLoop.java:500)
	at io.netty.util.concurrent.SingleThreadEventExecutor$4.run(SingleThreadEventExecutor.java:989)
	at io.netty.util.internal.ThreadExecutorMap$2.run(ThreadExecutorMap.java:74)
	at io.netty.util.concurrent.FastThreadLocalRunnable.run(FastThreadLocalRunnable.java:30)
	at java.base/java.lang.Thread.run(Thread.java:834)
Caused by: java.lang.IllegalStateException: 32
	at net.mamoe.mirai.internal.network.components.PacketCodecImpl.parseOicqResponse(PacketCodec.kt:247)
	at net.mamoe.mirai.internal.network.components.PacketCodecImpl.decodeRaw(PacketCodec.kt:142)
	at net.mamoe.mirai.internal.network.handler.CommonNetworkHandler$PacketDecodePipeline.decodePacket(CommonNetworkHandler.kt:148)
	at net.mamoe.mirai.internal.network.handler.CommonNetworkHandler$PacketDecodePipeline.access$decodePacket(CommonNetworkHandler.kt:102)
	at net.mamoe.mirai.internal.network.handler.CommonNetworkHandler$PacketDecodePipeline$1.invokeSuspend(CommonNetworkHandler.kt:125)
	... 9 more
	Suppressed: net.mamoe.mirai.internal.network.components.PacketCodecException: java.lang.IllegalStateException: 32
		at net.mamoe.mirai.internal.network.components.PacketCodecImpl.decodeRaw(PacketCodec.kt:144)
		... 12 more
	[CIRCULAR REFERENCE:java.lang.IllegalStateException: 32]
[0m
[31m2022-11-24 07:19:43 E/Net 2645691758: Exception in coroutine 'unnamed'
ExceptionInPacketCodecException(cause=java.lang.IllegalStateException: 32)
	at net.mamoe.mirai.internal.network.handler.CommonNetworkHandler.handleExceptionInDecoding$passToExceptionHandler(CommonNetworkHandler.kt:57)
	at net.mamoe.mirai.internal.network.handler.CommonNetworkHandler.handleExceptionInDecoding(CommonNetworkHandler.kt:74)
	at net.mamoe.mirai.internal.network.handler.CommonNetworkHandler$PacketDecodePipeline$1.invokeSuspend(CommonNetworkHandler.kt:129)
	at kotlin.coroutines.jvm.internal.BaseContinuationImpl.resumeWith(ContinuationImpl.kt:33)
	at kotlinx.coroutines.DispatchedTask.run(DispatchedTask.kt:106)
	at io.netty.util.concurrent.AbstractEventExecutor.safeExecute(AbstractEventExecutor.java:164)
	at io.netty.util.concurrent.SingleThreadEventExecutor.runAllTasks(SingleThreadEventExecutor.java:472)
	at io.netty.channel.nio.NioEventLoop.run(NioEventLoop.java:500)
	at io.netty.util.concurrent.SingleThreadEventExecutor$4.run(SingleThreadEventExecutor.java:989)
	at io.netty.util.internal.ThreadExecutorMap$2.run(ThreadExecutorMap.java:74)
	at io.netty.util.concurrent.FastThreadLocalRunnable.run(FastThreadLocalRunnable.java:30)
	at java.base/java.lang.Thread.run(Thread.java:834)
Caused by: java.lang.IllegalStateException: 32
	at net.mamoe.mirai.internal.network.components.PacketCodecImpl.parseOicqResponse(PacketCodec.kt:247)
	at net.mamoe.mirai.internal.network.components.PacketCodecImpl.decodeRaw(PacketCodec.kt:142)
	at net.mamoe.mirai.internal.network.handler.CommonNetworkHandler$PacketDecodePipeline.decodePacket(CommonNetworkHandler.kt:148)
	at net.mamoe.mirai.internal.network.handler.CommonNetworkHandler$PacketDecodePipeline.access$decodePacket(CommonNetworkHandler.kt:102)
	at net.mamoe.mirai.internal.network.handler.CommonNetworkHandler$PacketDecodePipeline$1.invokeSuspend(CommonNetworkHandler.kt:125)
	... 9 more
	Suppressed: net.mamoe.mirai.internal.network.components.PacketCodecException: java.lang.IllegalStateException: 32
		at net.mamoe.mirai.internal.network.components.PacketCodecImpl.decodeRaw(PacketCodec.kt:144)
		... 12 more
	[CIRCULAR REFERENCE:java.lang.IllegalStateException: 32]
	[CIRCULAR REFERENCE:net.mamoe.mirai.internal.network.components.PacketCodecException: java.lang.IllegalStateException: 32]
[0m
[31m2022-11-24 07:19:43 E/Net 2645691758: Error while decoding packet 'ByteReadPacket(0 bytes remaining)'
net.mamoe.mirai.internal.network.components.PacketCodecException: java.lang.IllegalStateException: 32
	at net.mamoe.mirai.internal.network.components.PacketCodecImpl.decodeRaw(PacketCodec.kt:144)
	at net.mamoe.mirai.internal.network.handler.CommonNetworkHandler$PacketDecodePipeline.decodePacket(CommonNetworkHandler.kt:148)
	at net.mamoe.mirai.internal.network.handler.CommonNetworkHandler$PacketDecodePipeline.access$decodePacket(CommonNetworkHandler.kt:102)
	at net.mamoe.mirai.internal.network.handler.CommonNetworkHandler$PacketDecodePipeline$1.invokeSuspend(CommonNetworkHandler.kt:125)
	at kotlin.coroutines.jvm.internal.BaseContinuationImpl.resumeWith(ContinuationImpl.kt:33)
	at kotlinx.coroutines.DispatchedTask.run(DispatchedTask.kt:106)
	at io.netty.util.concurrent.AbstractEventExecutor.safeExecute(AbstractEventExecutor.java:164)
	at io.netty.util.concurrent.SingleThreadEventExecutor.runAllTasks(SingleThreadEventExecutor.java:472)
	at io.netty.channel.nio.NioEventLoop.run(NioEventLoop.java:500)
	at io.netty.util.concurrent.SingleThreadEventExecutor$4.run(SingleThreadEventExecutor.java:989)
	at io.netty.util.internal.ThreadExecutorMap$2.run(ThreadExecutorMap.java:74)
	at io.netty.util.concurrent.FastThreadLocalRunnable.run(FastThreadLocalRunnable.java:30)
	at java.base/java.lang.Thread.run(Thread.java:834)
Caused by: java.lang.IllegalStateException: 32
	at net.mamoe.mirai.internal.network.components.PacketCodecImpl.parseOicqResponse(PacketCodec.kt:247)
	at net.mamoe.mirai.internal.network.components.PacketCodecImpl.decodeRaw(PacketCodec.kt:142)
	... 12 more
	[CIRCULAR REFERENCE:net.mamoe.mirai.internal.network.components.PacketCodecException: java.lang.IllegalStateException: 32]
	[CIRCULAR REFERENCE:net.mamoe.mirai.internal.network.components.PacketCodecException: java.lang.IllegalStateException: 32]
[0m
[31m2022-11-24 07:19:43 E/Net 2645691758: Exception in coroutine 'unnamed'
ExceptionInPacketCodecException(cause=java.lang.IllegalStateException: 32)
	at net.mamoe.mirai.internal.network.handler.CommonNetworkHandler.handleExceptionInDecoding$passToExceptionHandler(CommonNetworkHandler.kt:57)
	at net.mamoe.mirai.internal.network.handler.CommonNetworkHandler.handleExceptionInDecoding(CommonNetworkHandler.kt:70)
	at net.mamoe.mirai.internal.network.handler.CommonNetworkHandler$PacketDecodePipeline$1.invokeSuspend(CommonNetworkHandler.kt:129)
	at kotlin.coroutines.jvm.internal.BaseContinuationImpl.resumeWith(ContinuationImpl.kt:33)
	at kotlinx.coroutines.DispatchedTask.run(DispatchedTask.kt:106)
	at io.netty.util.concurrent.AbstractEventExecutor.safeExecute(AbstractEventExecutor.java:164)
	at io.netty.util.concurrent.SingleThreadEventExecutor.runAllTasks(SingleThreadEventExecutor.java:472)
	at io.netty.channel.nio.NioEventLoop.run(NioEventLoop.java:500)
	at io.netty.util.concurrent.SingleThreadEventExecutor$4.run(SingleThreadEventExecutor.java:989)
	at io.netty.util.internal.ThreadExecutorMap$2.run(ThreadExecutorMap.java:74)
	at io.netty.util.concurrent.FastThreadLocalRunnable.run(FastThreadLocalRunnable.java:30)
	at java.base/java.lang.Thread.run(Thread.java:834)
Caused by: java.lang.IllegalStateException: 32
	at net.mamoe.mirai.internal.network.components.PacketCodecImpl.parseOicqResponse(PacketCodec.kt:247)
	at net.mamoe.mirai.internal.network.components.PacketCodecImpl.decodeRaw(PacketCodec.kt:142)
	at net.mamoe.mirai.internal.network.handler.CommonNetworkHandler$PacketDecodePipeline.decodePacket(CommonNetworkHandler.kt:148)
	at net.mamoe.mirai.internal.network.handler.CommonNetworkHandler$PacketDecodePipeline.access$decodePacket(CommonNetworkHandler.kt:102)
	at net.mamoe.mirai.internal.network.handler.CommonNetworkHandler$PacketDecodePipeline$1.invokeSuspend(CommonNetworkHandler.kt:125)
	... 9 more
	Suppressed: net.mamoe.mirai.internal.network.components.PacketCodecException: java.lang.IllegalStateException: 32
		at net.mamoe.mirai.internal.network.components.PacketCodecImpl.decodeRaw(PacketCodec.kt:144)
		... 12 more
	[CIRCULAR REFERENCE:java.lang.IllegalStateException: 32]
[0m
[31m2022-11-24 07:19:43 E/Net 2645691758: Exception in coroutine 'unnamed'
ExceptionInPacketCodecException(cause=java.lang.IllegalStateException: 32)
	at net.mamoe.mirai.internal.network.handler.CommonNetworkHandler.handleExceptionInDecoding$passToExceptionHandler(CommonNetworkHandler.kt:57)
	at net.mamoe.mirai.internal.network.handler.CommonNetworkHandler.handleExceptionInDecoding(CommonNetworkHandler.kt:74)
	at net.mamoe.mirai.internal.network.handler.CommonNetworkHandler$PacketDecodePipeline$1.invokeSuspend(CommonNetworkHandler.kt:129)
	at kotlin.coroutines.jvm.internal.BaseContinuationImpl.resumeWith(ContinuationImpl.kt:33)
	at kotlinx.coroutines.DispatchedTask.run(DispatchedTask.kt:106)
	at io.netty.util.concurrent.AbstractEventExecutor.safeExecute(AbstractEventExecutor.java:164)
	at io.netty.util.concurrent.SingleThreadEventExecutor.runAllTasks(SingleThreadEventExecutor.java:472)
	at io.netty.channel.nio.NioEventLoop.run(NioEventLoop.java:500)
	at io.netty.util.concurrent.SingleThreadEventExecutor$4.run(SingleThreadEventExecutor.java:989)
	at io.netty.util.internal.ThreadExecutorMap$2.run(ThreadExecutorMap.java:74)
	at io.netty.util.concurrent.FastThreadLocalRunnable.run(FastThreadLocalRunnable.java:30)
	at java.base/java.lang.Thread.run(Thread.java:834)
Caused by: java.lang.IllegalStateException: 32
	at net.mamoe.mirai.internal.network.components.PacketCodecImpl.parseOicqResponse(PacketCodec.kt:247)
	at net.mamoe.mirai.internal.network.components.PacketCodecImpl.decodeRaw(PacketCodec.kt:142)
	at net.mamoe.mirai.internal.network.handler.CommonNetworkHandler$PacketDecodePipeline.decodePacket(CommonNetworkHandler.kt:148)
	at net.mamoe.mirai.internal.network.handler.CommonNetworkHandler$PacketDecodePipeline.access$decodePacket(CommonNetworkHandler.kt:102)
	at net.mamoe.mirai.internal.network.handler.CommonNetworkHandler$PacketDecodePipeline$1.invokeSuspend(CommonNetworkHandler.kt:125)
	... 9 more
	Suppressed: net.mamoe.mirai.internal.network.components.PacketCodecException: java.lang.IllegalStateException: 32
		at net.mamoe.mirai.internal.network.components.PacketCodecImpl.decodeRaw(PacketCodec.kt:144)
		... 12 more
	[CIRCULAR REFERENCE:java.lang.IllegalStateException: 32]
	[CIRCULAR REFERENCE:net.mamoe.mirai.internal.network.components.PacketCodecException: java.lang.IllegalStateException: 32]
[0m
[31m2022-11-24 07:19:43 E/Net 2645691758: Error while decoding packet 'ByteReadPacket(0 bytes remaining)'
net.mamoe.mirai.internal.network.components.PacketCodecException: java.lang.IllegalStateException: 32
	at net.mamoe.mirai.internal.network.components.PacketCodecImpl.decodeRaw(PacketCodec.kt:144)
	at net.mamoe.mirai.internal.network.handler.CommonNetworkHandler$PacketDecodePipeline.decodePacket(CommonNetworkHandler.kt:148)
	at net.mamoe.mirai.internal.network.handler.CommonNetworkHandler$PacketDecodePipeline.access$decodePacket(CommonNetworkHandler.kt:102)
	at net.mamoe.mirai.internal.network.handler.CommonNetworkHandler$PacketDecodePipeline$1.invokeSuspend(CommonNetworkHandler.kt:125)
	at kotlin.coroutines.jvm.internal.BaseContinuationImpl.resumeWith(ContinuationImpl.kt:33)
	at kotlinx.coroutines.DispatchedTask.run(DispatchedTask.kt:106)
	at io.netty.util.concurrent.AbstractEventExecutor.safeExecute(AbstractEventExecutor.java:164)
	at io.netty.util.concurrent.SingleThreadEventExecutor.runAllTasks(SingleThreadEventExecutor.java:472)
	at io.netty.channel.nio.NioEventLoop.run(NioEventLoop.java:500)
	at io.netty.util.concurrent.SingleThreadEventExecutor$4.run(SingleThreadEventExecutor.java:989)
	at io.netty.util.internal.ThreadExecutorMap$2.run(ThreadExecutorMap.java:74)
	at io.netty.util.concurrent.FastThreadLocalRunnable.run(FastThreadLocalRunnable.java:30)
	at java.base/java.lang.Thread.run(Thread.java:834)
Caused by: java.lang.IllegalStateException: 32
	at net.mamoe.mirai.internal.network.components.PacketCodecImpl.parseOicqResponse(PacketCodec.kt:247)
	at net.mamoe.mirai.internal.network.components.PacketCodecImpl.decodeRaw(PacketCodec.kt:142)
	... 12 more
	[CIRCULAR REFERENCE:net.mamoe.mirai.internal.network.components.PacketCodecException: java.lang.IllegalStateException: 32]
	[CIRCULAR REFERENCE:net.mamoe.mirai.internal.network.components.PacketCodecException: java.lang.IllegalStateException: 32]
[0m
[31m2022-11-24 07:24:13 E/Net 2645691758: Exception in coroutine 'unnamed'
ExceptionInPacketCodecException(cause=java.lang.IllegalStateException: 32)
	at net.mamoe.mirai.internal.network.handler.CommonNetworkHandler.handleExceptionInDecoding$passToExceptionHandler(CommonNetworkHandler.kt:57)
	at net.mamoe.mirai.internal.network.handler.CommonNetworkHandler.handleExceptionInDecoding(CommonNetworkHandler.kt:70)
	at net.mamoe.mirai.internal.network.handler.CommonNetworkHandler$PacketDecodePipeline$1.invokeSuspend(CommonNetworkHandler.kt:129)
	at kotlin.coroutines.jvm.internal.BaseContinuationImpl.resumeWith(ContinuationImpl.kt:33)
	at kotlinx.coroutines.DispatchedTask.run(DispatchedTask.kt:106)
	at io.netty.util.concurrent.AbstractEventExecutor.safeExecute(AbstractEventExecutor.java:164)
	at io.netty.util.concurrent.SingleThreadEventExecutor.runAllTasks(SingleThreadEventExecutor.java:472)
	at io.netty.channel.nio.NioEventLoop.run(NioEventLoop.java:500)
	at io.netty.util.concurrent.SingleThreadEventExecutor$4.run(SingleThreadEventExecutor.java:989)
	at io.netty.util.internal.ThreadExecutorMap$2.run(ThreadExecutorMap.java:74)
	at io.netty.util.concurrent.FastThreadLocalRunnable.run(FastThreadLocalRunnable.java:30)
	at java.base/java.lang.Thread.run(Thread.java:834)
Caused by: java.lang.IllegalStateException: 32
	at net.mamoe.mirai.internal.network.components.PacketCodecImpl.parseOicqResponse(PacketCodec.kt:247)
	at net.mamoe.mirai.internal.network.components.PacketCodecImpl.decodeRaw(PacketCodec.kt:142)
	at net.mamoe.mirai.internal.network.handler.CommonNetworkHandler$PacketDecodePipeline.decodePacket(CommonNetworkHandler.kt:148)
	at net.mamoe.mirai.internal.network.handler.CommonNetworkHandler$PacketDecodePipeline.access$decodePacket(CommonNetworkHandler.kt:102)
	at net.mamoe.mirai.internal.network.handler.CommonNetworkHandler$PacketDecodePipeline$1.invokeSuspend(CommonNetworkHandler.kt:125)
	... 9 more
	Suppressed: net.mamoe.mirai.internal.network.components.PacketCodecException: java.lang.IllegalStateException: 32
		at net.mamoe.mirai.internal.network.components.PacketCodecImpl.decodeRaw(PacketCodec.kt:144)
		... 12 more
	[CIRCULAR REFERENCE:java.lang.IllegalStateException: 32]
[0m
[31m2022-11-24 07:24:13 E/Net 2645691758: Exception in coroutine 'unnamed'
ExceptionInPacketCodecException(cause=java.lang.IllegalStateException: 32)
	at net.mamoe.mirai.internal.network.handler.CommonNetworkHandler.handleExceptionInDecoding$passToExceptionHandler(CommonNetworkHandler.kt:57)
	at net.mamoe.mirai.internal.network.handler.CommonNetworkHandler.handleExceptionInDecoding(CommonNetworkHandler.kt:74)
	at net.mamoe.mirai.internal.network.handler.CommonNetworkHandler$PacketDecodePipeline$1.invokeSuspend(CommonNetworkHandler.kt:129)
	at kotlin.coroutines.jvm.internal.BaseContinuationImpl.resumeWith(ContinuationImpl.kt:33)
	at kotlinx.coroutines.DispatchedTask.run(DispatchedTask.kt:106)
	at io.netty.util.concurrent.AbstractEventExecutor.safeExecute(AbstractEventExecutor.java:164)
	at io.netty.util.concurrent.SingleThreadEventExecutor.runAllTasks(SingleThreadEventExecutor.java:472)
	at io.netty.channel.nio.NioEventLoop.run(NioEventLoop.java:500)
	at io.netty.util.concurrent.SingleThreadEventExecutor$4.run(SingleThreadEventExecutor.java:989)
	at io.netty.util.internal.ThreadExecutorMap$2.run(ThreadExecutorMap.java:74)
	at io.netty.util.concurrent.FastThreadLocalRunnable.run(FastThreadLocalRunnable.java:30)
	at java.base/java.lang.Thread.run(Thread.java:834)
Caused by: java.lang.IllegalStateException: 32
	at net.mamoe.mirai.internal.network.components.PacketCodecImpl.parseOicqResponse(PacketCodec.kt:247)
	at net.mamoe.mirai.internal.network.components.PacketCodecImpl.decodeRaw(PacketCodec.kt:142)
	at net.mamoe.mirai.internal.network.handler.CommonNetworkHandler$PacketDecodePipeline.decodePacket(CommonNetworkHandler.kt:148)
	at net.mamoe.mirai.internal.network.handler.CommonNetworkHandler$PacketDecodePipeline.access$decodePacket(CommonNetworkHandler.kt:102)
	at net.mamoe.mirai.internal.network.handler.CommonNetworkHandler$PacketDecodePipeline$1.invokeSuspend(CommonNetworkHandler.kt:125)
	... 9 more
	Suppressed: net.mamoe.mirai.internal.network.components.PacketCodecException: java.lang.IllegalStateException: 32
		at net.mamoe.mirai.internal.network.components.PacketCodecImpl.decodeRaw(PacketCodec.kt:144)
		... 12 more
	[CIRCULAR REFERENCE:java.lang.IllegalStateException: 32]
	[CIRCULAR REFERENCE:net.mamoe.mirai.internal.network.components.PacketCodecException: java.lang.IllegalStateException: 32]
[0m
[31m2022-11-24 07:24:13 E/Net 2645691758: Error while decoding packet 'ByteReadPacket(0 bytes remaining)'
net.mamoe.mirai.internal.network.components.PacketCodecException: java.lang.IllegalStateException: 32
	at net.mamoe.mirai.internal.network.components.PacketCodecImpl.decodeRaw(PacketCodec.kt:144)
	at net.mamoe.mirai.internal.network.handler.CommonNetworkHandler$PacketDecodePipeline.decodePacket(CommonNetworkHandler.kt:148)
	at net.mamoe.mirai.internal.network.handler.CommonNetworkHandler$PacketDecodePipeline.access$decodePacket(CommonNetworkHandler.kt:102)
	at net.mamoe.mirai.internal.network.handler.CommonNetworkHandler$PacketDecodePipeline$1.invokeSuspend(CommonNetworkHandler.kt:125)
	at kotlin.coroutines.jvm.internal.BaseContinuationImpl.resumeWith(ContinuationImpl.kt:33)
	at kotlinx.coroutines.DispatchedTask.run(DispatchedTask.kt:106)
	at io.netty.util.concurrent.AbstractEventExecutor.safeExecute(AbstractEventExecutor.java:164)
	at io.netty.util.concurrent.SingleThreadEventExecutor.runAllTasks(SingleThreadEventExecutor.java:472)
	at io.netty.channel.nio.NioEventLoop.run(NioEventLoop.java:500)
	at io.netty.util.concurrent.SingleThreadEventExecutor$4.run(SingleThreadEventExecutor.java:989)
	at io.netty.util.internal.ThreadExecutorMap$2.run(ThreadExecutorMap.java:74)
	at io.netty.util.concurrent.FastThreadLocalRunnable.run(FastThreadLocalRunnable.java:30)
	at java.base/java.lang.Thread.run(Thread.java:834)
Caused by: java.lang.IllegalStateException: 32
	at net.mamoe.mirai.internal.network.components.PacketCodecImpl.parseOicqResponse(PacketCodec.kt:247)
	at net.mamoe.mirai.internal.network.components.PacketCodecImpl.decodeRaw(PacketCodec.kt:142)
	... 12 more
	[CIRCULAR REFERENCE:net.mamoe.mirai.internal.network.components.PacketCodecException: java.lang.IllegalStateException: 32]
	[CIRCULAR REFERENCE:net.mamoe.mirai.internal.network.components.PacketCodecException: java.lang.IllegalStateException: 32]
[0m
[31m2022-11-24 07:24:13 E/Net 2645691758: Exception in coroutine 'unnamed'
ExceptionInPacketCodecException(cause=java.lang.IllegalStateException: 32)
	at net.mamoe.mirai.internal.network.handler.CommonNetworkHandler.handleExceptionInDecoding$passToExceptionHandler(CommonNetworkHandler.kt:57)
	at net.mamoe.mirai.internal.network.handler.CommonNetworkHandler.handleExceptionInDecoding(CommonNetworkHandler.kt:70)
	at net.mamoe.mirai.internal.network.handler.CommonNetworkHandler$PacketDecodePipeline$1.invokeSuspend(CommonNetworkHandler.kt:129)
	at kotlin.coroutines.jvm.internal.BaseContinuationImpl.resumeWith(ContinuationImpl.kt:33)
	at kotlinx.coroutines.DispatchedTask.run(DispatchedTask.kt:106)
	at io.netty.util.concurrent.AbstractEventExecutor.safeExecute(AbstractEventExecutor.java:164)
	at io.netty.util.concurrent.SingleThreadEventExecutor.runAllTasks(SingleThreadEventExecutor.java:472)
	at io.netty.channel.nio.NioEventLoop.run(NioEventLoop.java:500)
	at io.netty.util.concurrent.SingleThreadEventExecutor$4.run(SingleThreadEventExecutor.java:989)
	at io.netty.util.internal.ThreadExecutorMap$2.run(ThreadExecutorMap.java:74)
	at io.netty.util.concurrent.FastThreadLocalRunnable.run(FastThreadLocalRunnable.java:30)
	at java.base/java.lang.Thread.run(Thread.java:834)
Caused by: java.lang.IllegalStateException: 32
	at net.mamoe.mirai.internal.network.components.PacketCodecImpl.parseOicqResponse(PacketCodec.kt:247)
	at net.mamoe.mirai.internal.network.components.PacketCodecImpl.decodeRaw(PacketCodec.kt:142)
	at net.mamoe.mirai.internal.network.handler.CommonNetworkHandler$PacketDecodePipeline.decodePacket(CommonNetworkHandler.kt:148)
	at net.mamoe.mirai.internal.network.handler.CommonNetworkHandler$PacketDecodePipeline.access$decodePacket(CommonNetworkHandler.kt:102)
	at net.mamoe.mirai.internal.network.handler.CommonNetworkHandler$PacketDecodePipeline$1.invokeSuspend(CommonNetworkHandler.kt:125)
	... 9 more
	Suppressed: net.mamoe.mirai.internal.network.components.PacketCodecException: java.lang.IllegalStateException: 32
		at net.mamoe.mirai.internal.network.components.PacketCodecImpl.decodeRaw(PacketCodec.kt:144)
		... 12 more
	[CIRCULAR REFERENCE:java.lang.IllegalStateException: 32]
[0m
[31m2022-11-24 07:24:13 E/Net 2645691758: Exception in coroutine 'unnamed'
ExceptionInPacketCodecException(cause=java.lang.IllegalStateException: 32)
	at net.mamoe.mirai.internal.network.handler.CommonNetworkHandler.handleExceptionInDecoding$passToExceptionHandler(CommonNetworkHandler.kt:57)
	at net.mamoe.mirai.internal.network.handler.CommonNetworkHandler.handleExceptionInDecoding(CommonNetworkHandler.kt:74)
	at net.mamoe.mirai.internal.network.handler.CommonNetworkHandler$PacketDecodePipeline$1.invokeSuspend(CommonNetworkHandler.kt:129)
	at kotlin.coroutines.jvm.internal.BaseContinuationImpl.resumeWith(ContinuationImpl.kt:33)
	at kotlinx.coroutines.DispatchedTask.run(DispatchedTask.kt:106)
	at io.netty.util.concurrent.AbstractEventExecutor.safeExecute(AbstractEventExecutor.java:164)
	at io.netty.util.concurrent.SingleThreadEventExecutor.runAllTasks(SingleThreadEventExecutor.java:472)
	at io.netty.channel.nio.NioEventLoop.run(NioEventLoop.java:500)
	at io.netty.util.concurrent.SingleThreadEventExecutor$4.run(SingleThreadEventExecutor.java:989)
	at io.netty.util.internal.ThreadExecutorMap$2.run(ThreadExecutorMap.java:74)
	at io.netty.util.concurrent.FastThreadLocalRunnable.run(FastThreadLocalRunnable.java:30)
	at java.base/java.lang.Thread.run(Thread.java:834)
Caused by: java.lang.IllegalStateException: 32
	at net.mamoe.mirai.internal.network.components.PacketCodecImpl.parseOicqResponse(PacketCodec.kt:247)
	at net.mamoe.mirai.internal.network.components.PacketCodecImpl.decodeRaw(PacketCodec.kt:142)
	at net.mamoe.mirai.internal.network.handler.CommonNetworkHandler$PacketDecodePipeline.decodePacket(CommonNetworkHandler.kt:148)
	at net.mamoe.mirai.internal.network.handler.CommonNetworkHandler$PacketDecodePipeline.access$decodePacket(CommonNetworkHandler.kt:102)
	at net.mamoe.mirai.internal.network.handler.CommonNetworkHandler$PacketDecodePipeline$1.invokeSuspend(CommonNetworkHandler.kt:125)
	... 9 more
	Suppressed: net.mamoe.mirai.internal.network.components.PacketCodecException: java.lang.IllegalStateException: 32
		at net.mamoe.mirai.internal.network.components.PacketCodecImpl.decodeRaw(PacketCodec.kt:144)
		... 12 more
	[CIRCULAR REFERENCE:java.lang.IllegalStateException: 32]
	[CIRCULAR REFERENCE:net.mamoe.mirai.internal.network.components.PacketCodecException: java.lang.IllegalStateException: 32]
[0m
[31m2022-11-24 07:24:13 E/Net 2645691758: Error while decoding packet 'ByteReadPacket(0 bytes remaining)'
net.mamoe.mirai.internal.network.components.PacketCodecException: java.lang.IllegalStateException: 32
	at net.mamoe.mirai.internal.network.components.PacketCodecImpl.decodeRaw(PacketCodec.kt:144)
	at net.mamoe.mirai.internal.network.handler.CommonNetworkHandler$PacketDecodePipeline.decodePacket(CommonNetworkHandler.kt:148)
	at net.mamoe.mirai.internal.network.handler.CommonNetworkHandler$PacketDecodePipeline.access$decodePacket(CommonNetworkHandler.kt:102)
	at net.mamoe.mirai.internal.network.handler.CommonNetworkHandler$PacketDecodePipeline$1.invokeSuspend(CommonNetworkHandler.kt:125)
	at kotlin.coroutines.jvm.internal.BaseContinuationImpl.resumeWith(ContinuationImpl.kt:33)
	at kotlinx.coroutines.DispatchedTask.run(DispatchedTask.kt:106)
	at io.netty.util.concurrent.AbstractEventExecutor.safeExecute(AbstractEventExecutor.java:164)
	at io.netty.util.concurrent.SingleThreadEventExecutor.runAllTasks(SingleThreadEventExecutor.java:472)
	at io.netty.channel.nio.NioEventLoop.run(NioEventLoop.java:500)
	at io.netty.util.concurrent.SingleThreadEventExecutor$4.run(SingleThreadEventExecutor.java:989)
	at io.netty.util.internal.ThreadExecutorMap$2.run(ThreadExecutorMap.java:74)
	at io.netty.util.concurrent.FastThreadLocalRunnable.run(FastThreadLocalRunnable.java:30)
	at java.base/java.lang.Thread.run(Thread.java:834)
Caused by: java.lang.IllegalStateException: 32
	at net.mamoe.mirai.internal.network.components.PacketCodecImpl.parseOicqResponse(PacketCodec.kt:247)
	at net.mamoe.mirai.internal.network.components.PacketCodecImpl.decodeRaw(PacketCodec.kt:142)
	... 12 more
	[CIRCULAR REFERENCE:net.mamoe.mirai.internal.network.components.PacketCodecException: java.lang.IllegalStateException: 32]
	[CIRCULAR REFERENCE:net.mamoe.mirai.internal.network.components.PacketCodecException: java.lang.IllegalStateException: 32]
[0m
