[0m2022-11-30 20:28:34 V/Net 2645691758: Loading server list from cache.[0m
[0m2022-11-30 20:28:34 V/Net 2645691758: Server list: 123.151.54.180:443, 183.47.102.213:14000, msfwifi.3g.qq.com:8080, 42.81.194.99:80, 42.81.192.185:443, 180.102.191.69:8080, 183.47.101.173:80, 180.102.191.164:8080, 117.62.243.156:80, 183.47.117.200:8080.[0m
[92m2022-11-30 20:28:34 I/Net 2645691758: ECDH key is invalid, start to fetch ecdh public key from server.[0m
[31m2022-11-30 20:28:34 E/Net 2645691758: Failed to fetch ECDH public key from server, using default key instead
java.lang.NoClassDefFoundError: okhttp3/Request$Builder
	at net.mamoe.mirai.internal.deps.io.ktor.client.engine.okhttp.OkHttpEngineKt.convertToOkHttpRequest(OkHttpEngine.kt:183)
	at net.mamoe.mirai.internal.deps.io.ktor.client.engine.okhttp.OkHttpEngineKt.access$convertToOkHttpRequest(OkHttpEngine.kt:1)
	at net.mamoe.mirai.internal.deps.io.ktor.client.engine.okhttp.OkHttpEngine.execute(OkHttpEngine.kt:72)
	at net.mamoe.mirai.internal.deps.io.ktor.client.engine.HttpClientEngine$executeWithinCallContext$2.invokeSuspend(HttpClientEngine.kt:99)
	at kotlin.coroutines.jvm.internal.BaseContinuationImpl.resumeWith(ContinuationImpl.kt:33)
	at kotlinx.coroutines.DispatchedTask.run(DispatchedTask.kt:106)
	at kotlinx.coroutines.internal.LimitedDispatcher.run(LimitedDispatcher.kt:42)
	at kotlinx.coroutines.scheduling.TaskImpl.run(Tasks.kt:95)
	at kotlinx.coroutines.scheduling.CoroutineScheduler.runSafely(CoroutineScheduler.kt:570)
	at kotlinx.coroutines.scheduling.CoroutineScheduler$Worker.executeTask(CoroutineScheduler.kt:750)
	at kotlinx.coroutines.scheduling.CoroutineScheduler$Worker.runWorker(CoroutineScheduler.kt:677)
	at kotlinx.coroutines.scheduling.CoroutineScheduler$Worker.run(CoroutineScheduler.kt:664)
Caused by: java.lang.ClassNotFoundException: okhttp3.Request$Builder
	at java.base/jdk.internal.loader.BuiltinClassLoader.loadClass(BuiltinClassLoader.java:583)
	at java.base/jdk.internal.loader.ClassLoaders$AppClassLoader.loadClass(ClassLoaders.java:178)
	at java.base/java.lang.ClassLoader.loadClass(ClassLoader.java:521)
	... 12 more
[0m
[0m2022-11-30 20:28:34 V/Net 2645691758: Send: wtlogin.exchange_emp(10:fast-login)[0m
[0m2022-11-30 20:28:35 V/Net 2645691758: Recv: wtlogin.exchange_emp[0m
[0m2022-11-30 20:28:35 V/Net 2645691758: Send: StatSvc.register(online)[0m
[92m2022-11-30 20:28:35 I/Net 2645691758: Server time updated, serverTime: 1669811315, diff: 0ms=0.0s[0m
[0m2022-11-30 20:28:35 V/Net 2645691758: Recv: StatSvc.register[0m
[0m2022-11-30 20:28:35 V/Net 2645691758: Loading BdhSession from cache file[0m
[92m2022-11-30 20:28:35 I/Net 2645691758: Syncing friend message history...[0m
[92m2022-11-30 20:28:35 I/Net 2645691758: Start loading friend list...[0m
[92m2022-11-30 20:28:35 I/Net 2645691758: Start loading stranger list...[0m
[0m2022-11-30 20:28:35 V/Net 2645691758: Send: StatSvc.GetDevLoginInfo(StatSvc.GetDevLoginInfo)[0m
[0m2022-11-30 20:28:35 V/Net 2645691758: Send: OidbSvc.0x496(OidbSvc.0x496)[0m
[0m2022-11-30 20:28:35 V/Net 2645691758: Send: friendlist.getFriendGroupList(friendlist.getFriendGroupList)[0m
[0m2022-11-30 20:28:35 V/Net 2645691758: Send: OidbSvc.0x5d2_0(OidbSvc.0x5d2_0)[0m
[0m2022-11-30 20:28:35 V/Net 2645691758: Recv: OidbSvc.0x496[0m
[92m2022-11-30 20:28:35 I/Net 2645691758: Start loading group list...[0m
[0m2022-11-30 20:28:35 V/Net 2645691758: Send: friendlist.GetTroopListReqV2(friendlist.GetTroopListReqV2)[0m
[92m2022-11-30 20:28:35 I/Net 2645691758: Syncing friend message history: Success.[0m
[0m2022-11-30 20:28:35 V/Net 2645691758: Recv: OidbSvc.0x5d2_0[0m
[92m2022-11-30 20:28:35 I/Net 2645691758: Successfully loaded stranger list: 0 in total[0m
[0m2022-11-30 20:28:35 V/Net 2645691758: Recv: StatSvc.GetDevLoginInfo[0m
[92m2022-11-30 20:28:35 I/Net 2645691758: No OtherClient online.[0m
[0m2022-11-30 20:28:35 V/Net 2645691758: Recv: friendlist.getFriendGroupList[0m
[0m2022-11-30 20:28:35 V/Net 2645691758: Loading friend list: 5/5[0m
[92m2022-11-30 20:28:35 I/Net 2645691758: Successfully loaded friend list: 5 in total[0m
[92m2022-11-30 20:28:35 I/Net 2645691758: Start loading friendGroup list...[0m
[0m2022-11-30 20:28:35 V/Net 2645691758: Send: friendlist.getFriendGroupList(friendlist.getFriendGroupList)[0m
[0m2022-11-30 20:28:35 V/Net 2645691758: Recv: friendlist.GetTroopListReqV2[0m
[0m2022-11-30 20:28:35 V/Net 2645691758: Send: friendlist.GetTroopMemberListReq(friendlist.GetTroopMemberListReq)[0m
[0m2022-11-30 20:28:35 V/Net 2645691758: Send: friendlist.GetTroopMemberListReq(friendlist.GetTroopMemberListReq)[0m
[0m2022-11-30 20:28:35 V/Net 2645691758: Send: friendlist.GetTroopMemberListReq(friendlist.GetTroopMemberListReq)[0m
[0m2022-11-30 20:28:35 V/Net 2645691758: Recv: friendlist.getFriendGroupList[0m
[0m2022-11-30 20:28:35 V/Net 2645691758: Loading friendGroup list: 1/1[0m
[92m2022-11-30 20:28:35 I/Net 2645691758: Successfully loaded friendGroup list: 1 in total[0m
[0m2022-11-30 20:28:35 V/Net 2645691758: Recv: friendlist.GetTroopMemberListReq[0m
[0m2022-11-30 20:28:35 V/Net 2645691758: Recv: friendlist.GetTroopMemberListReq[0m
[0m2022-11-30 20:28:35 V/Net 2645691758: Recv: friendlist.GetTroopMemberListReq[0m
[0m2022-11-30 20:28:35 V/Net 2645691758: Send: friendlist.GetTroopMemberListReq(friendlist.GetTroopMemberListReq)[0m
[0m2022-11-30 20:28:35 V/Net 2645691758: Recv: friendlist.GetTroopMemberListReq[0m
[0m2022-11-30 20:28:35 V/Net 2645691758: Send: friendlist.GetTroopMemberListReq(friendlist.GetTroopMemberListReq)[0m
[0m2022-11-30 20:28:36 V/Net 2645691758: Recv: friendlist.GetTroopMemberListReq[0m
[0m2022-11-30 20:28:36 V/Net 2645691758: Send: friendlist.GetTroopMemberListReq(friendlist.GetTroopMemberListReq)[0m
[0m2022-11-30 20:28:36 V/Net 2645691758: Recv: friendlist.GetTroopMemberListReq[0m
[0m2022-11-30 20:28:36 V/Net 2645691758: Send: friendlist.GetTroopMemberListReq(friendlist.GetTroopMemberListReq)[0m
[0m2022-11-30 20:28:36 V/Net 2645691758: Recv: friendlist.GetTroopMemberListReq[0m
[0m2022-11-30 20:28:36 V/Net 2645691758: Send: friendlist.GetTroopMemberListReq(friendlist.GetTroopMemberListReq)[0m
[0m2022-11-30 20:28:36 V/Net 2645691758: Recv: friendlist.GetTroopMemberListReq[0m
[92m2022-11-30 20:28:36 I/Net 2645691758: Successfully loaded group list: 3 in total.[0m
[92m2022-11-30 20:28:36 I/Net 2645691758: Scheduled refresh login session in 19d 23h 55min 0.0s.[0m
[92m2022-11-30 20:28:36 I/Net 2645691758: Scheduled key refresh in 23h 55min 0.0s.[0m
[0m2022-11-30 20:28:38 V/Net 2645691758: Saving bdh session to cache[0m
[0m2022-11-30 20:28:38 V/Net 2645691758: Send: ConfigPushSvc.PushResp(ConfigPushSvc.PushResp)[0m
[0m2022-11-30 20:28:38 V/Net 2645691758: Recv: ConfigPushSvc.PushReq[0m
[0m2022-11-30 20:31:37 V/Net 2645691758: Send: StatSvc.register(offline)[0m
[0m2022-11-30 21:20:11 V/Net 2645691758: Loading server list from cache.[0m
[0m2022-11-30 21:20:11 V/Net 2645691758: Server list: 123.151.54.180:443, 183.47.102.213:14000, msfwifi.3g.qq.com:8080, 42.81.194.99:80, 42.81.192.185:443, 180.102.191.69:8080, 183.47.101.173:80, 180.102.191.164:8080, 117.62.243.156:80, 183.47.117.200:8080.[0m
[92m2022-11-30 21:20:11 I/Net 2645691758: ECDH key is invalid, start to fetch ecdh public key from server.[0m
[31m2022-11-30 21:20:11 E/Net 2645691758: Failed to fetch ECDH public key from server, using default key instead
java.lang.NoClassDefFoundError: okhttp3/Request$Builder
	at net.mamoe.mirai.internal.deps.io.ktor.client.engine.okhttp.OkHttpEngineKt.convertToOkHttpRequest(OkHttpEngine.kt:183)
	at net.mamoe.mirai.internal.deps.io.ktor.client.engine.okhttp.OkHttpEngineKt.access$convertToOkHttpRequest(OkHttpEngine.kt:1)
	at net.mamoe.mirai.internal.deps.io.ktor.client.engine.okhttp.OkHttpEngine.execute(OkHttpEngine.kt:72)
	at net.mamoe.mirai.internal.deps.io.ktor.client.engine.HttpClientEngine$executeWithinCallContext$2.invokeSuspend(HttpClientEngine.kt:99)
	at kotlin.coroutines.jvm.internal.BaseContinuationImpl.resumeWith(ContinuationImpl.kt:33)
	at kotlinx.coroutines.DispatchedTask.run(DispatchedTask.kt:106)
	at kotlinx.coroutines.internal.LimitedDispatcher.run(LimitedDispatcher.kt:42)
	at kotlinx.coroutines.scheduling.TaskImpl.run(Tasks.kt:95)
	at kotlinx.coroutines.scheduling.CoroutineScheduler.runSafely(CoroutineScheduler.kt:570)
	at kotlinx.coroutines.scheduling.CoroutineScheduler$Worker.executeTask(CoroutineScheduler.kt:750)
	at kotlinx.coroutines.scheduling.CoroutineScheduler$Worker.runWorker(CoroutineScheduler.kt:677)
	at kotlinx.coroutines.scheduling.CoroutineScheduler$Worker.run(CoroutineScheduler.kt:664)
Caused by: java.lang.ClassNotFoundException: okhttp3.Request$Builder
	at java.base/jdk.internal.loader.BuiltinClassLoader.loadClass(BuiltinClassLoader.java:583)
	at java.base/jdk.internal.loader.ClassLoaders$AppClassLoader.loadClass(ClassLoaders.java:178)
	at java.base/java.lang.ClassLoader.loadClass(ClassLoader.java:521)
	... 12 more
[0m
[0m2022-11-30 21:20:11 V/Net 2645691758: Send: wtlogin.exchange_emp(10:fast-login)[0m
[0m2022-11-30 21:20:12 V/Net 2645691758: Recv: wtlogin.exchange_emp[0m
[0m2022-11-30 21:20:12 V/Net 2645691758: Send: StatSvc.register(online)[0m
[92m2022-11-30 21:20:12 I/Net 2645691758: Server time updated, serverTime: 1669814412, diff: 0ms=0.0s[0m
[0m2022-11-30 21:20:12 V/Net 2645691758: Recv: StatSvc.register[0m
[0m2022-11-30 21:20:12 V/Net 2645691758: Loading BdhSession from cache file[0m
[92m2022-11-30 21:20:12 I/Net 2645691758: Syncing friend message history...[0m
[92m2022-11-30 21:20:12 I/Net 2645691758: Start loading friend list...[0m
[0m2022-11-30 21:20:12 V/Net 2645691758: Send: StatSvc.GetDevLoginInfo(StatSvc.GetDevLoginInfo)[0m
[92m2022-11-30 21:20:12 I/Net 2645691758: Start loading stranger list...[0m
[0m2022-11-30 21:20:12 V/Net 2645691758: Send: OidbSvc.0x496(OidbSvc.0x496)[0m
[0m2022-11-30 21:20:12 V/Net 2645691758: Send: friendlist.getFriendGroupList(friendlist.getFriendGroupList)[0m
[0m2022-11-30 21:20:12 V/Net 2645691758: Send: OidbSvc.0x5d2_0(OidbSvc.0x5d2_0)[0m
[0m2022-11-30 21:20:12 V/Net 2645691758: Recv: StatSvc.GetDevLoginInfo[0m
[92m2022-11-30 21:20:12 I/Net 2645691758: No OtherClient online.[0m
[0m2022-11-30 21:20:12 V/Net 2645691758: Recv: OidbSvc.0x5d2_0[0m
[92m2022-11-30 21:20:12 I/Net 2645691758: Successfully loaded stranger list: 0 in total[0m
[0m2022-11-30 21:20:12 V/Net 2645691758: Recv: OidbSvc.0x496[0m
[92m2022-11-30 21:20:12 I/Net 2645691758: Start loading group list...[0m
[0m2022-11-30 21:20:12 V/Net 2645691758: Send: friendlist.GetTroopListReqV2(friendlist.GetTroopListReqV2)[0m
[92m2022-11-30 21:20:12 I/Net 2645691758: Syncing friend message history: Success.[0m
[0m2022-11-30 21:20:12 V/Net 2645691758: Recv: friendlist.getFriendGroupList[0m
[0m2022-11-30 21:20:12 V/Net 2645691758: Loading friend list: 5/5[0m
[92m2022-11-30 21:20:12 I/Net 2645691758: Successfully loaded friend list: 5 in total[0m
[92m2022-11-30 21:20:12 I/Net 2645691758: Start loading friendGroup list...[0m
[0m2022-11-30 21:20:12 V/Net 2645691758: Send: friendlist.getFriendGroupList(friendlist.getFriendGroupList)[0m
[0m2022-11-30 21:20:12 V/Net 2645691758: Recv: friendlist.GetTroopListReqV2[0m
[0m2022-11-30 21:20:12 V/Net 2645691758: Send: friendlist.GetTroopMemberListReq(friendlist.GetTroopMemberListReq)[0m
[0m2022-11-30 21:20:12 V/Net 2645691758: Send: friendlist.GetTroopMemberListReq(friendlist.GetTroopMemberListReq)[0m
[0m2022-11-30 21:20:12 V/Net 2645691758: Send: friendlist.GetTroopMemberListReq(friendlist.GetTroopMemberListReq)[0m
[0m2022-11-30 21:20:12 V/Net 2645691758: Recv: friendlist.getFriendGroupList[0m
[0m2022-11-30 21:20:12 V/Net 2645691758: Loading friendGroup list: 1/1[0m
[92m2022-11-30 21:20:12 I/Net 2645691758: Successfully loaded friendGroup list: 1 in total[0m
[0m2022-11-30 21:20:12 V/Net 2645691758: Recv: friendlist.GetTroopMemberListReq[0m
[0m2022-11-30 21:20:12 V/Net 2645691758: Send: friendlist.GetTroopMemberListReq(friendlist.GetTroopMemberListReq)[0m
[0m2022-11-30 21:20:12 V/Net 2645691758: Recv: friendlist.GetTroopMemberListReq[0m
[0m2022-11-30 21:20:12 V/Net 2645691758: Recv: friendlist.GetTroopMemberListReq[0m
[0m2022-11-30 21:20:12 V/Net 2645691758: Recv: friendlist.GetTroopMemberListReq[0m
[0m2022-11-30 21:20:12 V/Net 2645691758: Send: friendlist.GetTroopMemberListReq(friendlist.GetTroopMemberListReq)[0m
[0m2022-11-30 21:20:13 V/Net 2645691758: Recv: friendlist.GetTroopMemberListReq[0m
[0m2022-11-30 21:20:13 V/Net 2645691758: Send: friendlist.GetTroopMemberListReq(friendlist.GetTroopMemberListReq)[0m
[0m2022-11-30 21:20:13 V/Net 2645691758: Recv: friendlist.GetTroopMemberListReq[0m
[0m2022-11-30 21:20:13 V/Net 2645691758: Send: friendlist.GetTroopMemberListReq(friendlist.GetTroopMemberListReq)[0m
[0m2022-11-30 21:20:13 V/Net 2645691758: Recv: friendlist.GetTroopMemberListReq[0m
[0m2022-11-30 21:20:13 V/Net 2645691758: Send: friendlist.GetTroopMemberListReq(friendlist.GetTroopMemberListReq)[0m
[0m2022-11-30 21:20:13 V/Net 2645691758: Recv: friendlist.GetTroopMemberListReq[0m
[92m2022-11-30 21:20:13 I/Net 2645691758: Successfully loaded group list: 3 in total.[0m
[92m2022-11-30 21:20:13 I/Net 2645691758: Scheduled refresh login session in 19d 23h 55min 0.0s.[0m
[92m2022-11-30 21:20:13 I/Net 2645691758: Scheduled key refresh in 23h 55min 0.0s.[0m
[0m2022-11-30 21:20:15 V/Net 2645691758: Saving bdh session to cache[0m
[0m2022-11-30 21:20:15 V/Net 2645691758: Send: ConfigPushSvc.PushResp(ConfigPushSvc.PushResp)[0m
[0m2022-11-30 21:20:15 V/Net 2645691758: Recv: ConfigPushSvc.PushReq[0m
[0m2022-11-30 21:20:17 V/Net 2645691758: Send: StatSvc.register(offline)[0m
[0m2022-11-30 21:25:27 V/Net 2645691758: Loading server list from cache.[0m
[0m2022-11-30 21:25:27 V/Net 2645691758: Server list: 123.151.54.180:443, 183.47.102.213:14000, msfwifi.3g.qq.com:8080, 42.81.194.99:80, 42.81.192.185:443, 180.102.191.69:8080, 183.47.101.173:80, 180.102.191.164:8080, 117.62.243.156:80, 183.47.117.200:8080.[0m
[92m2022-11-30 21:25:27 I/Net 2645691758: ECDH key is invalid, start to fetch ecdh public key from server.[0m
[31m2022-11-30 21:25:27 E/Net 2645691758: Failed to fetch ECDH public key from server, using default key instead
java.lang.NoClassDefFoundError: okhttp3/Request$Builder
	at net.mamoe.mirai.internal.deps.io.ktor.client.engine.okhttp.OkHttpEngineKt.convertToOkHttpRequest(OkHttpEngine.kt:183)
	at net.mamoe.mirai.internal.deps.io.ktor.client.engine.okhttp.OkHttpEngineKt.access$convertToOkHttpRequest(OkHttpEngine.kt:1)
	at net.mamoe.mirai.internal.deps.io.ktor.client.engine.okhttp.OkHttpEngine.execute(OkHttpEngine.kt:72)
	at net.mamoe.mirai.internal.deps.io.ktor.client.engine.HttpClientEngine$executeWithinCallContext$2.invokeSuspend(HttpClientEngine.kt:99)
	at kotlin.coroutines.jvm.internal.BaseContinuationImpl.resumeWith(ContinuationImpl.kt:33)
	at kotlinx.coroutines.DispatchedTask.run(DispatchedTask.kt:106)
	at kotlinx.coroutines.internal.LimitedDispatcher.run(LimitedDispatcher.kt:42)
	at kotlinx.coroutines.scheduling.TaskImpl.run(Tasks.kt:95)
	at kotlinx.coroutines.scheduling.CoroutineScheduler.runSafely(CoroutineScheduler.kt:570)
	at kotlinx.coroutines.scheduling.CoroutineScheduler$Worker.executeTask(CoroutineScheduler.kt:750)
	at kotlinx.coroutines.scheduling.CoroutineScheduler$Worker.runWorker(CoroutineScheduler.kt:677)
	at kotlinx.coroutines.scheduling.CoroutineScheduler$Worker.run(CoroutineScheduler.kt:664)
Caused by: java.lang.ClassNotFoundException: okhttp3.Request$Builder
	at java.base/jdk.internal.loader.BuiltinClassLoader.loadClass(BuiltinClassLoader.java:583)
	at java.base/jdk.internal.loader.ClassLoaders$AppClassLoader.loadClass(ClassLoaders.java:178)
	at java.base/java.lang.ClassLoader.loadClass(ClassLoader.java:521)
	... 12 more
[0m
[0m2022-11-30 21:25:27 V/Net 2645691758: Send: wtlogin.exchange_emp(10:fast-login)[0m
[0m2022-11-30 21:25:28 V/Net 2645691758: Recv: wtlogin.exchange_emp[0m
[0m2022-11-30 21:25:28 V/Net 2645691758: Send: StatSvc.register(online)[0m
[92m2022-11-30 21:25:28 I/Net 2645691758: Server time updated, serverTime: 1669814728, diff: 0ms=0.0s[0m
[0m2022-11-30 21:25:28 V/Net 2645691758: Recv: StatSvc.register[0m
[0m2022-11-30 21:25:28 V/Net 2645691758: Loading BdhSession from cache file[0m
[92m2022-11-30 21:25:28 I/Net 2645691758: Syncing friend message history...[0m
[92m2022-11-30 21:25:28 I/Net 2645691758: Start loading friend list...[0m
[0m2022-11-30 21:25:28 V/Net 2645691758: Send: StatSvc.GetDevLoginInfo(StatSvc.GetDevLoginInfo)[0m
[92m2022-11-30 21:25:28 I/Net 2645691758: Start loading stranger list...[0m
[0m2022-11-30 21:25:28 V/Net 2645691758: Send: OidbSvc.0x496(OidbSvc.0x496)[0m
[0m2022-11-30 21:25:28 V/Net 2645691758: Send: OidbSvc.0x5d2_0(OidbSvc.0x5d2_0)[0m
[0m2022-11-30 21:25:28 V/Net 2645691758: Send: friendlist.getFriendGroupList(friendlist.getFriendGroupList)[0m
[0m2022-11-30 21:25:28 V/Net 2645691758: Recv: OidbSvc.0x496[0m
[92m2022-11-30 21:25:28 I/Net 2645691758: Start loading group list...[0m
[0m2022-11-30 21:25:28 V/Net 2645691758: Recv: OidbSvc.0x5d2_0[0m
[92m2022-11-30 21:25:28 I/Net 2645691758: Successfully loaded stranger list: 0 in total[0m
[0m2022-11-30 21:25:28 V/Net 2645691758: Send: friendlist.GetTroopListReqV2(friendlist.GetTroopListReqV2)[0m
[92m2022-11-30 21:25:28 I/Net 2645691758: Syncing friend message history: Success.[0m
[0m2022-11-30 21:25:28 V/Net 2645691758: Recv: StatSvc.GetDevLoginInfo[0m
[92m2022-11-30 21:25:28 I/Net 2645691758: No OtherClient online.[0m
[0m2022-11-30 21:25:28 V/Net 2645691758: Recv: friendlist.getFriendGroupList[0m
[0m2022-11-30 21:25:28 V/Net 2645691758: Loading friend list: 5/5[0m
[92m2022-11-30 21:25:28 I/Net 2645691758: Successfully loaded friend list: 5 in total[0m
[92m2022-11-30 21:25:28 I/Net 2645691758: Start loading friendGroup list...[0m
[0m2022-11-30 21:25:28 V/Net 2645691758: Send: friendlist.getFriendGroupList(friendlist.getFriendGroupList)[0m
[0m2022-11-30 21:25:28 V/Net 2645691758: Recv: friendlist.GetTroopListReqV2[0m
[0m2022-11-30 21:25:28 V/Net 2645691758: Send: friendlist.GetTroopMemberListReq(friendlist.GetTroopMemberListReq)[0m
[0m2022-11-30 21:25:28 V/Net 2645691758: Send: friendlist.GetTroopMemberListReq(friendlist.GetTroopMemberListReq)[0m
[0m2022-11-30 21:25:28 V/Net 2645691758: Send: friendlist.GetTroopMemberListReq(friendlist.GetTroopMemberListReq)[0m
[0m2022-11-30 21:25:28 V/Net 2645691758: Recv: friendlist.getFriendGroupList[0m
[0m2022-11-30 21:25:28 V/Net 2645691758: Loading friendGroup list: 1/1[0m
[92m2022-11-30 21:25:28 I/Net 2645691758: Successfully loaded friendGroup list: 1 in total[0m
[0m2022-11-30 21:25:28 V/Net 2645691758: Recv: friendlist.GetTroopMemberListReq[0m
[0m2022-11-30 21:25:28 V/Net 2645691758: Send: friendlist.GetTroopMemberListReq(friendlist.GetTroopMemberListReq)[0m
[0m2022-11-30 21:25:28 V/Net 2645691758: Recv: friendlist.GetTroopMemberListReq[0m
[0m2022-11-30 21:25:28 V/Net 2645691758: Recv: friendlist.GetTroopMemberListReq[0m
[0m2022-11-30 21:25:28 V/Net 2645691758: Recv: friendlist.GetTroopMemberListReq[0m
[0m2022-11-30 21:25:28 V/Net 2645691758: Send: friendlist.GetTroopMemberListReq(friendlist.GetTroopMemberListReq)[0m
[0m2022-11-30 21:25:28 V/Net 2645691758: Recv: friendlist.GetTroopMemberListReq[0m
[0m2022-11-30 21:25:28 V/Net 2645691758: Send: friendlist.GetTroopMemberListReq(friendlist.GetTroopMemberListReq)[0m
[0m2022-11-30 21:25:29 V/Net 2645691758: Recv: friendlist.GetTroopMemberListReq[0m
[0m2022-11-30 21:25:29 V/Net 2645691758: Send: friendlist.GetTroopMemberListReq(friendlist.GetTroopMemberListReq)[0m
[0m2022-11-30 21:25:29 V/Net 2645691758: Recv: friendlist.GetTroopMemberListReq[0m
[0m2022-11-30 21:25:29 V/Net 2645691758: Send: friendlist.GetTroopMemberListReq(friendlist.GetTroopMemberListReq)[0m
[0m2022-11-30 21:25:29 V/Net 2645691758: Recv: friendlist.GetTroopMemberListReq[0m
[92m2022-11-30 21:25:29 I/Net 2645691758: Successfully loaded group list: 3 in total.[0m
[92m2022-11-30 21:25:29 I/Net 2645691758: Scheduled refresh login session in 19d 23h 55min 0.0s.[0m
[92m2022-11-30 21:25:29 I/Net 2645691758: Scheduled key refresh in 23h 55min 0.0s.[0m
[0m2022-11-30 21:25:31 V/Net 2645691758: Saving bdh session to cache[0m
[0m2022-11-30 21:25:31 V/Net 2645691758: Send: ConfigPushSvc.PushResp(ConfigPushSvc.PushResp)[0m
[0m2022-11-30 21:25:31 V/Net 2645691758: Recv: ConfigPushSvc.PushReq[0m
[0m2022-11-30 21:25:31 V/Net 2645691758: Send: StatSvc.register(offline)[0m
[0m2022-11-30 21:36:05 V/Net 2645691758: Loading server list from cache.[0m
[0m2022-11-30 21:36:05 V/Net 2645691758: Server list: 123.151.54.180:443, 183.47.102.213:14000, msfwifi.3g.qq.com:8080, 42.81.194.99:80, 42.81.192.185:443, 180.102.191.69:8080, 183.47.101.173:80, 180.102.191.164:8080, 117.62.243.156:80, 183.47.117.200:8080.[0m
[92m2022-11-30 21:36:05 I/Net 2645691758: ECDH key is invalid, start to fetch ecdh public key from server.[0m
[31m2022-11-30 21:36:05 E/Net 2645691758: Failed to fetch ECDH public key from server, using default key instead
java.lang.NoClassDefFoundError: okhttp3/Request$Builder
	at net.mamoe.mirai.internal.deps.io.ktor.client.engine.okhttp.OkHttpEngineKt.convertToOkHttpRequest(OkHttpEngine.kt:183)
	at net.mamoe.mirai.internal.deps.io.ktor.client.engine.okhttp.OkHttpEngineKt.access$convertToOkHttpRequest(OkHttpEngine.kt:1)
	at net.mamoe.mirai.internal.deps.io.ktor.client.engine.okhttp.OkHttpEngine.execute(OkHttpEngine.kt:72)
	at net.mamoe.mirai.internal.deps.io.ktor.client.engine.HttpClientEngine$executeWithinCallContext$2.invokeSuspend(HttpClientEngine.kt:99)
	at kotlin.coroutines.jvm.internal.BaseContinuationImpl.resumeWith(ContinuationImpl.kt:33)
	at kotlinx.coroutines.DispatchedTask.run(DispatchedTask.kt:106)
	at kotlinx.coroutines.internal.LimitedDispatcher.run(LimitedDispatcher.kt:42)
	at kotlinx.coroutines.scheduling.TaskImpl.run(Tasks.kt:95)
	at kotlinx.coroutines.scheduling.CoroutineScheduler.runSafely(CoroutineScheduler.kt:570)
	at kotlinx.coroutines.scheduling.CoroutineScheduler$Worker.executeTask(CoroutineScheduler.kt:750)
	at kotlinx.coroutines.scheduling.CoroutineScheduler$Worker.runWorker(CoroutineScheduler.kt:677)
	at kotlinx.coroutines.scheduling.CoroutineScheduler$Worker.run(CoroutineScheduler.kt:664)
Caused by: java.lang.ClassNotFoundException: okhttp3.Request$Builder
	at java.base/jdk.internal.loader.BuiltinClassLoader.loadClass(BuiltinClassLoader.java:583)
	at java.base/jdk.internal.loader.ClassLoaders$AppClassLoader.loadClass(ClassLoaders.java:178)
	at java.base/java.lang.ClassLoader.loadClass(ClassLoader.java:521)
	... 12 more
[0m
[0m2022-11-30 21:36:05 V/Net 2645691758: Send: wtlogin.exchange_emp(10:fast-login)[0m
[0m2022-11-30 21:36:06 V/Net 2645691758: Recv: wtlogin.exchange_emp[0m
[0m2022-11-30 21:36:06 V/Net 2645691758: Send: StatSvc.register(online)[0m
[92m2022-11-30 21:36:06 I/Net 2645691758: Server time updated, serverTime: 1669815366, diff: 0ms=0.0s[0m
[0m2022-11-30 21:36:06 V/Net 2645691758: Recv: StatSvc.register[0m
[0m2022-11-30 21:36:06 V/Net 2645691758: Loading BdhSession from cache file[0m
[92m2022-11-30 21:36:06 I/Net 2645691758: Syncing friend message history...[0m
[92m2022-11-30 21:36:06 I/Net 2645691758: Start loading friend list...[0m
[0m2022-11-30 21:36:06 V/Net 2645691758: Send: StatSvc.GetDevLoginInfo(StatSvc.GetDevLoginInfo)[0m
[92m2022-11-30 21:36:06 I/Net 2645691758: Start loading stranger list...[0m
[0m2022-11-30 21:36:06 V/Net 2645691758: Send: OidbSvc.0x496(OidbSvc.0x496)[0m
[0m2022-11-30 21:36:06 V/Net 2645691758: Send: OidbSvc.0x5d2_0(OidbSvc.0x5d2_0)[0m
[0m2022-11-30 21:36:06 V/Net 2645691758: Send: friendlist.getFriendGroupList(friendlist.getFriendGroupList)[0m
[0m2022-11-30 21:36:06 V/Net 2645691758: Recv: OidbSvc.0x496[0m
[92m2022-11-30 21:36:06 I/Net 2645691758: Start loading group list...[0m
[0m2022-11-30 21:36:06 V/Net 2645691758: Recv: OidbSvc.0x5d2_0[0m
[92m2022-11-30 21:36:06 I/Net 2645691758: Successfully loaded stranger list: 0 in total[0m
[0m2022-11-30 21:36:06 V/Net 2645691758: Send: friendlist.GetTroopListReqV2(friendlist.GetTroopListReqV2)[0m
[0m2022-11-30 21:36:06 V/Net 2645691758: Recv: StatSvc.GetDevLoginInfo[0m
[92m2022-11-30 21:36:06 I/Net 2645691758: No OtherClient online.[0m
[92m2022-11-30 21:36:06 I/Net 2645691758: Syncing friend message history: Success.[0m
[0m2022-11-30 21:36:06 V/Net 2645691758: Recv: friendlist.GetTroopListReqV2[0m
[0m2022-11-30 21:36:06 V/Net 2645691758: Send: friendlist.GetTroopMemberListReq(friendlist.GetTroopMemberListReq)[0m
[0m2022-11-30 21:36:06 V/Net 2645691758: Send: friendlist.GetTroopMemberListReq(friendlist.GetTroopMemberListReq)[0m
[0m2022-11-30 21:36:06 V/Net 2645691758: Send: friendlist.GetTroopMemberListReq(friendlist.GetTroopMemberListReq)[0m
[0m2022-11-30 21:36:06 V/Net 2645691758: Recv: friendlist.getFriendGroupList[0m
[0m2022-11-30 21:36:06 V/Net 2645691758: Loading friend list: 5/5[0m
[92m2022-11-30 21:36:06 I/Net 2645691758: Successfully loaded friend list: 5 in total[0m
[92m2022-11-30 21:36:06 I/Net 2645691758: Start loading friendGroup list...[0m
[0m2022-11-30 21:36:06 V/Net 2645691758: Send: friendlist.getFriendGroupList(friendlist.getFriendGroupList)[0m
[0m2022-11-30 21:36:06 V/Net 2645691758: Recv: friendlist.GetTroopMemberListReq[0m
[0m2022-11-30 21:36:06 V/Net 2645691758: Recv: friendlist.getFriendGroupList[0m
[0m2022-11-30 21:36:06 V/Net 2645691758: Loading friendGroup list: 1/1[0m
[92m2022-11-30 21:36:06 I/Net 2645691758: Successfully loaded friendGroup list: 1 in total[0m
[0m2022-11-30 21:36:06 V/Net 2645691758: Recv: friendlist.GetTroopMemberListReq[0m
[0m2022-11-30 21:36:06 V/Net 2645691758: Recv: friendlist.GetTroopMemberListReq[0m
[0m2022-11-30 21:36:06 V/Net 2645691758: Send: friendlist.GetTroopMemberListReq(friendlist.GetTroopMemberListReq)[0m
[0m2022-11-30 21:36:06 V/Net 2645691758: Recv: friendlist.GetTroopMemberListReq[0m
[0m2022-11-30 21:36:06 V/Net 2645691758: Send: friendlist.GetTroopMemberListReq(friendlist.GetTroopMemberListReq)[0m
[0m2022-11-30 21:36:07 V/Net 2645691758: Recv: friendlist.GetTroopMemberListReq[0m
[0m2022-11-30 21:36:07 V/Net 2645691758: Send: friendlist.GetTroopMemberListReq(friendlist.GetTroopMemberListReq)[0m
[0m2022-11-30 21:36:07 V/Net 2645691758: Recv: friendlist.GetTroopMemberListReq[0m
[0m2022-11-30 21:36:07 V/Net 2645691758: Send: friendlist.GetTroopMemberListReq(friendlist.GetTroopMemberListReq)[0m
[0m2022-11-30 21:36:07 V/Net 2645691758: Recv: friendlist.GetTroopMemberListReq[0m
[0m2022-11-30 21:36:07 V/Net 2645691758: Send: friendlist.GetTroopMemberListReq(friendlist.GetTroopMemberListReq)[0m
[0m2022-11-30 21:36:07 V/Net 2645691758: Recv: friendlist.GetTroopMemberListReq[0m
[92m2022-11-30 21:36:07 I/Net 2645691758: Successfully loaded group list: 3 in total.[0m
[92m2022-11-30 21:36:07 I/Net 2645691758: Scheduled refresh login session in 19d 23h 55min 0.0s.[0m
[92m2022-11-30 21:36:07 I/Net 2645691758: Scheduled key refresh in 23h 55min 0.0s.[0m
[0m2022-11-30 21:36:09 V/Net 2645691758: Saving bdh session to cache[0m
[0m2022-11-30 21:36:09 V/Net 2645691758: Send: ConfigPushSvc.PushResp(ConfigPushSvc.PushResp)[0m
[0m2022-11-30 21:36:09 V/Net 2645691758: Recv: ConfigPushSvc.PushReq[0m
[0m2022-11-30 21:44:24 V/Net 2645691758: Send: StatSvc.register(offline)[0m
[0m2022-11-30 21:44:31 V/Net 2645691758: Loading server list from cache.[0m
[0m2022-11-30 21:44:31 V/Net 2645691758: Server list: 123.151.54.180:443, 183.47.102.213:14000, msfwifi.3g.qq.com:8080, 42.81.194.99:80, 42.81.192.185:443, 180.102.191.69:8080, 183.47.101.173:80, 180.102.191.164:8080, 117.62.243.156:80, 183.47.117.200:8080.[0m
[92m2022-11-30 21:44:31 I/Net 2645691758: ECDH key is invalid, start to fetch ecdh public key from server.[0m
[31m2022-11-30 21:44:31 E/Net 2645691758: Failed to fetch ECDH public key from server, using default key instead
java.lang.NoClassDefFoundError: okhttp3/Request$Builder
	at net.mamoe.mirai.internal.deps.io.ktor.client.engine.okhttp.OkHttpEngineKt.convertToOkHttpRequest(OkHttpEngine.kt:183)
	at net.mamoe.mirai.internal.deps.io.ktor.client.engine.okhttp.OkHttpEngineKt.access$convertToOkHttpRequest(OkHttpEngine.kt:1)
	at net.mamoe.mirai.internal.deps.io.ktor.client.engine.okhttp.OkHttpEngine.execute(OkHttpEngine.kt:72)
	at net.mamoe.mirai.internal.deps.io.ktor.client.engine.HttpClientEngine$executeWithinCallContext$2.invokeSuspend(HttpClientEngine.kt:99)
	at kotlin.coroutines.jvm.internal.BaseContinuationImpl.resumeWith(ContinuationImpl.kt:33)
	at kotlinx.coroutines.DispatchedTask.run(DispatchedTask.kt:106)
	at kotlinx.coroutines.internal.LimitedDispatcher.run(LimitedDispatcher.kt:42)
	at kotlinx.coroutines.scheduling.TaskImpl.run(Tasks.kt:95)
	at kotlinx.coroutines.scheduling.CoroutineScheduler.runSafely(CoroutineScheduler.kt:570)
	at kotlinx.coroutines.scheduling.CoroutineScheduler$Worker.executeTask(CoroutineScheduler.kt:750)
	at kotlinx.coroutines.scheduling.CoroutineScheduler$Worker.runWorker(CoroutineScheduler.kt:677)
	at kotlinx.coroutines.scheduling.CoroutineScheduler$Worker.run(CoroutineScheduler.kt:664)
Caused by: java.lang.ClassNotFoundException: okhttp3.Request$Builder
	at java.base/jdk.internal.loader.BuiltinClassLoader.loadClass(BuiltinClassLoader.java:583)
	at java.base/jdk.internal.loader.ClassLoaders$AppClassLoader.loadClass(ClassLoaders.java:178)
	at java.base/java.lang.ClassLoader.loadClass(ClassLoader.java:521)
	... 12 more
[0m
[0m2022-11-30 21:44:31 V/Net 2645691758: Send: wtlogin.exchange_emp(10:fast-login)[0m
[0m2022-11-30 21:44:31 V/Net 2645691758: Recv: wtlogin.exchange_emp[0m
[0m2022-11-30 21:44:31 V/Net 2645691758: Send: StatSvc.register(online)[0m
[92m2022-11-30 21:44:32 I/Net 2645691758: Server time updated, serverTime: 1669815872, diff: 0ms=0.0s[0m
[0m2022-11-30 21:44:32 V/Net 2645691758: Recv: StatSvc.register[0m
[0m2022-11-30 21:44:32 V/Net 2645691758: Loading BdhSession from cache file[0m
[92m2022-11-30 21:44:32 I/Net 2645691758: Syncing friend message history...[0m
[92m2022-11-30 21:44:32 I/Net 2645691758: Start loading friend list...[0m
[0m2022-11-30 21:44:32 V/Net 2645691758: Send: StatSvc.GetDevLoginInfo(StatSvc.GetDevLoginInfo)[0m
[92m2022-11-30 21:44:32 I/Net 2645691758: Start loading stranger list...[0m
[0m2022-11-30 21:44:32 V/Net 2645691758: Send: OidbSvc.0x496(OidbSvc.0x496)[0m
[0m2022-11-30 21:44:32 V/Net 2645691758: Send: OidbSvc.0x5d2_0(OidbSvc.0x5d2_0)[0m
[0m2022-11-30 21:44:32 V/Net 2645691758: Send: friendlist.getFriendGroupList(friendlist.getFriendGroupList)[0m
[0m2022-11-30 21:44:32 V/Net 2645691758: Recv: OidbSvc.0x496[0m
[92m2022-11-30 21:44:32 I/Net 2645691758: Start loading group list...[0m
[0m2022-11-30 21:44:32 V/Net 2645691758: Send: friendlist.GetTroopListReqV2(friendlist.GetTroopListReqV2)[0m
[92m2022-11-30 21:44:32 I/Net 2645691758: Syncing friend message history: Success.[0m
[0m2022-11-30 21:44:32 V/Net 2645691758: Recv: OidbSvc.0x5d2_0[0m
[92m2022-11-30 21:44:32 I/Net 2645691758: Successfully loaded stranger list: 0 in total[0m
[0m2022-11-30 21:44:32 V/Net 2645691758: Recv: StatSvc.GetDevLoginInfo[0m
[92m2022-11-30 21:44:32 I/Net 2645691758: No OtherClient online.[0m
[0m2022-11-30 21:44:32 V/Net 2645691758: Recv: friendlist.getFriendGroupList[0m
[0m2022-11-30 21:44:32 V/Net 2645691758: Loading friend list: 5/5[0m
[92m2022-11-30 21:44:32 I/Net 2645691758: Successfully loaded friend list: 5 in total[0m
[92m2022-11-30 21:44:32 I/Net 2645691758: Start loading friendGroup list...[0m
[0m2022-11-30 21:44:32 V/Net 2645691758: Send: friendlist.getFriendGroupList(friendlist.getFriendGroupList)[0m
[0m2022-11-30 21:44:32 V/Net 2645691758: Recv: friendlist.GetTroopListReqV2[0m
[0m2022-11-30 21:44:32 V/Net 2645691758: Send: friendlist.GetTroopMemberListReq(friendlist.GetTroopMemberListReq)[0m
[0m2022-11-30 21:44:32 V/Net 2645691758: Send: friendlist.GetTroopMemberListReq(friendlist.GetTroopMemberListReq)[0m
[0m2022-11-30 21:44:32 V/Net 2645691758: Send: friendlist.GetTroopMemberListReq(friendlist.GetTroopMemberListReq)[0m
[0m2022-11-30 21:44:32 V/Net 2645691758: Recv: friendlist.getFriendGroupList[0m
[0m2022-11-30 21:44:32 V/Net 2645691758: Loading friendGroup list: 1/1[0m
[92m2022-11-30 21:44:32 I/Net 2645691758: Successfully loaded friendGroup list: 1 in total[0m
[0m2022-11-30 21:44:32 V/Net 2645691758: Recv: friendlist.GetTroopMemberListReq[0m
[0m2022-11-30 21:44:32 V/Net 2645691758: Recv: friendlist.GetTroopMemberListReq[0m
[0m2022-11-30 21:44:32 V/Net 2645691758: Send: friendlist.GetTroopMemberListReq(friendlist.GetTroopMemberListReq)[0m
[0m2022-11-30 21:44:32 V/Net 2645691758: Recv: friendlist.GetTroopMemberListReq[0m
[0m2022-11-30 21:44:32 V/Net 2645691758: Recv: friendlist.GetTroopMemberListReq[0m
[0m2022-11-30 21:44:32 V/Net 2645691758: Send: friendlist.GetTroopMemberListReq(friendlist.GetTroopMemberListReq)[0m
[0m2022-11-30 21:44:32 V/Net 2645691758: Recv: friendlist.GetTroopMemberListReq[0m
[0m2022-11-30 21:44:32 V/Net 2645691758: Send: friendlist.GetTroopMemberListReq(friendlist.GetTroopMemberListReq)[0m
[0m2022-11-30 21:44:32 V/Net 2645691758: Recv: friendlist.GetTroopMemberListReq[0m
[0m2022-11-30 21:44:32 V/Net 2645691758: Send: friendlist.GetTroopMemberListReq(friendlist.GetTroopMemberListReq)[0m
[0m2022-11-30 21:44:33 V/Net 2645691758: Recv: friendlist.GetTroopMemberListReq[0m
[0m2022-11-30 21:44:33 V/Net 2645691758: Send: friendlist.GetTroopMemberListReq(friendlist.GetTroopMemberListReq)[0m
[0m2022-11-30 21:44:33 V/Net 2645691758: Recv: friendlist.GetTroopMemberListReq[0m
[92m2022-11-30 21:44:33 I/Net 2645691758: Successfully loaded group list: 3 in total.[0m
[92m2022-11-30 21:44:33 I/Net 2645691758: Scheduled refresh login session in 19d 23h 55min 0.0s.[0m
[92m2022-11-30 21:44:33 I/Net 2645691758: Scheduled key refresh in 23h 55min 0.0s.[0m
[0m2022-11-30 21:44:35 V/Net 2645691758: Saving bdh session to cache[0m
[0m2022-11-30 21:44:35 V/Net 2645691758: Send: ConfigPushSvc.PushResp(ConfigPushSvc.PushResp)[0m
[0m2022-11-30 21:44:35 V/Net 2645691758: Recv: ConfigPushSvc.PushReq[0m
[0m2022-11-30 21:47:08 V/Net 2645691758: Send: StatSvc.register(offline)[0m
[0m2022-11-30 21:47:30 V/Net 2645691758: Loading server list from cache.[0m
[0m2022-11-30 21:47:30 V/Net 2645691758: Server list: 123.151.54.180:443, 183.47.102.213:14000, msfwifi.3g.qq.com:8080, 42.81.194.99:80, 42.81.192.185:443, 180.102.191.69:8080, 183.47.101.173:80, 180.102.191.164:8080, 117.62.243.156:80, 183.47.117.200:8080.[0m
[92m2022-11-30 21:47:30 I/Net 2645691758: ECDH key is invalid, start to fetch ecdh public key from server.[0m
[31m2022-11-30 21:47:30 E/Net 2645691758: Failed to fetch ECDH public key from server, using default key instead
java.lang.NoClassDefFoundError: okhttp3/Request$Builder
	at net.mamoe.mirai.internal.deps.io.ktor.client.engine.okhttp.OkHttpEngineKt.convertToOkHttpRequest(OkHttpEngine.kt:183)
	at net.mamoe.mirai.internal.deps.io.ktor.client.engine.okhttp.OkHttpEngineKt.access$convertToOkHttpRequest(OkHttpEngine.kt:1)
	at net.mamoe.mirai.internal.deps.io.ktor.client.engine.okhttp.OkHttpEngine.execute(OkHttpEngine.kt:72)
	at net.mamoe.mirai.internal.deps.io.ktor.client.engine.HttpClientEngine$executeWithinCallContext$2.invokeSuspend(HttpClientEngine.kt:99)
	at kotlin.coroutines.jvm.internal.BaseContinuationImpl.resumeWith(ContinuationImpl.kt:33)
	at kotlinx.coroutines.DispatchedTask.run(DispatchedTask.kt:106)
	at kotlinx.coroutines.internal.LimitedDispatcher.run(LimitedDispatcher.kt:42)
	at kotlinx.coroutines.scheduling.TaskImpl.run(Tasks.kt:95)
	at kotlinx.coroutines.scheduling.CoroutineScheduler.runSafely(CoroutineScheduler.kt:570)
	at kotlinx.coroutines.scheduling.CoroutineScheduler$Worker.executeTask(CoroutineScheduler.kt:750)
	at kotlinx.coroutines.scheduling.CoroutineScheduler$Worker.runWorker(CoroutineScheduler.kt:677)
	at kotlinx.coroutines.scheduling.CoroutineScheduler$Worker.run(CoroutineScheduler.kt:664)
Caused by: java.lang.ClassNotFoundException: okhttp3.Request$Builder
	at java.base/jdk.internal.loader.BuiltinClassLoader.loadClass(BuiltinClassLoader.java:583)
	at java.base/jdk.internal.loader.ClassLoaders$AppClassLoader.loadClass(ClassLoaders.java:178)
	at java.base/java.lang.ClassLoader.loadClass(ClassLoader.java:521)
	... 12 more
[0m
[0m2022-11-30 21:47:30 V/Net 2645691758: Send: wtlogin.exchange_emp(10:fast-login)[0m
[0m2022-11-30 21:47:31 V/Net 2645691758: Recv: wtlogin.exchange_emp[0m
[0m2022-11-30 21:47:31 V/Net 2645691758: Send: StatSvc.register(online)[0m
[92m2022-11-30 21:47:31 I/Net 2645691758: Server time updated, serverTime: 1669816051, diff: 0ms=0.0s[0m
[0m2022-11-30 21:47:31 V/Net 2645691758: Recv: StatSvc.register[0m
[0m2022-11-30 21:47:31 V/Net 2645691758: Loading BdhSession from cache file[0m
[92m2022-11-30 21:47:31 I/Net 2645691758: Syncing friend message history...[0m
[92m2022-11-30 21:47:31 I/Net 2645691758: Start loading stranger list...[0m
[92m2022-11-30 21:47:31 I/Net 2645691758: Start loading friend list...[0m
[0m2022-11-30 21:47:31 V/Net 2645691758: Send: StatSvc.GetDevLoginInfo(StatSvc.GetDevLoginInfo)[0m
[0m2022-11-30 21:47:31 V/Net 2645691758: Send: OidbSvc.0x496(OidbSvc.0x496)[0m
[0m2022-11-30 21:47:31 V/Net 2645691758: Send: OidbSvc.0x5d2_0(OidbSvc.0x5d2_0)[0m
[0m2022-11-30 21:47:31 V/Net 2645691758: Send: friendlist.getFriendGroupList(friendlist.getFriendGroupList)[0m
[0m2022-11-30 21:47:31 V/Net 2645691758: Recv: OidbSvc.0x496[0m
[92m2022-11-30 21:47:31 I/Net 2645691758: Start loading group list...[0m
[0m2022-11-30 21:47:31 V/Net 2645691758: Send: friendlist.GetTroopListReqV2(friendlist.GetTroopListReqV2)[0m
[0m2022-11-30 21:47:31 V/Net 2645691758: Recv: OidbSvc.0x5d2_0[0m
[92m2022-11-30 21:47:31 I/Net 2645691758: Successfully loaded stranger list: 0 in total[0m
[0m2022-11-30 21:47:31 V/Net 2645691758: Recv: StatSvc.GetDevLoginInfo[0m
[92m2022-11-30 21:47:31 I/Net 2645691758: No OtherClient online.[0m
[92m2022-11-30 21:47:31 I/Net 2645691758: Syncing friend message history: Success.[0m
[0m2022-11-30 21:47:31 V/Net 2645691758: Recv: friendlist.getFriendGroupList[0m
[0m2022-11-30 21:47:31 V/Net 2645691758: Loading friend list: 5/5[0m
[92m2022-11-30 21:47:31 I/Net 2645691758: Successfully loaded friend list: 5 in total[0m
[92m2022-11-30 21:47:31 I/Net 2645691758: Start loading friendGroup list...[0m
[0m2022-11-30 21:47:31 V/Net 2645691758: Send: friendlist.getFriendGroupList(friendlist.getFriendGroupList)[0m
[0m2022-11-30 21:47:31 V/Net 2645691758: Recv: friendlist.GetTroopListReqV2[0m
[0m2022-11-30 21:47:31 V/Net 2645691758: Send: friendlist.GetTroopMemberListReq(friendlist.GetTroopMemberListReq)[0m
[0m2022-11-30 21:47:31 V/Net 2645691758: Send: friendlist.GetTroopMemberListReq(friendlist.GetTroopMemberListReq)[0m
[0m2022-11-30 21:47:31 V/Net 2645691758: Send: friendlist.GetTroopMemberListReq(friendlist.GetTroopMemberListReq)[0m
[0m2022-11-30 21:47:31 V/Net 2645691758: Recv: friendlist.getFriendGroupList[0m
[0m2022-11-30 21:47:31 V/Net 2645691758: Loading friendGroup list: 1/1[0m
[92m2022-11-30 21:47:31 I/Net 2645691758: Successfully loaded friendGroup list: 1 in total[0m
[0m2022-11-30 21:47:31 V/Net 2645691758: Recv: friendlist.GetTroopMemberListReq[0m
[0m2022-11-30 21:47:31 V/Net 2645691758: Recv: friendlist.GetTroopMemberListReq[0m
[0m2022-11-30 21:47:31 V/Net 2645691758: Send: friendlist.GetTroopMemberListReq(friendlist.GetTroopMemberListReq)[0m
[0m2022-11-30 21:47:31 V/Net 2645691758: Recv: friendlist.GetTroopMemberListReq[0m
[0m2022-11-30 21:47:32 V/Net 2645691758: Recv: friendlist.GetTroopMemberListReq[0m
[0m2022-11-30 21:47:32 V/Net 2645691758: Send: friendlist.GetTroopMemberListReq(friendlist.GetTroopMemberListReq)[0m
[0m2022-11-30 21:47:32 V/Net 2645691758: Recv: friendlist.GetTroopMemberListReq[0m
[0m2022-11-30 21:47:32 V/Net 2645691758: Send: friendlist.GetTroopMemberListReq(friendlist.GetTroopMemberListReq)[0m
[0m2022-11-30 21:47:32 V/Net 2645691758: Recv: friendlist.GetTroopMemberListReq[0m
[0m2022-11-30 21:47:32 V/Net 2645691758: Send: friendlist.GetTroopMemberListReq(friendlist.GetTroopMemberListReq)[0m
[0m2022-11-30 21:47:33 V/Net 2645691758: Recv: friendlist.GetTroopMemberListReq[0m
[0m2022-11-30 21:47:33 V/Net 2645691758: Send: friendlist.GetTroopMemberListReq(friendlist.GetTroopMemberListReq)[0m
[0m2022-11-30 21:47:33 V/Net 2645691758: Recv: friendlist.GetTroopMemberListReq[0m
[92m2022-11-30 21:47:33 I/Net 2645691758: Successfully loaded group list: 3 in total.[0m
[92m2022-11-30 21:47:33 I/Net 2645691758: Scheduled refresh login session in 19d 23h 55min 0.0s.[0m
[92m2022-11-30 21:47:33 I/Net 2645691758: Scheduled key refresh in 23h 55min 0.0s.[0m
[0m2022-11-30 21:47:34 V/Net 2645691758: Saving bdh session to cache[0m
[0m2022-11-30 21:47:34 V/Net 2645691758: Send: ConfigPushSvc.PushResp(ConfigPushSvc.PushResp)[0m
[0m2022-11-30 21:47:34 V/Net 2645691758: Recv: ConfigPushSvc.PushReq[0m
[0m2022-11-30 21:47:44 V/Net 2645691758: Send: StatSvc.register(offline)[0m
[0m2022-11-30 21:49:14 V/Net 2645691758: Loading server list from cache.[0m
[0m2022-11-30 21:49:14 V/Net 2645691758: Server list: 123.151.54.180:443, 183.47.102.213:14000, msfwifi.3g.qq.com:8080, 42.81.194.99:80, 42.81.192.185:443, 180.102.191.69:8080, 183.47.101.173:80, 180.102.191.164:8080, 117.62.243.156:80, 183.47.117.200:8080.[0m
[92m2022-11-30 21:49:14 I/Net 2645691758: ECDH key is invalid, start to fetch ecdh public key from server.[0m
[31m2022-11-30 21:49:14 E/Net 2645691758: Failed to fetch ECDH public key from server, using default key instead
java.lang.NoClassDefFoundError: okhttp3/Request$Builder
	at net.mamoe.mirai.internal.deps.io.ktor.client.engine.okhttp.OkHttpEngineKt.convertToOkHttpRequest(OkHttpEngine.kt:183)
	at net.mamoe.mirai.internal.deps.io.ktor.client.engine.okhttp.OkHttpEngineKt.access$convertToOkHttpRequest(OkHttpEngine.kt:1)
	at net.mamoe.mirai.internal.deps.io.ktor.client.engine.okhttp.OkHttpEngine.execute(OkHttpEngine.kt:72)
	at net.mamoe.mirai.internal.deps.io.ktor.client.engine.HttpClientEngine$executeWithinCallContext$2.invokeSuspend(HttpClientEngine.kt:99)
	at kotlin.coroutines.jvm.internal.BaseContinuationImpl.resumeWith(ContinuationImpl.kt:33)
	at kotlinx.coroutines.DispatchedTask.run(DispatchedTask.kt:106)
	at kotlinx.coroutines.internal.LimitedDispatcher.run(LimitedDispatcher.kt:42)
	at kotlinx.coroutines.scheduling.TaskImpl.run(Tasks.kt:95)
	at kotlinx.coroutines.scheduling.CoroutineScheduler.runSafely(CoroutineScheduler.kt:570)
	at kotlinx.coroutines.scheduling.CoroutineScheduler$Worker.executeTask(CoroutineScheduler.kt:750)
	at kotlinx.coroutines.scheduling.CoroutineScheduler$Worker.runWorker(CoroutineScheduler.kt:677)
	at kotlinx.coroutines.scheduling.CoroutineScheduler$Worker.run(CoroutineScheduler.kt:664)
Caused by: java.lang.ClassNotFoundException: okhttp3.Request$Builder
	at java.base/jdk.internal.loader.BuiltinClassLoader.loadClass(BuiltinClassLoader.java:583)
	at java.base/jdk.internal.loader.ClassLoaders$AppClassLoader.loadClass(ClassLoaders.java:178)
	at java.base/java.lang.ClassLoader.loadClass(ClassLoader.java:521)
	... 12 more
[0m
[0m2022-11-30 21:49:14 V/Net 2645691758: Send: wtlogin.exchange_emp(10:fast-login)[0m
[0m2022-11-30 21:49:14 V/Net 2645691758: Recv: wtlogin.exchange_emp[0m
[0m2022-11-30 21:49:14 V/Net 2645691758: Send: StatSvc.register(online)[0m
[92m2022-11-30 21:49:14 I/Net 2645691758: Server time updated, serverTime: 1669816154, diff: 0ms=0.0s[0m
[0m2022-11-30 21:49:14 V/Net 2645691758: Recv: StatSvc.register[0m
[0m2022-11-30 21:49:14 V/Net 2645691758: Loading BdhSession from cache file[0m
[92m2022-11-30 21:49:14 I/Net 2645691758: Syncing friend message history...[0m
[92m2022-11-30 21:49:14 I/Net 2645691758: Start loading stranger list...[0m
[92m2022-11-30 21:49:14 I/Net 2645691758: Start loading friend list...[0m
[0m2022-11-30 21:49:14 V/Net 2645691758: Send: StatSvc.GetDevLoginInfo(StatSvc.GetDevLoginInfo)[0m
[0m2022-11-30 21:49:14 V/Net 2645691758: Send: OidbSvc.0x496(OidbSvc.0x496)[0m
[0m2022-11-30 21:49:14 V/Net 2645691758: Send: OidbSvc.0x5d2_0(OidbSvc.0x5d2_0)[0m
[0m2022-11-30 21:49:14 V/Net 2645691758: Send: friendlist.getFriendGroupList(friendlist.getFriendGroupList)[0m
[0m2022-11-30 21:49:14 V/Net 2645691758: Recv: OidbSvc.0x5d2_0[0m
[92m2022-11-30 21:49:14 I/Net 2645691758: Successfully loaded stranger list: 0 in total[0m
[0m2022-11-30 21:49:14 V/Net 2645691758: Recv: OidbSvc.0x496[0m
[92m2022-11-30 21:49:14 I/Net 2645691758: Start loading group list...[0m
[0m2022-11-30 21:49:14 V/Net 2645691758: Send: friendlist.GetTroopListReqV2(friendlist.GetTroopListReqV2)[0m
[92m2022-11-30 21:49:14 I/Net 2645691758: Syncing friend message history: Success.[0m
[0m2022-11-30 21:49:14 V/Net 2645691758: Recv: StatSvc.GetDevLoginInfo[0m
[92m2022-11-30 21:49:14 I/Net 2645691758: No OtherClient online.[0m
[0m2022-11-30 21:49:14 V/Net 2645691758: Recv: friendlist.getFriendGroupList[0m
[0m2022-11-30 21:49:14 V/Net 2645691758: Loading friend list: 5/5[0m
[92m2022-11-30 21:49:14 I/Net 2645691758: Successfully loaded friend list: 5 in total[0m
[92m2022-11-30 21:49:14 I/Net 2645691758: Start loading friendGroup list...[0m
[0m2022-11-30 21:49:14 V/Net 2645691758: Send: friendlist.getFriendGroupList(friendlist.getFriendGroupList)[0m
[0m2022-11-30 21:49:14 V/Net 2645691758: Recv: friendlist.GetTroopListReqV2[0m
[0m2022-11-30 21:49:14 V/Net 2645691758: Send: friendlist.GetTroopMemberListReq(friendlist.GetTroopMemberListReq)[0m
[0m2022-11-30 21:49:14 V/Net 2645691758: Send: friendlist.GetTroopMemberListReq(friendlist.GetTroopMemberListReq)[0m
[0m2022-11-30 21:49:14 V/Net 2645691758: Send: friendlist.GetTroopMemberListReq(friendlist.GetTroopMemberListReq)[0m
[0m2022-11-30 21:49:15 V/Net 2645691758: Recv: friendlist.getFriendGroupList[0m
[0m2022-11-30 21:49:15 V/Net 2645691758: Loading friendGroup list: 1/1[0m
[92m2022-11-30 21:49:15 I/Net 2645691758: Successfully loaded friendGroup list: 1 in total[0m
[0m2022-11-30 21:49:15 V/Net 2645691758: Recv: friendlist.GetTroopMemberListReq[0m
[0m2022-11-30 21:49:15 V/Net 2645691758: Recv: friendlist.GetTroopMemberListReq[0m
[0m2022-11-30 21:49:15 V/Net 2645691758: Send: friendlist.GetTroopMemberListReq(friendlist.GetTroopMemberListReq)[0m
[0m2022-11-30 21:49:15 V/Net 2645691758: Recv: friendlist.GetTroopMemberListReq[0m
[0m2022-11-30 21:49:15 V/Net 2645691758: Recv: friendlist.GetTroopMemberListReq[0m
[0m2022-11-30 21:49:15 V/Net 2645691758: Send: friendlist.GetTroopMemberListReq(friendlist.GetTroopMemberListReq)[0m
[0m2022-11-30 21:49:15 V/Net 2645691758: Recv: friendlist.GetTroopMemberListReq[0m
[0m2022-11-30 21:49:15 V/Net 2645691758: Send: friendlist.GetTroopMemberListReq(friendlist.GetTroopMemberListReq)[0m
[0m2022-11-30 21:49:15 V/Net 2645691758: Recv: friendlist.GetTroopMemberListReq[0m
[0m2022-11-30 21:49:15 V/Net 2645691758: Send: friendlist.GetTroopMemberListReq(friendlist.GetTroopMemberListReq)[0m
[0m2022-11-30 21:49:15 V/Net 2645691758: Recv: friendlist.GetTroopMemberListReq[0m
[0m2022-11-30 21:49:15 V/Net 2645691758: Send: friendlist.GetTroopMemberListReq(friendlist.GetTroopMemberListReq)[0m
[0m2022-11-30 21:49:15 V/Net 2645691758: Recv: friendlist.GetTroopMemberListReq[0m
[92m2022-11-30 21:49:15 I/Net 2645691758: Successfully loaded group list: 3 in total.[0m
[92m2022-11-30 21:49:15 I/Net 2645691758: Scheduled refresh login session in 19d 23h 55min 0.0s.[0m
[92m2022-11-30 21:49:15 I/Net 2645691758: Scheduled key refresh in 23h 55min 0.0s.[0m
[0m2022-11-30 21:49:17 V/Net 2645691758: Saving bdh session to cache[0m
[0m2022-11-30 21:49:17 V/Net 2645691758: Send: ConfigPushSvc.PushResp(ConfigPushSvc.PushResp)[0m
[0m2022-11-30 21:49:17 V/Net 2645691758: Recv: ConfigPushSvc.PushReq[0m
[0m2022-11-30 21:49:25 V/Net 2645691758: Send: StatSvc.register(offline)[0m
[0m2022-11-30 21:53:06 V/Net 2645691758: Loading server list from cache.[0m
[0m2022-11-30 21:53:06 V/Net 2645691758: Server list: 123.151.54.180:443, 183.47.102.213:14000, msfwifi.3g.qq.com:8080, 42.81.194.99:80, 42.81.192.185:443, 180.102.191.69:8080, 183.47.101.173:80, 180.102.191.164:8080, 117.62.243.156:80, 183.47.117.200:8080.[0m
[92m2022-11-30 21:53:07 I/Net 2645691758: ECDH key is invalid, start to fetch ecdh public key from server.[0m
[31m2022-11-30 21:53:07 E/Net 2645691758: Failed to fetch ECDH public key from server, using default key instead
java.lang.NoClassDefFoundError: okhttp3/Request$Builder
	at net.mamoe.mirai.internal.deps.io.ktor.client.engine.okhttp.OkHttpEngineKt.convertToOkHttpRequest(OkHttpEngine.kt:183)
	at net.mamoe.mirai.internal.deps.io.ktor.client.engine.okhttp.OkHttpEngineKt.access$convertToOkHttpRequest(OkHttpEngine.kt:1)
	at net.mamoe.mirai.internal.deps.io.ktor.client.engine.okhttp.OkHttpEngine.execute(OkHttpEngine.kt:72)
	at net.mamoe.mirai.internal.deps.io.ktor.client.engine.HttpClientEngine$executeWithinCallContext$2.invokeSuspend(HttpClientEngine.kt:99)
	at kotlin.coroutines.jvm.internal.BaseContinuationImpl.resumeWith(ContinuationImpl.kt:33)
	at kotlinx.coroutines.DispatchedTask.run(DispatchedTask.kt:106)
	at kotlinx.coroutines.internal.LimitedDispatcher.run(LimitedDispatcher.kt:42)
	at kotlinx.coroutines.scheduling.TaskImpl.run(Tasks.kt:95)
	at kotlinx.coroutines.scheduling.CoroutineScheduler.runSafely(CoroutineScheduler.kt:570)
	at kotlinx.coroutines.scheduling.CoroutineScheduler$Worker.executeTask(CoroutineScheduler.kt:750)
	at kotlinx.coroutines.scheduling.CoroutineScheduler$Worker.runWorker(CoroutineScheduler.kt:677)
	at kotlinx.coroutines.scheduling.CoroutineScheduler$Worker.run(CoroutineScheduler.kt:664)
Caused by: java.lang.ClassNotFoundException: okhttp3.Request$Builder
	at java.base/jdk.internal.loader.BuiltinClassLoader.loadClass(BuiltinClassLoader.java:583)
	at java.base/jdk.internal.loader.ClassLoaders$AppClassLoader.loadClass(ClassLoaders.java:178)
	at java.base/java.lang.ClassLoader.loadClass(ClassLoader.java:521)
	... 12 more
[0m
[0m2022-11-30 21:53:07 V/Net 2645691758: Send: wtlogin.exchange_emp(10:fast-login)[0m
[0m2022-11-30 21:53:07 V/Net 2645691758: Recv: wtlogin.exchange_emp[0m
[0m2022-11-30 21:53:07 V/Net 2645691758: Send: StatSvc.register(online)[0m
[92m2022-11-30 21:53:07 I/Net 2645691758: Server time updated, serverTime: 1669816387, diff: 0ms=0.0s[0m
[0m2022-11-30 21:53:07 V/Net 2645691758: Recv: StatSvc.register[0m
[0m2022-11-30 21:53:07 V/Net 2645691758: Loading BdhSession from cache file[0m
[92m2022-11-30 21:53:07 I/Net 2645691758: Syncing friend message history...[0m
[92m2022-11-30 21:53:07 I/Net 2645691758: Start loading friend list...[0m
[92m2022-11-30 21:53:07 I/Net 2645691758: Start loading stranger list...[0m
[0m2022-11-30 21:53:07 V/Net 2645691758: Send: StatSvc.GetDevLoginInfo(StatSvc.GetDevLoginInfo)[0m
[0m2022-11-30 21:53:07 V/Net 2645691758: Send: OidbSvc.0x496(OidbSvc.0x496)[0m
[0m2022-11-30 21:53:07 V/Net 2645691758: Send: friendlist.getFriendGroupList(friendlist.getFriendGroupList)[0m
[0m2022-11-30 21:53:07 V/Net 2645691758: Send: OidbSvc.0x5d2_0(OidbSvc.0x5d2_0)[0m
[92m2022-11-30 21:53:07 I/Net 2645691758: Syncing friend message history: Success.[0m
[0m2022-11-30 21:53:07 V/Net 2645691758: Recv: StatSvc.GetDevLoginInfo[0m
[92m2022-11-30 21:53:07 I/Net 2645691758: No OtherClient online.[0m
[0m2022-11-30 21:53:07 V/Net 2645691758: Recv: OidbSvc.0x5d2_0[0m
[92m2022-11-30 21:53:07 I/Net 2645691758: Successfully loaded stranger list: 0 in total[0m
[0m2022-11-30 21:53:07 V/Net 2645691758: Recv: OidbSvc.0x496[0m
[92m2022-11-30 21:53:07 I/Net 2645691758: Start loading group list...[0m
[0m2022-11-30 21:53:07 V/Net 2645691758: Send: friendlist.GetTroopListReqV2(friendlist.GetTroopListReqV2)[0m
[0m2022-11-30 21:53:07 V/Net 2645691758: Recv: friendlist.getFriendGroupList[0m
[0m2022-11-30 21:53:07 V/Net 2645691758: Loading friend list: 5/5[0m
[92m2022-11-30 21:53:07 I/Net 2645691758: Successfully loaded friend list: 5 in total[0m
[92m2022-11-30 21:53:07 I/Net 2645691758: Start loading friendGroup list...[0m
[0m2022-11-30 21:53:07 V/Net 2645691758: Send: friendlist.getFriendGroupList(friendlist.getFriendGroupList)[0m
[0m2022-11-30 21:53:07 V/Net 2645691758: Recv: friendlist.GetTroopListReqV2[0m
[0m2022-11-30 21:53:07 V/Net 2645691758: Send: friendlist.GetTroopMemberListReq(friendlist.GetTroopMemberListReq)[0m
[0m2022-11-30 21:53:07 V/Net 2645691758: Send: friendlist.GetTroopMemberListReq(friendlist.GetTroopMemberListReq)[0m
[0m2022-11-30 21:53:07 V/Net 2645691758: Send: friendlist.GetTroopMemberListReq(friendlist.GetTroopMemberListReq)[0m
[0m2022-11-30 21:53:07 V/Net 2645691758: Recv: friendlist.getFriendGroupList[0m
[0m2022-11-30 21:53:07 V/Net 2645691758: Loading friendGroup list: 1/1[0m
[92m2022-11-30 21:53:07 I/Net 2645691758: Successfully loaded friendGroup list: 1 in total[0m
[0m2022-11-30 21:53:07 V/Net 2645691758: Recv: friendlist.GetTroopMemberListReq[0m
[0m2022-11-30 21:53:08 V/Net 2645691758: Recv: friendlist.GetTroopMemberListReq[0m
[0m2022-11-30 21:53:08 V/Net 2645691758: Send: friendlist.GetTroopMemberListReq(friendlist.GetTroopMemberListReq)[0m
[0m2022-11-30 21:53:08 V/Net 2645691758: Recv: friendlist.GetTroopMemberListReq[0m
[0m2022-11-30 21:53:08 V/Net 2645691758: Recv: friendlist.GetTroopMemberListReq[0m
[0m2022-11-30 21:53:08 V/Net 2645691758: Send: friendlist.GetTroopMemberListReq(friendlist.GetTroopMemberListReq)[0m
[0m2022-11-30 21:53:08 V/Net 2645691758: Recv: friendlist.GetTroopMemberListReq[0m
[0m2022-11-30 21:53:08 V/Net 2645691758: Send: friendlist.GetTroopMemberListReq(friendlist.GetTroopMemberListReq)[0m
[0m2022-11-30 21:53:08 V/Net 2645691758: Recv: friendlist.GetTroopMemberListReq[0m
[0m2022-11-30 21:53:08 V/Net 2645691758: Send: friendlist.GetTroopMemberListReq(friendlist.GetTroopMemberListReq)[0m
[0m2022-11-30 21:53:08 V/Net 2645691758: Recv: friendlist.GetTroopMemberListReq[0m
[0m2022-11-30 21:53:08 V/Net 2645691758: Send: friendlist.GetTroopMemberListReq(friendlist.GetTroopMemberListReq)[0m
[0m2022-11-30 21:53:09 V/Net 2645691758: Recv: friendlist.GetTroopMemberListReq[0m
[92m2022-11-30 21:53:09 I/Net 2645691758: Successfully loaded group list: 3 in total.[0m
[92m2022-11-30 21:53:09 I/Net 2645691758: Scheduled refresh login session in 19d 23h 55min 0.0s.[0m
[92m2022-11-30 21:53:09 I/Net 2645691758: Scheduled key refresh in 23h 55min 0.0s.[0m
[0m2022-11-30 21:53:10 V/Net 2645691758: Saving bdh session to cache[0m
[0m2022-11-30 21:53:10 V/Net 2645691758: Send: ConfigPushSvc.PushResp(ConfigPushSvc.PushResp)[0m
[0m2022-11-30 21:53:10 V/Net 2645691758: Recv: ConfigPushSvc.PushReq[0m
[0m2022-11-30 21:53:51 V/Net 2645691758: Send: StatSvc.register(offline)[0m
[0m2022-11-30 21:54:13 V/Net 2645691758: Loading server list from cache.[0m
[0m2022-11-30 21:54:13 V/Net 2645691758: Server list: 123.151.54.180:443, 183.47.102.213:14000, msfwifi.3g.qq.com:8080, 42.81.194.99:80, 42.81.192.185:443, 180.102.191.69:8080, 183.47.101.173:80, 180.102.191.164:8080, 117.62.243.156:80, 183.47.117.200:8080.[0m
[92m2022-11-30 21:54:13 I/Net 2645691758: ECDH key is invalid, start to fetch ecdh public key from server.[0m
[31m2022-11-30 21:54:13 E/Net 2645691758: Failed to fetch ECDH public key from server, using default key instead
java.lang.NoClassDefFoundError: okhttp3/Request$Builder
	at net.mamoe.mirai.internal.deps.io.ktor.client.engine.okhttp.OkHttpEngineKt.convertToOkHttpRequest(OkHttpEngine.kt:183)
	at net.mamoe.mirai.internal.deps.io.ktor.client.engine.okhttp.OkHttpEngineKt.access$convertToOkHttpRequest(OkHttpEngine.kt:1)
	at net.mamoe.mirai.internal.deps.io.ktor.client.engine.okhttp.OkHttpEngine.execute(OkHttpEngine.kt:72)
	at net.mamoe.mirai.internal.deps.io.ktor.client.engine.HttpClientEngine$executeWithinCallContext$2.invokeSuspend(HttpClientEngine.kt:99)
	at kotlin.coroutines.jvm.internal.BaseContinuationImpl.resumeWith(ContinuationImpl.kt:33)
	at kotlinx.coroutines.DispatchedTask.run(DispatchedTask.kt:106)
	at kotlinx.coroutines.internal.LimitedDispatcher.run(LimitedDispatcher.kt:42)
	at kotlinx.coroutines.scheduling.TaskImpl.run(Tasks.kt:95)
	at kotlinx.coroutines.scheduling.CoroutineScheduler.runSafely(CoroutineScheduler.kt:570)
	at kotlinx.coroutines.scheduling.CoroutineScheduler$Worker.executeTask(CoroutineScheduler.kt:750)
	at kotlinx.coroutines.scheduling.CoroutineScheduler$Worker.runWorker(CoroutineScheduler.kt:677)
	at kotlinx.coroutines.scheduling.CoroutineScheduler$Worker.run(CoroutineScheduler.kt:664)
Caused by: java.lang.ClassNotFoundException: okhttp3.Request$Builder
	at java.base/jdk.internal.loader.BuiltinClassLoader.loadClass(BuiltinClassLoader.java:583)
	at java.base/jdk.internal.loader.ClassLoaders$AppClassLoader.loadClass(ClassLoaders.java:178)
	at java.base/java.lang.ClassLoader.loadClass(ClassLoader.java:521)
	... 12 more
[0m
[0m2022-11-30 21:54:13 V/Net 2645691758: Send: wtlogin.exchange_emp(10:fast-login)[0m
[0m2022-11-30 21:54:14 V/Net 2645691758: Recv: wtlogin.exchange_emp[0m
[0m2022-11-30 21:54:14 V/Net 2645691758: Send: StatSvc.register(online)[0m
[92m2022-11-30 21:54:14 I/Net 2645691758: Server time updated, serverTime: 1669816454, diff: 0ms=0.0s[0m
[0m2022-11-30 21:54:14 V/Net 2645691758: Recv: StatSvc.register[0m
[0m2022-11-30 21:54:14 V/Net 2645691758: Loading BdhSession from cache file[0m
[92m2022-11-30 21:54:14 I/Net 2645691758: Syncing friend message history...[0m
[92m2022-11-30 21:54:14 I/Net 2645691758: Start loading friend list...[0m
[92m2022-11-30 21:54:14 I/Net 2645691758: Start loading stranger list...[0m
[0m2022-11-30 21:54:14 V/Net 2645691758: Send: StatSvc.GetDevLoginInfo(StatSvc.GetDevLoginInfo)[0m
[0m2022-11-30 21:54:14 V/Net 2645691758: Send: OidbSvc.0x496(OidbSvc.0x496)[0m
[0m2022-11-30 21:54:14 V/Net 2645691758: Send: OidbSvc.0x5d2_0(OidbSvc.0x5d2_0)[0m
[0m2022-11-30 21:54:14 V/Net 2645691758: Send: friendlist.getFriendGroupList(friendlist.getFriendGroupList)[0m
[0m2022-11-30 21:54:14 V/Net 2645691758: Recv: StatSvc.GetDevLoginInfo[0m
[92m2022-11-30 21:54:14 I/Net 2645691758: No OtherClient online.[0m
[0m2022-11-30 21:54:14 V/Net 2645691758: Recv: OidbSvc.0x496[0m
[92m2022-11-30 21:54:14 I/Net 2645691758: Start loading group list...[0m
[0m2022-11-30 21:54:14 V/Net 2645691758: Recv: OidbSvc.0x5d2_0[0m
[92m2022-11-30 21:54:14 I/Net 2645691758: Successfully loaded stranger list: 0 in total[0m
[0m2022-11-30 21:54:14 V/Net 2645691758: Send: friendlist.GetTroopListReqV2(friendlist.GetTroopListReqV2)[0m
[92m2022-11-30 21:54:14 I/Net 2645691758: Syncing friend message history: Success.[0m
[0m2022-11-30 21:54:14 V/Net 2645691758: Recv: friendlist.GetTroopListReqV2[0m
[0m2022-11-30 21:54:14 V/Net 2645691758: Send: friendlist.GetTroopMemberListReq(friendlist.GetTroopMemberListReq)[0m
[0m2022-11-30 21:54:14 V/Net 2645691758: Send: friendlist.GetTroopMemberListReq(friendlist.GetTroopMemberListReq)[0m
[0m2022-11-30 21:54:14 V/Net 2645691758: Send: friendlist.GetTroopMemberListReq(friendlist.GetTroopMemberListReq)[0m
[0m2022-11-30 21:54:14 V/Net 2645691758: Recv: friendlist.getFriendGroupList[0m
[0m2022-11-30 21:54:14 V/Net 2645691758: Loading friend list: 5/5[0m
[92m2022-11-30 21:54:14 I/Net 2645691758: Successfully loaded friend list: 5 in total[0m
[92m2022-11-30 21:54:14 I/Net 2645691758: Start loading friendGroup list...[0m
[0m2022-11-30 21:54:14 V/Net 2645691758: Send: friendlist.getFriendGroupList(friendlist.getFriendGroupList)[0m
[0m2022-11-30 21:54:14 V/Net 2645691758: Recv: friendlist.GetTroopMemberListReq[0m
[0m2022-11-30 21:54:14 V/Net 2645691758: Recv: friendlist.getFriendGroupList[0m
[0m2022-11-30 21:54:14 V/Net 2645691758: Loading friendGroup list: 1/1[0m
[92m2022-11-30 21:54:14 I/Net 2645691758: Successfully loaded friendGroup list: 1 in total[0m
[0m2022-11-30 21:54:14 V/Net 2645691758: Recv: friendlist.GetTroopMemberListReq[0m
[0m2022-11-30 21:54:14 V/Net 2645691758: Send: friendlist.GetTroopMemberListReq(friendlist.GetTroopMemberListReq)[0m
[0m2022-11-30 21:54:14 V/Net 2645691758: Recv: friendlist.GetTroopMemberListReq[0m
[0m2022-11-30 21:54:14 V/Net 2645691758: Recv: friendlist.GetTroopMemberListReq[0m
[0m2022-11-30 21:54:14 V/Net 2645691758: Send: friendlist.GetTroopMemberListReq(friendlist.GetTroopMemberListReq)[0m
[0m2022-11-30 21:54:15 V/Net 2645691758: Recv: friendlist.GetTroopMemberListReq[0m
[0m2022-11-30 21:54:15 V/Net 2645691758: Send: friendlist.GetTroopMemberListReq(friendlist.GetTroopMemberListReq)[0m
[0m2022-11-30 21:54:15 V/Net 2645691758: Recv: friendlist.GetTroopMemberListReq[0m
[0m2022-11-30 21:54:15 V/Net 2645691758: Send: friendlist.GetTroopMemberListReq(friendlist.GetTroopMemberListReq)[0m
[0m2022-11-30 21:54:15 V/Net 2645691758: Recv: friendlist.GetTroopMemberListReq[0m
[0m2022-11-30 21:54:15 V/Net 2645691758: Send: friendlist.GetTroopMemberListReq(friendlist.GetTroopMemberListReq)[0m
[0m2022-11-30 21:54:15 V/Net 2645691758: Recv: friendlist.GetTroopMemberListReq[0m
[92m2022-11-30 21:54:15 I/Net 2645691758: Successfully loaded group list: 3 in total.[0m
[92m2022-11-30 21:54:15 I/Net 2645691758: Scheduled refresh login session in 19d 23h 55min 0.0s.[0m
[92m2022-11-30 21:54:15 I/Net 2645691758: Scheduled key refresh in 23h 55min 0.0s.[0m
[0m2022-11-30 21:54:17 V/Net 2645691758: Saving bdh session to cache[0m
[0m2022-11-30 21:54:17 V/Net 2645691758: Send: ConfigPushSvc.PushResp(ConfigPushSvc.PushResp)[0m
[0m2022-11-30 21:54:17 V/Net 2645691758: Recv: ConfigPushSvc.PushReq[0m
[0m2022-11-30 21:54:36 V/Net 2645691758: Send: StatSvc.register(offline)[0m
[0m2022-11-30 21:56:46 V/Net 2645691758: Loading server list from cache.[0m
[0m2022-11-30 21:56:46 V/Net 2645691758: Server list: 123.151.54.180:443, 183.47.102.213:14000, msfwifi.3g.qq.com:8080, 42.81.194.99:80, 42.81.192.185:443, 180.102.191.69:8080, 183.47.101.173:80, 180.102.191.164:8080, 117.62.243.156:80, 183.47.117.200:8080.[0m
[92m2022-11-30 21:56:46 I/Net 2645691758: ECDH key is invalid, start to fetch ecdh public key from server.[0m
[31m2022-11-30 21:56:47 E/Net 2645691758: Failed to fetch ECDH public key from server, using default key instead
java.lang.NoClassDefFoundError: okhttp3/Request$Builder
	at net.mamoe.mirai.internal.deps.io.ktor.client.engine.okhttp.OkHttpEngineKt.convertToOkHttpRequest(OkHttpEngine.kt:183)
	at net.mamoe.mirai.internal.deps.io.ktor.client.engine.okhttp.OkHttpEngineKt.access$convertToOkHttpRequest(OkHttpEngine.kt:1)
	at net.mamoe.mirai.internal.deps.io.ktor.client.engine.okhttp.OkHttpEngine.execute(OkHttpEngine.kt:72)
	at net.mamoe.mirai.internal.deps.io.ktor.client.engine.HttpClientEngine$executeWithinCallContext$2.invokeSuspend(HttpClientEngine.kt:99)
	at kotlin.coroutines.jvm.internal.BaseContinuationImpl.resumeWith(ContinuationImpl.kt:33)
	at kotlinx.coroutines.DispatchedTask.run(DispatchedTask.kt:106)
	at kotlinx.coroutines.internal.LimitedDispatcher.run(LimitedDispatcher.kt:42)
	at kotlinx.coroutines.scheduling.TaskImpl.run(Tasks.kt:95)
	at kotlinx.coroutines.scheduling.CoroutineScheduler.runSafely(CoroutineScheduler.kt:570)
	at kotlinx.coroutines.scheduling.CoroutineScheduler$Worker.executeTask(CoroutineScheduler.kt:750)
	at kotlinx.coroutines.scheduling.CoroutineScheduler$Worker.runWorker(CoroutineScheduler.kt:677)
	at kotlinx.coroutines.scheduling.CoroutineScheduler$Worker.run(CoroutineScheduler.kt:664)
Caused by: java.lang.ClassNotFoundException: okhttp3.Request$Builder
	at java.base/jdk.internal.loader.BuiltinClassLoader.loadClass(BuiltinClassLoader.java:583)
	at java.base/jdk.internal.loader.ClassLoaders$AppClassLoader.loadClass(ClassLoaders.java:178)
	at java.base/java.lang.ClassLoader.loadClass(ClassLoader.java:521)
	... 12 more
[0m
[0m2022-11-30 21:56:47 V/Net 2645691758: Send: wtlogin.exchange_emp(10:fast-login)[0m
[0m2022-11-30 21:56:47 V/Net 2645691758: Recv: wtlogin.exchange_emp[0m
[0m2022-11-30 21:56:47 V/Net 2645691758: Send: StatSvc.register(online)[0m
[92m2022-11-30 21:56:47 I/Net 2645691758: Server time updated, serverTime: 1669816607, diff: 0ms=0.0s[0m
[0m2022-11-30 21:56:47 V/Net 2645691758: Recv: StatSvc.register[0m
[0m2022-11-30 21:56:47 V/Net 2645691758: Loading BdhSession from cache file[0m
[92m2022-11-30 21:56:47 I/Net 2645691758: Syncing friend message history...[0m
[92m2022-11-30 21:56:47 I/Net 2645691758: Start loading friend list...[0m
[0m2022-11-30 21:56:47 V/Net 2645691758: Send: StatSvc.GetDevLoginInfo(StatSvc.GetDevLoginInfo)[0m
[92m2022-11-30 21:56:47 I/Net 2645691758: Start loading stranger list...[0m
[0m2022-11-30 21:56:47 V/Net 2645691758: Send: OidbSvc.0x496(OidbSvc.0x496)[0m
[0m2022-11-30 21:56:47 V/Net 2645691758: Send: OidbSvc.0x5d2_0(OidbSvc.0x5d2_0)[0m
[0m2022-11-30 21:56:47 V/Net 2645691758: Send: friendlist.getFriendGroupList(friendlist.getFriendGroupList)[0m
[0m2022-11-30 21:56:47 V/Net 2645691758: Recv: StatSvc.GetDevLoginInfo[0m
[92m2022-11-30 21:56:47 I/Net 2645691758: No OtherClient online.[0m
[0m2022-11-30 21:56:47 V/Net 2645691758: Recv: OidbSvc.0x496[0m
[92m2022-11-30 21:56:47 I/Net 2645691758: Start loading group list...[0m
[0m2022-11-30 21:56:47 V/Net 2645691758: Recv: OidbSvc.0x5d2_0[0m
[92m2022-11-30 21:56:47 I/Net 2645691758: Successfully loaded stranger list: 0 in total[0m
[0m2022-11-30 21:56:47 V/Net 2645691758: Send: friendlist.GetTroopListReqV2(friendlist.GetTroopListReqV2)[0m
[92m2022-11-30 21:56:47 I/Net 2645691758: Syncing friend message history: Success.[0m
[0m2022-11-30 21:56:47 V/Net 2645691758: Recv: friendlist.getFriendGroupList[0m
[0m2022-11-30 21:56:47 V/Net 2645691758: Loading friend list: 5/5[0m
[92m2022-11-30 21:56:47 I/Net 2645691758: Successfully loaded friend list: 5 in total[0m
[92m2022-11-30 21:56:47 I/Net 2645691758: Start loading friendGroup list...[0m
[0m2022-11-30 21:56:47 V/Net 2645691758: Send: friendlist.getFriendGroupList(friendlist.getFriendGroupList)[0m
[0m2022-11-30 21:56:47 V/Net 2645691758: Recv: friendlist.GetTroopListReqV2[0m
[0m2022-11-30 21:56:47 V/Net 2645691758: Send: friendlist.GetTroopMemberListReq(friendlist.GetTroopMemberListReq)[0m
[0m2022-11-30 21:56:47 V/Net 2645691758: Send: friendlist.GetTroopMemberListReq(friendlist.GetTroopMemberListReq)[0m
[0m2022-11-30 21:56:47 V/Net 2645691758: Send: friendlist.GetTroopMemberListReq(friendlist.GetTroopMemberListReq)[0m
[0m2022-11-30 21:56:47 V/Net 2645691758: Recv: friendlist.getFriendGroupList[0m
[0m2022-11-30 21:56:47 V/Net 2645691758: Loading friendGroup list: 1/1[0m
[92m2022-11-30 21:56:47 I/Net 2645691758: Successfully loaded friendGroup list: 1 in total[0m
[0m2022-11-30 21:56:47 V/Net 2645691758: Recv: friendlist.GetTroopMemberListReq[0m
[0m2022-11-30 21:56:47 V/Net 2645691758: Recv: friendlist.GetTroopMemberListReq[0m
[0m2022-11-30 21:56:47 V/Net 2645691758: Recv: friendlist.GetTroopMemberListReq[0m
[0m2022-11-30 21:56:47 V/Net 2645691758: Send: friendlist.GetTroopMemberListReq(friendlist.GetTroopMemberListReq)[0m
[0m2022-11-30 21:56:48 V/Net 2645691758: Recv: friendlist.GetTroopMemberListReq[0m
[0m2022-11-30 21:56:48 V/Net 2645691758: Send: friendlist.GetTroopMemberListReq(friendlist.GetTroopMemberListReq)[0m
[0m2022-11-30 21:56:48 V/Net 2645691758: Recv: friendlist.GetTroopMemberListReq[0m
[0m2022-11-30 21:56:48 V/Net 2645691758: Send: friendlist.GetTroopMemberListReq(friendlist.GetTroopMemberListReq)[0m
[0m2022-11-30 21:56:48 V/Net 2645691758: Recv: friendlist.GetTroopMemberListReq[0m
[0m2022-11-30 21:56:48 V/Net 2645691758: Send: friendlist.GetTroopMemberListReq(friendlist.GetTroopMemberListReq)[0m
[0m2022-11-30 21:56:48 V/Net 2645691758: Recv: friendlist.GetTroopMemberListReq[0m
[0m2022-11-30 21:56:48 V/Net 2645691758: Send: friendlist.GetTroopMemberListReq(friendlist.GetTroopMemberListReq)[0m
[0m2022-11-30 21:56:48 V/Net 2645691758: Recv: friendlist.GetTroopMemberListReq[0m
[92m2022-11-30 21:56:48 I/Net 2645691758: Successfully loaded group list: 3 in total.[0m
[92m2022-11-30 21:56:48 I/Net 2645691758: Scheduled refresh login session in 19d 23h 55min 0.0s.[0m
[92m2022-11-30 21:56:48 I/Net 2645691758: Scheduled key refresh in 23h 55min 0.0s.[0m
[0m2022-11-30 21:56:50 V/Net 2645691758: Saving bdh session to cache[0m
[0m2022-11-30 21:56:50 V/Net 2645691758: Send: ConfigPushSvc.PushResp(ConfigPushSvc.PushResp)[0m
[0m2022-11-30 21:56:50 V/Net 2645691758: Recv: ConfigPushSvc.PushReq[0m
[0m2022-11-30 21:57:14 V/Net 2645691758: Send: StatSvc.register(offline)[0m
[0m2022-11-30 22:15:53 V/Net 2645691758: Loading server list from cache.[0m
[0m2022-11-30 22:15:53 V/Net 2645691758: Server list: 123.151.54.180:443, 183.47.102.213:14000, msfwifi.3g.qq.com:8080, 42.81.194.99:80, 42.81.192.185:443, 180.102.191.69:8080, 183.47.101.173:80, 180.102.191.164:8080, 117.62.243.156:80, 183.47.117.200:8080.[0m
[92m2022-11-30 22:15:53 I/Net 2645691758: ECDH key is invalid, start to fetch ecdh public key from server.[0m
[31m2022-11-30 22:15:53 E/Net 2645691758: Failed to fetch ECDH public key from server, using default key instead
java.lang.NoClassDefFoundError: okhttp3/Request$Builder
	at net.mamoe.mirai.internal.deps.io.ktor.client.engine.okhttp.OkHttpEngineKt.convertToOkHttpRequest(OkHttpEngine.kt:183)
	at net.mamoe.mirai.internal.deps.io.ktor.client.engine.okhttp.OkHttpEngineKt.access$convertToOkHttpRequest(OkHttpEngine.kt:1)
	at net.mamoe.mirai.internal.deps.io.ktor.client.engine.okhttp.OkHttpEngine.execute(OkHttpEngine.kt:72)
	at net.mamoe.mirai.internal.deps.io.ktor.client.engine.HttpClientEngine$executeWithinCallContext$2.invokeSuspend(HttpClientEngine.kt:99)
	at kotlin.coroutines.jvm.internal.BaseContinuationImpl.resumeWith(ContinuationImpl.kt:33)
	at kotlinx.coroutines.DispatchedTask.run(DispatchedTask.kt:106)
	at kotlinx.coroutines.internal.LimitedDispatcher.run(LimitedDispatcher.kt:42)
	at kotlinx.coroutines.scheduling.TaskImpl.run(Tasks.kt:95)
	at kotlinx.coroutines.scheduling.CoroutineScheduler.runSafely(CoroutineScheduler.kt:570)
	at kotlinx.coroutines.scheduling.CoroutineScheduler$Worker.executeTask(CoroutineScheduler.kt:750)
	at kotlinx.coroutines.scheduling.CoroutineScheduler$Worker.runWorker(CoroutineScheduler.kt:677)
	at kotlinx.coroutines.scheduling.CoroutineScheduler$Worker.run(CoroutineScheduler.kt:664)
Caused by: java.lang.ClassNotFoundException: okhttp3.Request$Builder
	at java.base/jdk.internal.loader.BuiltinClassLoader.loadClass(BuiltinClassLoader.java:583)
	at java.base/jdk.internal.loader.ClassLoaders$AppClassLoader.loadClass(ClassLoaders.java:178)
	at java.base/java.lang.ClassLoader.loadClass(ClassLoader.java:521)
	... 12 more
[0m
[0m2022-11-30 22:15:53 V/Net 2645691758: Send: wtlogin.exchange_emp(10:fast-login)[0m
[0m2022-11-30 22:15:53 V/Net 2645691758: Recv: wtlogin.exchange_emp[0m
[0m2022-11-30 22:15:53 V/Net 2645691758: Send: StatSvc.register(online)[0m
[92m2022-11-30 22:15:54 I/Net 2645691758: Server time updated, serverTime: 1669817754, diff: 0ms=0.0s[0m
[0m2022-11-30 22:15:54 V/Net 2645691758: Recv: StatSvc.register[0m
[0m2022-11-30 22:15:54 V/Net 2645691758: Loading BdhSession from cache file[0m
[92m2022-11-30 22:15:54 I/Net 2645691758: Syncing friend message history...[0m
[92m2022-11-30 22:15:54 I/Net 2645691758: Start loading friend list...[0m
[92m2022-11-30 22:15:54 I/Net 2645691758: Start loading stranger list...[0m
[0m2022-11-30 22:15:54 V/Net 2645691758: Send: StatSvc.GetDevLoginInfo(StatSvc.GetDevLoginInfo)[0m
[0m2022-11-30 22:15:54 V/Net 2645691758: Send: OidbSvc.0x496(OidbSvc.0x496)[0m
[0m2022-11-30 22:15:54 V/Net 2645691758: Send: OidbSvc.0x5d2_0(OidbSvc.0x5d2_0)[0m
[0m2022-11-30 22:15:54 V/Net 2645691758: Send: friendlist.getFriendGroupList(friendlist.getFriendGroupList)[0m
[0m2022-11-30 22:15:54 V/Net 2645691758: Recv: OidbSvc.0x5d2_0[0m
[92m2022-11-30 22:15:54 I/Net 2645691758: Successfully loaded stranger list: 0 in total[0m
[0m2022-11-30 22:15:54 V/Net 2645691758: Recv: OidbSvc.0x496[0m
[92m2022-11-30 22:15:54 I/Net 2645691758: Start loading group list...[0m
[0m2022-11-30 22:15:54 V/Net 2645691758: Send: friendlist.GetTroopListReqV2(friendlist.GetTroopListReqV2)[0m
[92m2022-11-30 22:15:54 I/Net 2645691758: Syncing friend message history: Success.[0m
[0m2022-11-30 22:15:54 V/Net 2645691758: Recv: StatSvc.GetDevLoginInfo[0m
[92m2022-11-30 22:15:54 I/Net 2645691758: No OtherClient online.[0m
[0m2022-11-30 22:15:54 V/Net 2645691758: Recv: friendlist.getFriendGroupList[0m
[0m2022-11-30 22:15:54 V/Net 2645691758: Loading friend list: 5/5[0m
[92m2022-11-30 22:15:54 I/Net 2645691758: Successfully loaded friend list: 5 in total[0m
[92m2022-11-30 22:15:54 I/Net 2645691758: Start loading friendGroup list...[0m
[0m2022-11-30 22:15:54 V/Net 2645691758: Send: friendlist.getFriendGroupList(friendlist.getFriendGroupList)[0m
[0m2022-11-30 22:15:54 V/Net 2645691758: Recv: friendlist.GetTroopListReqV2[0m
[0m2022-11-30 22:15:54 V/Net 2645691758: Send: friendlist.GetTroopMemberListReq(friendlist.GetTroopMemberListReq)[0m
[0m2022-11-30 22:15:54 V/Net 2645691758: Send: friendlist.GetTroopMemberListReq(friendlist.GetTroopMemberListReq)[0m
[0m2022-11-30 22:15:54 V/Net 2645691758: Send: friendlist.GetTroopMemberListReq(friendlist.GetTroopMemberListReq)[0m
[0m2022-11-30 22:15:54 V/Net 2645691758: Recv: friendlist.getFriendGroupList[0m
[0m2022-11-30 22:15:54 V/Net 2645691758: Loading friendGroup list: 1/1[0m
[92m2022-11-30 22:15:54 I/Net 2645691758: Successfully loaded friendGroup list: 1 in total[0m
[0m2022-11-30 22:15:54 V/Net 2645691758: Recv: friendlist.GetTroopMemberListReq[0m
[0m2022-11-30 22:15:54 V/Net 2645691758: Recv: friendlist.GetTroopMemberListReq[0m
[0m2022-11-30 22:15:54 V/Net 2645691758: Recv: friendlist.GetTroopMemberListReq[0m
[0m2022-11-30 22:15:54 V/Net 2645691758: Send: friendlist.GetTroopMemberListReq(friendlist.GetTroopMemberListReq)[0m
[0m2022-11-30 22:15:54 V/Net 2645691758: Recv: friendlist.GetTroopMemberListReq[0m
[0m2022-11-30 22:15:54 V/Net 2645691758: Send: friendlist.GetTroopMemberListReq(friendlist.GetTroopMemberListReq)[0m
[0m2022-11-30 22:15:54 V/Net 2645691758: Recv: friendlist.GetTroopMemberListReq[0m
[0m2022-11-30 22:15:54 V/Net 2645691758: Send: friendlist.GetTroopMemberListReq(friendlist.GetTroopMemberListReq)[0m
[0m2022-11-30 22:15:54 V/Net 2645691758: Recv: friendlist.GetTroopMemberListReq[0m
[0m2022-11-30 22:15:54 V/Net 2645691758: Send: friendlist.GetTroopMemberListReq(friendlist.GetTroopMemberListReq)[0m
[0m2022-11-30 22:15:55 V/Net 2645691758: Recv: friendlist.GetTroopMemberListReq[0m
[0m2022-11-30 22:15:55 V/Net 2645691758: Send: friendlist.GetTroopMemberListReq(friendlist.GetTroopMemberListReq)[0m
[0m2022-11-30 22:15:55 V/Net 2645691758: Recv: friendlist.GetTroopMemberListReq[0m
[92m2022-11-30 22:15:55 I/Net 2645691758: Successfully loaded group list: 3 in total.[0m
[92m2022-11-30 22:15:55 I/Net 2645691758: Scheduled refresh login session in 19d 23h 55min 0.0s.[0m
[92m2022-11-30 22:15:55 I/Net 2645691758: Scheduled key refresh in 23h 55min 0.0s.[0m
[0m2022-11-30 22:15:57 V/Net 2645691758: Saving bdh session to cache[0m
[0m2022-11-30 22:15:57 V/Net 2645691758: Send: ConfigPushSvc.PushResp(ConfigPushSvc.PushResp)[0m
[0m2022-11-30 22:15:57 V/Net 2645691758: Recv: ConfigPushSvc.PushReq[0m
[0m2022-11-30 22:16:26 V/Net 2645691758: Send: StatSvc.register(offline)[0m
[0m2022-11-30 22:18:18 V/Net 2645691758: Loading server list from cache.[0m
[0m2022-11-30 22:18:18 V/Net 2645691758: Server list: 123.151.54.180:443, 183.47.102.213:14000, msfwifi.3g.qq.com:8080, 42.81.194.99:80, 42.81.192.185:443, 180.102.191.69:8080, 183.47.101.173:80, 180.102.191.164:8080, 117.62.243.156:80, 183.47.117.200:8080.[0m
[92m2022-11-30 22:18:18 I/Net 2645691758: ECDH key is invalid, start to fetch ecdh public key from server.[0m
[31m2022-11-30 22:18:18 E/Net 2645691758: Failed to fetch ECDH public key from server, using default key instead
java.lang.NoClassDefFoundError: okhttp3/Request$Builder
	at net.mamoe.mirai.internal.deps.io.ktor.client.engine.okhttp.OkHttpEngineKt.convertToOkHttpRequest(OkHttpEngine.kt:183)
	at net.mamoe.mirai.internal.deps.io.ktor.client.engine.okhttp.OkHttpEngineKt.access$convertToOkHttpRequest(OkHttpEngine.kt:1)
	at net.mamoe.mirai.internal.deps.io.ktor.client.engine.okhttp.OkHttpEngine.execute(OkHttpEngine.kt:72)
	at net.mamoe.mirai.internal.deps.io.ktor.client.engine.HttpClientEngine$executeWithinCallContext$2.invokeSuspend(HttpClientEngine.kt:99)
	at kotlin.coroutines.jvm.internal.BaseContinuationImpl.resumeWith(ContinuationImpl.kt:33)
	at kotlinx.coroutines.DispatchedTask.run(DispatchedTask.kt:106)
	at kotlinx.coroutines.internal.LimitedDispatcher.run(LimitedDispatcher.kt:42)
	at kotlinx.coroutines.scheduling.TaskImpl.run(Tasks.kt:95)
	at kotlinx.coroutines.scheduling.CoroutineScheduler.runSafely(CoroutineScheduler.kt:570)
	at kotlinx.coroutines.scheduling.CoroutineScheduler$Worker.executeTask(CoroutineScheduler.kt:750)
	at kotlinx.coroutines.scheduling.CoroutineScheduler$Worker.runWorker(CoroutineScheduler.kt:677)
	at kotlinx.coroutines.scheduling.CoroutineScheduler$Worker.run(CoroutineScheduler.kt:664)
Caused by: java.lang.ClassNotFoundException: okhttp3.Request$Builder
	at java.base/jdk.internal.loader.BuiltinClassLoader.loadClass(BuiltinClassLoader.java:583)
	at java.base/jdk.internal.loader.ClassLoaders$AppClassLoader.loadClass(ClassLoaders.java:178)
	at java.base/java.lang.ClassLoader.loadClass(ClassLoader.java:521)
	... 12 more
[0m
[0m2022-11-30 22:18:18 V/Net 2645691758: Send: wtlogin.exchange_emp(10:fast-login)[0m
[0m2022-11-30 22:18:18 V/Net 2645691758: Recv: wtlogin.exchange_emp[0m
[0m2022-11-30 22:18:18 V/Net 2645691758: Send: StatSvc.register(online)[0m
[92m2022-11-30 22:18:18 I/Net 2645691758: Server time updated, serverTime: 1669817898, diff: 0ms=0.0s[0m
[0m2022-11-30 22:18:18 V/Net 2645691758: Recv: StatSvc.register[0m
[0m2022-11-30 22:18:18 V/Net 2645691758: Loading BdhSession from cache file[0m
[92m2022-11-30 22:18:18 I/Net 2645691758: Syncing friend message history...[0m
[92m2022-11-30 22:18:18 I/Net 2645691758: Start loading friend list...[0m
[92m2022-11-30 22:18:18 I/Net 2645691758: Start loading stranger list...[0m
[0m2022-11-30 22:18:18 V/Net 2645691758: Send: StatSvc.GetDevLoginInfo(StatSvc.GetDevLoginInfo)[0m
[0m2022-11-30 22:18:18 V/Net 2645691758: Send: OidbSvc.0x496(OidbSvc.0x496)[0m
[0m2022-11-30 22:18:18 V/Net 2645691758: Send: OidbSvc.0x5d2_0(OidbSvc.0x5d2_0)[0m
[0m2022-11-30 22:18:18 V/Net 2645691758: Send: friendlist.getFriendGroupList(friendlist.getFriendGroupList)[0m
[0m2022-11-30 22:18:19 V/Net 2645691758: Recv: OidbSvc.0x5d2_0[0m
[92m2022-11-30 22:18:19 I/Net 2645691758: Successfully loaded stranger list: 0 in total[0m
[0m2022-11-30 22:18:19 V/Net 2645691758: Recv: OidbSvc.0x496[0m
[92m2022-11-30 22:18:19 I/Net 2645691758: Start loading group list...[0m
[0m2022-11-30 22:18:19 V/Net 2645691758: Send: friendlist.GetTroopListReqV2(friendlist.GetTroopListReqV2)[0m
[92m2022-11-30 22:18:19 I/Net 2645691758: Syncing friend message history: Success.[0m
[0m2022-11-30 22:18:19 V/Net 2645691758: Recv: StatSvc.GetDevLoginInfo[0m
[92m2022-11-30 22:18:19 I/Net 2645691758: No OtherClient online.[0m
[0m2022-11-30 22:18:19 V/Net 2645691758: Recv: friendlist.getFriendGroupList[0m
[0m2022-11-30 22:18:19 V/Net 2645691758: Loading friend list: 5/5[0m
[92m2022-11-30 22:18:19 I/Net 2645691758: Successfully loaded friend list: 5 in total[0m
[92m2022-11-30 22:18:19 I/Net 2645691758: Start loading friendGroup list...[0m
[0m2022-11-30 22:18:19 V/Net 2645691758: Send: friendlist.getFriendGroupList(friendlist.getFriendGroupList)[0m
[0m2022-11-30 22:18:19 V/Net 2645691758: Recv: friendlist.GetTroopListReqV2[0m
[0m2022-11-30 22:18:19 V/Net 2645691758: Send: friendlist.GetTroopMemberListReq(friendlist.GetTroopMemberListReq)[0m
[0m2022-11-30 22:18:19 V/Net 2645691758: Send: friendlist.GetTroopMemberListReq(friendlist.GetTroopMemberListReq)[0m
[0m2022-11-30 22:18:19 V/Net 2645691758: Send: friendlist.GetTroopMemberListReq(friendlist.GetTroopMemberListReq)[0m
[0m2022-11-30 22:18:19 V/Net 2645691758: Recv: friendlist.getFriendGroupList[0m
[0m2022-11-30 22:18:19 V/Net 2645691758: Loading friendGroup list: 1/1[0m
[92m2022-11-30 22:18:19 I/Net 2645691758: Successfully loaded friendGroup list: 1 in total[0m
[0m2022-11-30 22:18:19 V/Net 2645691758: Recv: friendlist.GetTroopMemberListReq[0m
[0m2022-11-30 22:18:19 V/Net 2645691758: Recv: friendlist.GetTroopMemberListReq[0m
[0m2022-11-30 22:18:19 V/Net 2645691758: Send: friendlist.GetTroopMemberListReq(friendlist.GetTroopMemberListReq)[0m
[0m2022-11-30 22:18:19 V/Net 2645691758: Recv: friendlist.GetTroopMemberListReq[0m
[0m2022-11-30 22:18:19 V/Net 2645691758: Send: friendlist.GetTroopMemberListReq(friendlist.GetTroopMemberListReq)[0m
[0m2022-11-30 22:18:19 V/Net 2645691758: Recv: friendlist.GetTroopMemberListReq[0m
[0m2022-11-30 22:18:19 V/Net 2645691758: Send: friendlist.GetTroopMemberListReq(friendlist.GetTroopMemberListReq)[0m
[0m2022-11-30 22:18:19 V/Net 2645691758: Recv: friendlist.GetTroopMemberListReq[0m
[0m2022-11-30 22:18:19 V/Net 2645691758: Send: friendlist.GetTroopMemberListReq(friendlist.GetTroopMemberListReq)[0m
[0m2022-11-30 22:18:19 V/Net 2645691758: Recv: friendlist.GetTroopMemberListReq[0m
[0m2022-11-30 22:18:20 V/Net 2645691758: Recv: friendlist.GetTroopMemberListReq[0m
[0m2022-11-30 22:18:20 V/Net 2645691758: Send: friendlist.GetTroopMemberListReq(friendlist.GetTroopMemberListReq)[0m
[0m2022-11-30 22:18:20 V/Net 2645691758: Recv: friendlist.GetTroopMemberListReq[0m
[92m2022-11-30 22:18:20 I/Net 2645691758: Successfully loaded group list: 3 in total.[0m
[92m2022-11-30 22:18:20 I/Net 2645691758: Scheduled refresh login session in 19d 23h 55min 0.0s.[0m
[92m2022-11-30 22:18:20 I/Net 2645691758: Scheduled key refresh in 23h 55min 0.0s.[0m
[0m2022-11-30 22:18:22 V/Net 2645691758: Saving bdh session to cache[0m
[0m2022-11-30 22:18:22 V/Net 2645691758: Send: ConfigPushSvc.PushResp(ConfigPushSvc.PushResp)[0m
[0m2022-11-30 22:18:22 V/Net 2645691758: Recv: ConfigPushSvc.PushReq[0m
[0m2022-11-30 22:18:30 V/Net 2645691758: Send: StatSvc.register(offline)[0m
[0m2022-11-30 22:19:51 V/Net 2645691758: Loading server list from cache.[0m
[0m2022-11-30 22:19:51 V/Net 2645691758: Server list: 123.151.54.180:443, 183.47.102.213:14000, msfwifi.3g.qq.com:8080, 42.81.194.99:80, 42.81.192.185:443, 180.102.191.69:8080, 183.47.101.173:80, 180.102.191.164:8080, 117.62.243.156:80, 183.47.117.200:8080.[0m
[92m2022-11-30 22:19:51 I/Net 2645691758: ECDH key is invalid, start to fetch ecdh public key from server.[0m
[31m2022-11-30 22:19:51 E/Net 2645691758: Failed to fetch ECDH public key from server, using default key instead
java.lang.NoClassDefFoundError: okhttp3/Request$Builder
	at net.mamoe.mirai.internal.deps.io.ktor.client.engine.okhttp.OkHttpEngineKt.convertToOkHttpRequest(OkHttpEngine.kt:183)
	at net.mamoe.mirai.internal.deps.io.ktor.client.engine.okhttp.OkHttpEngineKt.access$convertToOkHttpRequest(OkHttpEngine.kt:1)
	at net.mamoe.mirai.internal.deps.io.ktor.client.engine.okhttp.OkHttpEngine.execute(OkHttpEngine.kt:72)
	at net.mamoe.mirai.internal.deps.io.ktor.client.engine.HttpClientEngine$executeWithinCallContext$2.invokeSuspend(HttpClientEngine.kt:99)
	at kotlin.coroutines.jvm.internal.BaseContinuationImpl.resumeWith(ContinuationImpl.kt:33)
	at kotlinx.coroutines.DispatchedTask.run(DispatchedTask.kt:106)
	at kotlinx.coroutines.internal.LimitedDispatcher.run(LimitedDispatcher.kt:42)
	at kotlinx.coroutines.scheduling.TaskImpl.run(Tasks.kt:95)
	at kotlinx.coroutines.scheduling.CoroutineScheduler.runSafely(CoroutineScheduler.kt:570)
	at kotlinx.coroutines.scheduling.CoroutineScheduler$Worker.executeTask(CoroutineScheduler.kt:750)
	at kotlinx.coroutines.scheduling.CoroutineScheduler$Worker.runWorker(CoroutineScheduler.kt:677)
	at kotlinx.coroutines.scheduling.CoroutineScheduler$Worker.run(CoroutineScheduler.kt:664)
Caused by: java.lang.ClassNotFoundException: okhttp3.Request$Builder
	at java.base/jdk.internal.loader.BuiltinClassLoader.loadClass(BuiltinClassLoader.java:583)
	at java.base/jdk.internal.loader.ClassLoaders$AppClassLoader.loadClass(ClassLoaders.java:178)
	at java.base/java.lang.ClassLoader.loadClass(ClassLoader.java:521)
	... 12 more
[0m
[0m2022-11-30 22:19:51 V/Net 2645691758: Send: wtlogin.exchange_emp(10:fast-login)[0m
[0m2022-11-30 22:19:52 V/Net 2645691758: Recv: wtlogin.exchange_emp[0m
[0m2022-11-30 22:19:52 V/Net 2645691758: Send: StatSvc.register(online)[0m
[92m2022-11-30 22:19:52 I/Net 2645691758: Server time updated, serverTime: 1669817992, diff: 0ms=0.0s[0m
[0m2022-11-30 22:19:52 V/Net 2645691758: Recv: StatSvc.register[0m
[0m2022-11-30 22:19:52 V/Net 2645691758: Loading BdhSession from cache file[0m
[92m2022-11-30 22:19:52 I/Net 2645691758: Syncing friend message history...[0m
[92m2022-11-30 22:19:52 I/Net 2645691758: Start loading friend list...[0m
[92m2022-11-30 22:19:52 I/Net 2645691758: Start loading stranger list...[0m
[0m2022-11-30 22:19:52 V/Net 2645691758: Send: StatSvc.GetDevLoginInfo(StatSvc.GetDevLoginInfo)[0m
[0m2022-11-30 22:19:52 V/Net 2645691758: Send: OidbSvc.0x496(OidbSvc.0x496)[0m
[0m2022-11-30 22:19:52 V/Net 2645691758: Send: OidbSvc.0x5d2_0(OidbSvc.0x5d2_0)[0m
[0m2022-11-30 22:19:52 V/Net 2645691758: Send: friendlist.getFriendGroupList(friendlist.getFriendGroupList)[0m
[0m2022-11-30 22:19:52 V/Net 2645691758: Recv: OidbSvc.0x5d2_0[0m
[92m2022-11-30 22:19:52 I/Net 2645691758: Successfully loaded stranger list: 0 in total[0m
[0m2022-11-30 22:19:52 V/Net 2645691758: Recv: OidbSvc.0x496[0m
[92m2022-11-30 22:19:52 I/Net 2645691758: Start loading group list...[0m
[0m2022-11-30 22:19:52 V/Net 2645691758: Send: friendlist.GetTroopListReqV2(friendlist.GetTroopListReqV2)[0m
[92m2022-11-30 22:19:52 I/Net 2645691758: Syncing friend message history: Success.[0m
[0m2022-11-30 22:19:52 V/Net 2645691758: Recv: StatSvc.GetDevLoginInfo[0m
[92m2022-11-30 22:19:52 I/Net 2645691758: No OtherClient online.[0m
[0m2022-11-30 22:19:52 V/Net 2645691758: Recv: friendlist.getFriendGroupList[0m
[0m2022-11-30 22:19:52 V/Net 2645691758: Loading friend list: 5/5[0m
[92m2022-11-30 22:19:52 I/Net 2645691758: Successfully loaded friend list: 5 in total[0m
[92m2022-11-30 22:19:52 I/Net 2645691758: Start loading friendGroup list...[0m
[0m2022-11-30 22:19:52 V/Net 2645691758: Send: friendlist.getFriendGroupList(friendlist.getFriendGroupList)[0m
[0m2022-11-30 22:19:52 V/Net 2645691758: Recv: friendlist.GetTroopListReqV2[0m
[0m2022-11-30 22:19:52 V/Net 2645691758: Send: friendlist.GetTroopMemberListReq(friendlist.GetTroopMemberListReq)[0m
[0m2022-11-30 22:19:52 V/Net 2645691758: Send: friendlist.GetTroopMemberListReq(friendlist.GetTroopMemberListReq)[0m
[0m2022-11-30 22:19:52 V/Net 2645691758: Send: friendlist.GetTroopMemberListReq(friendlist.GetTroopMemberListReq)[0m
[0m2022-11-30 22:19:52 V/Net 2645691758: Recv: friendlist.getFriendGroupList[0m
[0m2022-11-30 22:19:52 V/Net 2645691758: Loading friendGroup list: 1/1[0m
[92m2022-11-30 22:19:52 I/Net 2645691758: Successfully loaded friendGroup list: 1 in total[0m
[0m2022-11-30 22:19:52 V/Net 2645691758: Recv: friendlist.GetTroopMemberListReq[0m
[0m2022-11-30 22:19:52 V/Net 2645691758: Recv: friendlist.GetTroopMemberListReq[0m
[0m2022-11-30 22:19:52 V/Net 2645691758: Recv: friendlist.GetTroopMemberListReq[0m
[0m2022-11-30 22:19:52 V/Net 2645691758: Send: friendlist.GetTroopMemberListReq(friendlist.GetTroopMemberListReq)[0m
[0m2022-11-30 22:19:53 V/Net 2645691758: Recv: friendlist.GetTroopMemberListReq[0m
[0m2022-11-30 22:19:53 V/Net 2645691758: Send: friendlist.GetTroopMemberListReq(friendlist.GetTroopMemberListReq)[0m
[0m2022-11-30 22:19:53 V/Net 2645691758: Recv: friendlist.GetTroopMemberListReq[0m
[0m2022-11-30 22:19:53 V/Net 2645691758: Send: friendlist.GetTroopMemberListReq(friendlist.GetTroopMemberListReq)[0m
[0m2022-11-30 22:19:53 V/Net 2645691758: Recv: friendlist.GetTroopMemberListReq[0m
[0m2022-11-30 22:19:53 V/Net 2645691758: Send: friendlist.GetTroopMemberListReq(friendlist.GetTroopMemberListReq)[0m
[0m2022-11-30 22:19:53 V/Net 2645691758: Recv: friendlist.GetTroopMemberListReq[0m
[0m2022-11-30 22:19:53 V/Net 2645691758: Send: friendlist.GetTroopMemberListReq(friendlist.GetTroopMemberListReq)[0m
[0m2022-11-30 22:19:53 V/Net 2645691758: Recv: friendlist.GetTroopMemberListReq[0m
[92m2022-11-30 22:19:53 I/Net 2645691758: Successfully loaded group list: 3 in total.[0m
[92m2022-11-30 22:19:53 I/Net 2645691758: Scheduled refresh login session in 19d 23h 55min 0.0s.[0m
[92m2022-11-30 22:19:53 I/Net 2645691758: Scheduled key refresh in 23h 55min 0.0s.[0m
[0m2022-11-30 22:19:55 V/Net 2645691758: Saving bdh session to cache[0m
[0m2022-11-30 22:19:55 V/Net 2645691758: Send: ConfigPushSvc.PushResp(ConfigPushSvc.PushResp)[0m
[0m2022-11-30 22:19:55 V/Net 2645691758: Recv: ConfigPushSvc.PushReq[0m
[0m2022-11-30 22:20:01 V/Net 2645691758: Send: StatSvc.register(offline)[0m
