[0m2022-12-05 17:43:17 V/Net 2645691758: Loading server list from cache.[0m
[0m2022-12-05 17:43:17 V/Net 2645691758: Server list: 123.151.54.180:443, 183.47.102.213:14000, msfwifi.3g.qq.com:8080, 42.81.194.99:80, 42.81.192.185:443, 180.102.191.69:8080, 183.47.101.173:80, 180.102.191.164:8080, 117.62.243.156:80, 183.47.117.200:8080.[0m
[92m2022-12-05 17:43:17 I/Net 2645691758: ECDH key is invalid, start to fetch ecdh public key from server.[0m
[31m2022-12-05 17:43:17 E/Net 2645691758: Failed to fetch ECDH public key from server, using default key instead
java.lang.NoClassDefFoundError: okhttp3/Request$Builder
	at net.mamoe.mirai.internal.deps.io.ktor.client.engine.okhttp.OkHttpEngineKt.convertToOkHttpRequest(OkHttpEngine.kt:183)
	at net.mamoe.mirai.internal.deps.io.ktor.client.engine.okhttp.OkHttpEngineKt.access$convertToOkHttpRequest(OkHttpEngine.kt:1)
	at net.mamoe.mirai.internal.deps.io.ktor.client.engine.okhttp.OkHttpEngine.execute(OkHttpEngine.kt:72)
	at net.mamoe.mirai.internal.deps.io.ktor.client.engine.HttpClientEngine$executeWithinCallContext$2.invokeSuspend(HttpClientEngine.kt:99)
	at kotlin.coroutines.jvm.internal.BaseContinuationImpl.resumeWith(ContinuationImpl.kt:33)
	at kotlinx.coroutines.DispatchedTask.run(DispatchedTask.kt:106)
	at kotlinx.coroutines.internal.LimitedDispatcher.run(LimitedDispatcher.kt:42)
	at kotlinx.coroutines.scheduling.TaskImpl.run(Tasks.kt:95)
	at kotlinx.coroutines.scheduling.CoroutineScheduler.runSafely(CoroutineScheduler.kt:570)
	at kotlinx.coroutines.scheduling.CoroutineScheduler$Worker.executeTask(CoroutineScheduler.kt:750)
	at kotlinx.coroutines.scheduling.CoroutineScheduler$Worker.runWorker(CoroutineScheduler.kt:677)
	at kotlinx.coroutines.scheduling.CoroutineScheduler$Worker.run(CoroutineScheduler.kt:664)
Caused by: java.lang.ClassNotFoundException: okhttp3.Request$Builder
	at java.base/jdk.internal.loader.BuiltinClassLoader.loadClass(BuiltinClassLoader.java:583)
	at java.base/jdk.internal.loader.ClassLoaders$AppClassLoader.loadClass(ClassLoaders.java:178)
	at java.base/java.lang.ClassLoader.loadClass(ClassLoader.java:521)
	... 12 more
[0m
[0m2022-12-05 17:43:17 V/Net 2645691758: Send: wtlogin.exchange_emp(10:fast-login)[0m
[0m2022-12-05 17:43:18 V/Net 2645691758: Recv: wtlogin.exchange_emp[0m
[0m2022-12-05 17:43:18 V/Net 2645691758: Send: StatSvc.register(online)[0m
[92m2022-12-05 17:43:18 I/Net 2645691758: Server time updated, serverTime: 1670233398, diff: 0ms=0.0s[0m
[0m2022-12-05 17:43:18 V/Net 2645691758: Recv: StatSvc.register[0m
[0m2022-12-05 17:43:18 V/Net 2645691758: Loading BdhSession from cache file[0m
[92m2022-12-05 17:43:18 I/Net 2645691758: Syncing friend message history...[0m
[92m2022-12-05 17:43:18 I/Net 2645691758: Start loading friend list...[0m
[92m2022-12-05 17:43:18 I/Net 2645691758: Start loading stranger list...[0m
[0m2022-12-05 17:43:18 V/Net 2645691758: Send: StatSvc.GetDevLoginInfo(StatSvc.GetDevLoginInfo)[0m
[0m2022-12-05 17:43:18 V/Net 2645691758: Send: OidbSvc.0x496(OidbSvc.0x496)[0m
[0m2022-12-05 17:43:18 V/Net 2645691758: Send: friendlist.getFriendGroupList(friendlist.getFriendGroupList)[0m
[0m2022-12-05 17:43:18 V/Net 2645691758: Send: OidbSvc.0x5d2_0(OidbSvc.0x5d2_0)[0m
[0m2022-12-05 17:43:18 V/Net 2645691758: Recv: OidbSvc.0x496[0m
[92m2022-12-05 17:43:18 I/Net 2645691758: Start loading group list...[0m
[0m2022-12-05 17:43:18 V/Net 2645691758: Send: friendlist.GetTroopListReqV2(friendlist.GetTroopListReqV2)[0m
[92m2022-12-05 17:43:18 I/Net 2645691758: Successfully loaded stranger list: 0 in total[0m
[0m2022-12-05 17:43:18 V/Net 2645691758: Recv: OidbSvc.0x5d2_0[0m
[0m2022-12-05 17:43:18 V/Net 2645691758: Recv: StatSvc.GetDevLoginInfo[0m
[92m2022-12-05 17:43:18 I/Net 2645691758: No OtherClient online.[0m
[0m2022-12-05 17:43:18 V/Net 2645691758: Send: friendlist.GetTroopListReqV2(friendlist.GetTroopListReqV2)[0m
[0m2022-12-05 17:43:18 V/Net 2645691758: Recv: friendlist.getFriendGroupList[0m
[0m2022-12-05 17:43:18 V/Net 2645691758: Loading friend list: 5/5[0m
[92m2022-12-05 17:43:18 I/Net 2645691758: Successfully loaded friend list: 5 in total[0m
[92m2022-12-05 17:43:18 I/Net 2645691758: Start loading friendGroup list...[0m
[0m2022-12-05 17:43:18 V/Net 2645691758: Send: friendlist.getFriendGroupList(friendlist.getFriendGroupList)[0m
[0m2022-12-05 17:43:18 V/Net 2645691758: Recv: friendlist.GetTroopListReqV2[0m
[0m2022-12-05 17:43:18 V/Net 2645691758: Send: friendlist.GetTroopMemberListReq(friendlist.GetTroopMemberListReq)[0m
[0m2022-12-05 17:43:18 V/Net 2645691758: Send: friendlist.GetTroopMemberListReq(friendlist.GetTroopMemberListReq)[0m
[0m2022-12-05 17:43:18 V/Net 2645691758: Send: friendlist.GetTroopMemberListReq(friendlist.GetTroopMemberListReq)[0m
[0m2022-12-05 17:43:18 V/Net 2645691758: Recv: friendlist.GetTroopListReqV2[0m
[0m2022-12-05 17:43:18 V/Net 2645691758: Send: friendlist.GetTroopMemberListReq(friendlist.GetTroopMemberListReq)[0m
[0m2022-12-05 17:43:18 V/Net 2645691758: Recv: friendlist.getFriendGroupList[0m
[0m2022-12-05 17:43:18 V/Net 2645691758: Loading friendGroup list: 1/1[0m
[92m2022-12-05 17:43:18 I/Net 2645691758: Successfully loaded friendGroup list: 1 in total[0m
[0m2022-12-05 17:43:18 V/Net 2645691758: Recv: friendlist.GetTroopMemberListReq[0m
[0m2022-12-05 17:43:18 V/Net 2645691758: Recv: friendlist.GetTroopMemberListReq[0m
[92m2022-12-05 17:43:18 I/Net 2645691758: Syncing friend message history: Success.[0m
[0m2022-12-05 17:43:18 V/Net 2645691758: Recv: friendlist.GetTroopMemberListReq[0m
[0m2022-12-05 17:43:18 V/Net 2645691758: Recv: friendlist.GetTroopMemberListReq[0m
[0m2022-12-05 17:43:18 V/Net 2645691758: Send: friendlist.GetTroopMemberListReq(friendlist.GetTroopMemberListReq)[0m
[0m2022-12-05 17:43:18 V/Net 2645691758: Recv: friendlist.GetTroopMemberListReq[0m
[0m2022-12-05 17:43:18 V/Net 2645691758: Send: friendlist.GetTroopMemberListReq(friendlist.GetTroopMemberListReq)[0m
[0m2022-12-05 17:43:19 V/Net 2645691758: Recv: friendlist.GetTroopMemberListReq[0m
[0m2022-12-05 17:43:19 V/Net 2645691758: Send: friendlist.GetTroopMemberListReq(friendlist.GetTroopMemberListReq)[0m
[0m2022-12-05 17:43:19 V/Net 2645691758: Recv: friendlist.GetTroopMemberListReq[0m
[0m2022-12-05 17:43:19 V/Net 2645691758: Send: friendlist.GetTroopMemberListReq(friendlist.GetTroopMemberListReq)[0m
[0m2022-12-05 17:43:19 V/Net 2645691758: Recv: friendlist.GetTroopMemberListReq[0m
[0m2022-12-05 17:43:19 V/Net 2645691758: Send: friendlist.GetTroopMemberListReq(friendlist.GetTroopMemberListReq)[0m
[0m2022-12-05 17:43:19 V/Net 2645691758: Recv: friendlist.GetTroopMemberListReq[0m
[92m2022-12-05 17:43:19 I/Net 2645691758: Successfully loaded group list: 3 in total.[0m
[92m2022-12-05 17:43:19 I/Net 2645691758: Scheduled refresh login session in 19d 23h 55min 0.0s.[0m
[92m2022-12-05 17:43:19 I/Net 2645691758: Scheduled key refresh in 23h 55min 0.0s.[0m
[0m2022-12-05 17:43:21 V/Net 2645691758: Saving bdh session to cache[0m
[0m2022-12-05 17:43:21 V/Net 2645691758: Send: ConfigPushSvc.PushResp(ConfigPushSvc.PushResp)[0m
[0m2022-12-05 17:43:21 V/Net 2645691758: Recv: ConfigPushSvc.PushReq[0m
[0m2022-12-05 17:43:23 V/Net 2645691758: Send: StatSvc.register(offline)[0m
[0m2022-12-05 17:43:45 V/Net 2645691758: Loading server list from cache.[0m
[0m2022-12-05 17:43:45 V/Net 2645691758: Server list: 123.151.54.180:443, 183.47.102.213:14000, msfwifi.3g.qq.com:8080, 42.81.194.99:80, 42.81.192.185:443, 180.102.191.69:8080, 183.47.101.173:80, 180.102.191.164:8080, 117.62.243.156:80, 183.47.117.200:8080.[0m
[92m2022-12-05 17:43:45 I/Net 2645691758: ECDH key is invalid, start to fetch ecdh public key from server.[0m
[31m2022-12-05 17:43:45 E/Net 2645691758: Failed to fetch ECDH public key from server, using default key instead
java.lang.NoClassDefFoundError: okhttp3/Request$Builder
	at net.mamoe.mirai.internal.deps.io.ktor.client.engine.okhttp.OkHttpEngineKt.convertToOkHttpRequest(OkHttpEngine.kt:183)
	at net.mamoe.mirai.internal.deps.io.ktor.client.engine.okhttp.OkHttpEngineKt.access$convertToOkHttpRequest(OkHttpEngine.kt:1)
	at net.mamoe.mirai.internal.deps.io.ktor.client.engine.okhttp.OkHttpEngine.execute(OkHttpEngine.kt:72)
	at net.mamoe.mirai.internal.deps.io.ktor.client.engine.HttpClientEngine$executeWithinCallContext$2.invokeSuspend(HttpClientEngine.kt:99)
	at kotlin.coroutines.jvm.internal.BaseContinuationImpl.resumeWith(ContinuationImpl.kt:33)
	at kotlinx.coroutines.DispatchedTask.run(DispatchedTask.kt:106)
	at kotlinx.coroutines.internal.LimitedDispatcher.run(LimitedDispatcher.kt:42)
	at kotlinx.coroutines.scheduling.TaskImpl.run(Tasks.kt:95)
	at kotlinx.coroutines.scheduling.CoroutineScheduler.runSafely(CoroutineScheduler.kt:570)
	at kotlinx.coroutines.scheduling.CoroutineScheduler$Worker.executeTask(CoroutineScheduler.kt:750)
	at kotlinx.coroutines.scheduling.CoroutineScheduler$Worker.runWorker(CoroutineScheduler.kt:677)
	at kotlinx.coroutines.scheduling.CoroutineScheduler$Worker.run(CoroutineScheduler.kt:664)
Caused by: java.lang.ClassNotFoundException: okhttp3.Request$Builder
	at java.base/jdk.internal.loader.BuiltinClassLoader.loadClass(BuiltinClassLoader.java:583)
	at java.base/jdk.internal.loader.ClassLoaders$AppClassLoader.loadClass(ClassLoaders.java:178)
	at java.base/java.lang.ClassLoader.loadClass(ClassLoader.java:521)
	... 12 more
[0m
[0m2022-12-05 17:43:45 V/Net 2645691758: Send: wtlogin.exchange_emp(10:fast-login)[0m
[0m2022-12-05 17:43:46 V/Net 2645691758: Recv: wtlogin.exchange_emp[0m
[0m2022-12-05 17:43:46 V/Net 2645691758: Send: StatSvc.register(online)[0m
[92m2022-12-05 17:43:46 I/Net 2645691758: Server time updated, serverTime: 1670233426, diff: 0ms=0.0s[0m
[0m2022-12-05 17:43:46 V/Net 2645691758: Recv: StatSvc.register[0m
[0m2022-12-05 17:43:46 V/Net 2645691758: Loading BdhSession from cache file[0m
[92m2022-12-05 17:43:46 I/Net 2645691758: Syncing friend message history...[0m
[92m2022-12-05 17:43:46 I/Net 2645691758: Start loading friend list...[0m
[92m2022-12-05 17:43:46 I/Net 2645691758: Start loading stranger list...[0m
[0m2022-12-05 17:43:46 V/Net 2645691758: Send: StatSvc.GetDevLoginInfo(StatSvc.GetDevLoginInfo)[0m
[0m2022-12-05 17:43:46 V/Net 2645691758: Send: OidbSvc.0x496(OidbSvc.0x496)[0m
[0m2022-12-05 17:43:46 V/Net 2645691758: Send: OidbSvc.0x5d2_0(OidbSvc.0x5d2_0)[0m
[0m2022-12-05 17:43:46 V/Net 2645691758: Send: friendlist.getFriendGroupList(friendlist.getFriendGroupList)[0m
[0m2022-12-05 17:43:46 V/Net 2645691758: Recv: OidbSvc.0x496[0m
[92m2022-12-05 17:43:46 I/Net 2645691758: Start loading group list...[0m
[0m2022-12-05 17:43:46 V/Net 2645691758: Send: friendlist.GetTroopListReqV2(friendlist.GetTroopListReqV2)[0m
[0m2022-12-05 17:43:46 V/Net 2645691758: Recv: OidbSvc.0x5d2_0[0m
[92m2022-12-05 17:43:46 I/Net 2645691758: Successfully loaded stranger list: 0 in total[0m
[0m2022-12-05 17:43:46 V/Net 2645691758: Recv: StatSvc.GetDevLoginInfo[0m
[92m2022-12-05 17:43:46 I/Net 2645691758: No OtherClient online.[0m
[92m2022-12-05 17:43:46 I/Net 2645691758: Syncing friend message history: Success.[0m
[0m2022-12-05 17:43:46 V/Net 2645691758: Recv: friendlist.getFriendGroupList[0m
[0m2022-12-05 17:43:46 V/Net 2645691758: Loading friend list: 5/5[0m
[92m2022-12-05 17:43:46 I/Net 2645691758: Successfully loaded friend list: 5 in total[0m
[92m2022-12-05 17:43:46 I/Net 2645691758: Start loading friendGroup list...[0m
[0m2022-12-05 17:43:46 V/Net 2645691758: Send: friendlist.getFriendGroupList(friendlist.getFriendGroupList)[0m
[0m2022-12-05 17:43:46 V/Net 2645691758: Recv: friendlist.GetTroopListReqV2[0m
[0m2022-12-05 17:43:46 V/Net 2645691758: Send: friendlist.GetTroopMemberListReq(friendlist.GetTroopMemberListReq)[0m
[0m2022-12-05 17:43:46 V/Net 2645691758: Send: friendlist.GetTroopMemberListReq(friendlist.GetTroopMemberListReq)[0m
[0m2022-12-05 17:43:46 V/Net 2645691758: Send: friendlist.GetTroopMemberListReq(friendlist.GetTroopMemberListReq)[0m
[0m2022-12-05 17:43:46 V/Net 2645691758: Recv: friendlist.getFriendGroupList[0m
[0m2022-12-05 17:43:46 V/Net 2645691758: Loading friendGroup list: 1/1[0m
[92m2022-12-05 17:43:46 I/Net 2645691758: Successfully loaded friendGroup list: 1 in total[0m
[0m2022-12-05 17:43:46 V/Net 2645691758: Recv: friendlist.GetTroopMemberListReq[0m
[0m2022-12-05 17:43:46 V/Net 2645691758: Recv: friendlist.GetTroopMemberListReq[0m
[0m2022-12-05 17:43:46 V/Net 2645691758: Send: friendlist.GetTroopMemberListReq(friendlist.GetTroopMemberListReq)[0m
[0m2022-12-05 17:43:46 V/Net 2645691758: Recv: friendlist.GetTroopMemberListReq[0m
[0m2022-12-05 17:43:46 V/Net 2645691758: Recv: friendlist.GetTroopMemberListReq[0m
[0m2022-12-05 17:43:46 V/Net 2645691758: Send: friendlist.GetTroopMemberListReq(friendlist.GetTroopMemberListReq)[0m
[0m2022-12-05 17:43:46 V/Net 2645691758: Recv: friendlist.GetTroopMemberListReq[0m
[0m2022-12-05 17:43:46 V/Net 2645691758: Send: friendlist.GetTroopMemberListReq(friendlist.GetTroopMemberListReq)[0m
[0m2022-12-05 17:43:47 V/Net 2645691758: Recv: friendlist.GetTroopMemberListReq[0m
[0m2022-12-05 17:43:47 V/Net 2645691758: Send: friendlist.GetTroopMemberListReq(friendlist.GetTroopMemberListReq)[0m
[0m2022-12-05 17:43:47 V/Net 2645691758: Recv: friendlist.GetTroopMemberListReq[0m
[0m2022-12-05 17:43:47 V/Net 2645691758: Send: friendlist.GetTroopMemberListReq(friendlist.GetTroopMemberListReq)[0m
[0m2022-12-05 17:43:47 V/Net 2645691758: Recv: friendlist.GetTroopMemberListReq[0m
[92m2022-12-05 17:43:47 I/Net 2645691758: Successfully loaded group list: 3 in total.[0m
[92m2022-12-05 17:43:47 I/Net 2645691758: Scheduled refresh login session in 19d 23h 55min 0.0s.[0m
[92m2022-12-05 17:43:47 I/Net 2645691758: Scheduled key refresh in 23h 55min 0.0s.[0m
[0m2022-12-05 17:43:49 V/Net 2645691758: Saving bdh session to cache[0m
[0m2022-12-05 17:43:49 V/Net 2645691758: Send: ConfigPushSvc.PushResp(ConfigPushSvc.PushResp)[0m
[0m2022-12-05 17:43:49 V/Net 2645691758: Recv: ConfigPushSvc.PushReq[0m
[0m2022-12-05 17:44:14 V/Net 2645691758: Recv: OnlinePush.PbPushTransMsg[0m
[0m2022-12-05 17:59:34 V/Net 2645691758: Send: StatSvc.GetDevLoginInfo(StatSvc.GetDevLoginInfo)[0m
[0m2022-12-05 17:59:34 V/Net 2645691758: Recv: StatSvc.GetDevLoginInfo[0m
[0m2022-12-05 17:59:34 V/Net 2645691758: Recv: StatSvc.SvcReqMSFLoginNotify[0m
[0m2022-12-05 18:00:30 V/Net 2645691758: Recv: StatSvc.SvcReqMSFLoginNotify[0m
[0m2022-12-05 18:32:45 V/Net 2645691758: Send: StatSvc.register(offline)[0m
[0m2022-12-05 19:49:04 V/Net 2645691758: Loading server list from cache.[0m
[0m2022-12-05 19:49:04 V/Net 2645691758: Server list: 123.151.54.180:443, 183.47.102.213:14000, msfwifi.3g.qq.com:8080, 42.81.194.99:80, 42.81.192.185:443, 180.102.191.69:8080, 183.47.101.173:80, 180.102.191.164:8080, 117.62.243.156:80, 183.47.117.200:8080.[0m
[92m2022-12-05 19:49:05 I/Net 2645691758: ECDH key is invalid, start to fetch ecdh public key from server.[0m
[31m2022-12-05 19:49:05 E/Net 2645691758: Failed to fetch ECDH public key from server, using default key instead
java.lang.NoClassDefFoundError: okhttp3/Request$Builder
	at net.mamoe.mirai.internal.deps.io.ktor.client.engine.okhttp.OkHttpEngineKt.convertToOkHttpRequest(OkHttpEngine.kt:183)
	at net.mamoe.mirai.internal.deps.io.ktor.client.engine.okhttp.OkHttpEngineKt.access$convertToOkHttpRequest(OkHttpEngine.kt:1)
	at net.mamoe.mirai.internal.deps.io.ktor.client.engine.okhttp.OkHttpEngine.execute(OkHttpEngine.kt:72)
	at net.mamoe.mirai.internal.deps.io.ktor.client.engine.HttpClientEngine$executeWithinCallContext$2.invokeSuspend(HttpClientEngine.kt:99)
	at kotlin.coroutines.jvm.internal.BaseContinuationImpl.resumeWith(ContinuationImpl.kt:33)
	at kotlinx.coroutines.DispatchedTask.run(DispatchedTask.kt:106)
	at kotlinx.coroutines.internal.LimitedDispatcher.run(LimitedDispatcher.kt:42)
	at kotlinx.coroutines.scheduling.TaskImpl.run(Tasks.kt:95)
	at kotlinx.coroutines.scheduling.CoroutineScheduler.runSafely(CoroutineScheduler.kt:570)
	at kotlinx.coroutines.scheduling.CoroutineScheduler$Worker.executeTask(CoroutineScheduler.kt:750)
	at kotlinx.coroutines.scheduling.CoroutineScheduler$Worker.runWorker(CoroutineScheduler.kt:677)
	at kotlinx.coroutines.scheduling.CoroutineScheduler$Worker.run(CoroutineScheduler.kt:664)
Caused by: java.lang.ClassNotFoundException: okhttp3.Request$Builder
	at java.base/jdk.internal.loader.BuiltinClassLoader.loadClass(BuiltinClassLoader.java:583)
	at java.base/jdk.internal.loader.ClassLoaders$AppClassLoader.loadClass(ClassLoaders.java:178)
	at java.base/java.lang.ClassLoader.loadClass(ClassLoader.java:521)
	... 12 more
[0m
[0m2022-12-05 19:49:05 V/Net 2645691758: Send: wtlogin.exchange_emp(10:fast-login)[0m
[0m2022-12-05 19:49:05 V/Net 2645691758: Recv: wtlogin.exchange_emp[0m
[0m2022-12-05 19:49:05 V/Net 2645691758: Send: StatSvc.register(online)[0m
[92m2022-12-05 19:49:05 I/Net 2645691758: Server time updated, serverTime: 1670240945, diff: 0ms=0.0s[0m
[0m2022-12-05 19:49:05 V/Net 2645691758: Recv: StatSvc.register[0m
[0m2022-12-05 19:49:05 V/Net 2645691758: Loading BdhSession from cache file[0m
[92m2022-12-05 19:49:05 I/Net 2645691758: Syncing friend message history...[0m
[92m2022-12-05 19:49:05 I/Net 2645691758: Start loading friend list...[0m
[92m2022-12-05 19:49:05 I/Net 2645691758: Start loading stranger list...[0m
[0m2022-12-05 19:49:05 V/Net 2645691758: Send: StatSvc.GetDevLoginInfo(StatSvc.GetDevLoginInfo)[0m
[0m2022-12-05 19:49:05 V/Net 2645691758: Send: OidbSvc.0x496(OidbSvc.0x496)[0m
[0m2022-12-05 19:49:05 V/Net 2645691758: Send: OidbSvc.0x5d2_0(OidbSvc.0x5d2_0)[0m
[0m2022-12-05 19:49:05 V/Net 2645691758: Send: friendlist.getFriendGroupList(friendlist.getFriendGroupList)[0m
[0m2022-12-05 19:49:05 V/Net 2645691758: Recv: OidbSvc.0x5d2_0[0m
[92m2022-12-05 19:49:05 I/Net 2645691758: Successfully loaded stranger list: 0 in total[0m
[0m2022-12-05 19:49:05 V/Net 2645691758: Recv: StatSvc.GetDevLoginInfo[0m
[92m2022-12-05 19:49:05 I/Net 2645691758: No OtherClient online.[0m
[0m2022-12-05 19:49:05 V/Net 2645691758: Recv: OidbSvc.0x496[0m
[92m2022-12-05 19:49:05 I/Net 2645691758: Start loading group list...[0m
[0m2022-12-05 19:49:05 V/Net 2645691758: Send: friendlist.GetTroopListReqV2(friendlist.GetTroopListReqV2)[0m
[92m2022-12-05 19:49:05 I/Net 2645691758: Syncing friend message history: Success.[0m
[0m2022-12-05 19:49:05 V/Net 2645691758: Recv: friendlist.getFriendGroupList[0m
[0m2022-12-05 19:49:05 V/Net 2645691758: Loading friend list: 5/5[0m
[92m2022-12-05 19:49:05 I/Net 2645691758: Successfully loaded friend list: 5 in total[0m
[92m2022-12-05 19:49:05 I/Net 2645691758: Start loading friendGroup list...[0m
[0m2022-12-05 19:49:05 V/Net 2645691758: Send: friendlist.getFriendGroupList(friendlist.getFriendGroupList)[0m
[0m2022-12-05 19:49:05 V/Net 2645691758: Recv: friendlist.GetTroopListReqV2[0m
[0m2022-12-05 19:49:05 V/Net 2645691758: Send: friendlist.GetTroopMemberListReq(friendlist.GetTroopMemberListReq)[0m
[0m2022-12-05 19:49:05 V/Net 2645691758: Send: friendlist.GetTroopMemberListReq(friendlist.GetTroopMemberListReq)[0m
[0m2022-12-05 19:49:05 V/Net 2645691758: Send: friendlist.GetTroopMemberListReq(friendlist.GetTroopMemberListReq)[0m
[0m2022-12-05 19:49:05 V/Net 2645691758: Recv: friendlist.getFriendGroupList[0m
[0m2022-12-05 19:49:05 V/Net 2645691758: Loading friendGroup list: 1/1[0m
[92m2022-12-05 19:49:05 I/Net 2645691758: Successfully loaded friendGroup list: 1 in total[0m
[0m2022-12-05 19:49:06 V/Net 2645691758: Recv: friendlist.GetTroopMemberListReq[0m
[0m2022-12-05 19:49:06 V/Net 2645691758: Recv: friendlist.GetTroopMemberListReq[0m
[0m2022-12-05 19:49:06 V/Net 2645691758: Recv: friendlist.GetTroopMemberListReq[0m
[0m2022-12-05 19:49:06 V/Net 2645691758: Send: friendlist.GetTroopMemberListReq(friendlist.GetTroopMemberListReq)[0m
[0m2022-12-05 19:49:06 V/Net 2645691758: Recv: friendlist.GetTroopMemberListReq[0m
[0m2022-12-05 19:49:06 V/Net 2645691758: Send: friendlist.GetTroopMemberListReq(friendlist.GetTroopMemberListReq)[0m
[0m2022-12-05 19:49:06 V/Net 2645691758: Recv: friendlist.GetTroopMemberListReq[0m
[0m2022-12-05 19:49:06 V/Net 2645691758: Send: friendlist.GetTroopMemberListReq(friendlist.GetTroopMemberListReq)[0m
[0m2022-12-05 19:49:06 V/Net 2645691758: Recv: friendlist.GetTroopMemberListReq[0m
[0m2022-12-05 19:49:06 V/Net 2645691758: Send: friendlist.GetTroopMemberListReq(friendlist.GetTroopMemberListReq)[0m
[0m2022-12-05 19:49:06 V/Net 2645691758: Recv: friendlist.GetTroopMemberListReq[0m
[0m2022-12-05 19:49:06 V/Net 2645691758: Send: friendlist.GetTroopMemberListReq(friendlist.GetTroopMemberListReq)[0m
[0m2022-12-05 19:49:07 V/Net 2645691758: Recv: friendlist.GetTroopMemberListReq[0m
[92m2022-12-05 19:49:07 I/Net 2645691758: Successfully loaded group list: 3 in total.[0m
[92m2022-12-05 19:49:07 I/Net 2645691758: Scheduled refresh login session in 19d 23h 55min 0.0s.[0m
[92m2022-12-05 19:49:07 I/Net 2645691758: Scheduled key refresh in 23h 55min 0.0s.[0m
[0m2022-12-05 19:49:08 V/Net 2645691758: Saving bdh session to cache[0m
[0m2022-12-05 19:49:08 V/Net 2645691758: Send: ConfigPushSvc.PushResp(ConfigPushSvc.PushResp)[0m
[0m2022-12-05 19:49:08 V/Net 2645691758: Recv: ConfigPushSvc.PushReq[0m
[0m2022-12-05 19:49:20 V/Net 2645691758: Recv: OnlinePush.PbPushTransMsg[0m
[0m2022-12-05 19:49:20 V/Net 2645691758: Send: SummaryCard.ReqSummaryCard(SummaryCard.ReqSummaryCard)[0m
[0m2022-12-05 19:49:20 V/Net 2645691758: Recv: SummaryCard.ReqSummaryCard[0m
[0m2022-12-05 19:49:20 V/Net 2645691758: Send: SummaryCard.ReqSummaryCard(SummaryCard.ReqSummaryCard)[0m
[0m2022-12-05 19:49:20 V/Net 2645691758: Recv: SummaryCard.ReqSummaryCard[0m
[0m2022-12-05 19:49:20 V/Net 2645691758: Send: SummaryCard.ReqSummaryCard(SummaryCard.ReqSummaryCard)[0m
[0m2022-12-05 19:49:20 V/Net 2645691758: Recv: SummaryCard.ReqSummaryCard[0m
[0m2022-12-05 19:49:20 V/Net 2645691758: Send: SummaryCard.ReqSummaryCard(SummaryCard.ReqSummaryCard)[0m
[0m2022-12-05 19:49:20 V/Net 2645691758: Recv: SummaryCard.ReqSummaryCard[0m
[0m2022-12-05 19:49:20 V/Net 2645691758: Send: SummaryCard.ReqSummaryCard(SummaryCard.ReqSummaryCard)[0m
[0m2022-12-05 19:49:21 V/Net 2645691758: Recv: SummaryCard.ReqSummaryCard[0m
[0m2022-12-05 19:49:42 V/Net 2645691758: Send: StatSvc.GetDevLoginInfo(StatSvc.GetDevLoginInfo)[0m
[0m2022-12-05 19:49:42 V/Net 2645691758: Recv: StatSvc.GetDevLoginInfo[0m
[0m2022-12-05 19:49:42 V/Net 2645691758: Recv: StatSvc.SvcReqMSFLoginNotify[0m
[96m2022-12-05 20:12:45 D/Net 2645691758: Unknown Transformers528 0x14 template
templId=10191
PermList=[TemplParam#1177216074 {
            name=target_qq
            value=774915366
    }, TemplParam#1177216074 {
            name=nor_text
            value=是你可能想认识的人，
    }, TemplParam#1177216074 {
            name=jump
            value=mqqapi://group/graytip_addfriend?src_type=app&amp;version=1.0&amp;uin=774915366&amp;troop_uin=3934200858&amp;troop_code=444200858&amp;strategy_id=3
    }][0m
[0m2022-12-05 23:53:31 V/Net 2645691758: Recv: OnlinePush.PbPushTransMsg[0m
[0m2022-12-05 23:53:31 V/Net 2645691758: Send: SummaryCard.ReqSummaryCard(SummaryCard.ReqSummaryCard)[0m
[0m2022-12-05 23:53:32 V/Net 2645691758: Recv: SummaryCard.ReqSummaryCard[0m
[0m2022-12-05 23:53:32 V/Net 2645691758: Send: SummaryCard.ReqSummaryCard(SummaryCard.ReqSummaryCard)[0m
[0m2022-12-05 23:53:32 V/Net 2645691758: Recv: SummaryCard.ReqSummaryCard[0m
[0m2022-12-05 23:53:32 V/Net 2645691758: Send: SummaryCard.ReqSummaryCard(SummaryCard.ReqSummaryCard)[0m
[0m2022-12-05 23:53:32 V/Net 2645691758: Recv: SummaryCard.ReqSummaryCard[0m
[0m2022-12-05 23:53:32 V/Net 2645691758: Send: SummaryCard.ReqSummaryCard(SummaryCard.ReqSummaryCard)[0m
[0m2022-12-05 23:53:32 V/Net 2645691758: Recv: SummaryCard.ReqSummaryCard[0m
[0m2022-12-05 23:53:32 V/Net 2645691758: Send: SummaryCard.ReqSummaryCard(SummaryCard.ReqSummaryCard)[0m
[0m2022-12-05 23:53:32 V/Net 2645691758: Recv: SummaryCard.ReqSummaryCard[0m
